<?xml version="1.0" encoding="UTF-8"?>
<testsuites>
  <testsuite name="" tests="1556" assertions="8018" failures="10" errors="0" time="135.670993">
    <testsuite name="Tests_Actions" file="/Users/nacin/Sites/develop.svn.wordpress.org/tests/tests/actions.php" fullPackage="Tests" tests="13" assertions="42" failures="0" errors="0" time="1.266563">
      <testcase name="test_simple_action" class="Tests_Actions" file="/Users/nacin/Sites/develop.svn.wordpress.org/tests/tests/actions.php" line="10" assertions="3" time="0.020172"/>
      <testcase name="test_remove_action" class="Tests_Actions" file="/Users/nacin/Sites/develop.svn.wordpress.org/tests/tests/actions.php" line="26" assertions="4" time="0.002018"/>
      <testcase name="test_has_action" class="Tests_Actions" file="/Users/nacin/Sites/develop.svn.wordpress.org/tests/tests/actions.php" line="45" assertions="6" time="0.002998"/>
      <testcase name="test_multiple_actions" class="Tests_Actions" file="/Users/nacin/Sites/develop.svn.wordpress.org/tests/tests/actions.php" line="60" assertions="2" time="0.002287"/>
      <testcase name="test_action_args_1" class="Tests_Actions" file="/Users/nacin/Sites/develop.svn.wordpress.org/tests/tests/actions.php" line="76" assertions="2" time="0.002582"/>
      <testcase name="test_action_args_2" class="Tests_Actions" file="/Users/nacin/Sites/develop.svn.wordpress.org/tests/tests/actions.php" line="89" assertions="4" time="0.002571"/>
      <testcase name="test_action_priority" class="Tests_Actions" file="/Users/nacin/Sites/develop.svn.wordpress.org/tests/tests/actions.php" line="111" assertions="2" time="0.003104"/>
      <testcase name="test_did_action" class="Tests_Actions" file="/Users/nacin/Sites/develop.svn.wordpress.org/tests/tests/actions.php" line="140" assertions="4" time="0.001997"/>
      <testcase name="test_all_action" class="Tests_Actions" file="/Users/nacin/Sites/develop.svn.wordpress.org/tests/tests/actions.php" line="160" assertions="4" time="0.002590"/>
      <testcase name="test_remove_all_action" class="Tests_Actions" file="/Users/nacin/Sites/develop.svn.wordpress.org/tests/tests/actions.php" line="184" assertions="6" time="0.002700"/>
      <testcase name="test_action_ref_array" class="Tests_Actions" file="/Users/nacin/Sites/develop.svn.wordpress.org/tests/tests/actions.php" line="204" assertions="2" time="0.002571"/>
      <testcase name="test_action_keyed_array" class="Tests_Actions" file="/Users/nacin/Sites/develop.svn.wordpress.org/tests/tests/actions.php" line="223" assertions="2" time="1.218762"/>
      <testcase name="test_action_self_removal" class="Tests_Actions" file="/Users/nacin/Sites/develop.svn.wordpress.org/tests/tests/actions.php" line="244" assertions="1" time="0.002211"/>
    </testsuite>
    <testsuite name="Tests_Actions_Callbacks" file="/Users/nacin/Sites/develop.svn.wordpress.org/tests/tests/actions/callbacks.php" fullPackage="Tests.Actions" tests="1" assertions="3" failures="0" errors="0" time="0.002897">
      <testcase name="test_callback_representations" class="Tests_Actions_Callbacks" file="/Users/nacin/Sites/develop.svn.wordpress.org/tests/tests/actions/callbacks.php" line="11" assertions="3" time="0.002897"/>
    </testsuite>
    <testsuite name="Tests_Admin_includesFile" file="/Users/nacin/Sites/develop.svn.wordpress.org/tests/tests/admin/includesFile.php" fullPackage="Tests.Admin" tests="1" assertions="4" failures="0" errors="0" time="0.011708">
      <testcase name="test_get_home_path" class="Tests_Admin_includesFile" file="/Users/nacin/Sites/develop.svn.wordpress.org/tests/tests/admin/includesFile.php" line="16" assertions="4" time="0.011708"/>
    </testsuite>
    <testsuite name="Tests_Admin_includesMisc" file="/Users/nacin/Sites/develop.svn.wordpress.org/tests/tests/admin/includesMisc.php" fullPackage="Tests.Admin" tests="1" assertions="6" failures="0" errors="0" time="0.002860">
      <testcase name="test_shorten_url" class="Tests_Admin_includesMisc" file="/Users/nacin/Sites/develop.svn.wordpress.org/tests/tests/admin/includesMisc.php" line="7" assertions="6" time="0.002860"/>
    </testsuite>
    <testsuite name="Tests_Admin_includesPlugin" file="/Users/nacin/Sites/develop.svn.wordpress.org/tests/tests/admin/includesPlugin.php" fullPackage="Tests.Admin" tests="2" assertions="27" failures="0" errors="0" time="0.070894">
      <testcase name="test_get_plugin_data" class="Tests_Admin_includesPlugin" file="/Users/nacin/Sites/develop.svn.wordpress.org/tests/tests/admin/includesPlugin.php" line="7" assertions="19" time="0.019278"/>
      <testcase name="test_menu_page_url" class="Tests_Admin_includesPlugin" file="/Users/nacin/Sites/develop.svn.wordpress.org/tests/tests/admin/includesPlugin.php" line="30" assertions="8" time="0.051616"/>
    </testsuite>
    <testsuite name="Tests_Admin_includesPost" file="/Users/nacin/Sites/develop.svn.wordpress.org/tests/tests/admin/includesPost.php" fullPackage="Tests.Admin" tests="2" assertions="24" failures="0" errors="0" time="0.195096">
      <testcase name="test__wp_translate_postdata_cap_checks_contributor" class="Tests_Admin_includesPost" file="/Users/nacin/Sites/develop.svn.wordpress.org/tests/tests/admin/includesPost.php" line="8" assertions="12" time="0.107658"/>
      <testcase name="test__wp_translate_postdata_cap_checks_editor" class="Tests_Admin_includesPost" file="/Users/nacin/Sites/develop.svn.wordpress.org/tests/tests/admin/includesPost.php" line="63" assertions="12" time="0.087438"/>
    </testsuite>
    <testsuite name="Tests_Admin_includesScreen" file="/Users/nacin/Sites/develop.svn.wordpress.org/tests/tests/admin/includesScreen.php" fullPackage="Tests.Admin" tests="8" assertions="296" failures="0" errors="0" time="0.019145">
      <testcase name="test_set_current_screen_with_hook_suffix" class="Tests_Admin_includesScreen" file="/Users/nacin/Sites/develop.svn.wordpress.org/tests/tests/admin/includesScreen.php" line="45" assertions="254" time="0.008448"/>
      <testcase name="test_post_type_as_hookname" class="Tests_Admin_includesScreen" file="/Users/nacin/Sites/develop.svn.wordpress.org/tests/tests/admin/includesScreen.php" line="94" assertions="3" time="0.000648"/>
      <testcase name="test_post_type_with_special_suffix_as_hookname" class="Tests_Admin_includesScreen" file="/Users/nacin/Sites/develop.svn.wordpress.org/tests/tests/admin/includesScreen.php" line="101" assertions="6" time="0.001328"/>
      <testcase name="test_taxonomy_with_special_suffix_as_hookname" class="Tests_Admin_includesScreen" file="/Users/nacin/Sites/develop.svn.wordpress.org/tests/tests/admin/includesScreen.php" line="114" assertions="3" time="0.001455"/>
      <testcase name="test_post_type_with_edit_prefix" class="Tests_Admin_includesScreen" file="/Users/nacin/Sites/develop.svn.wordpress.org/tests/tests/admin/includesScreen.php" line="122" assertions="6" time="0.001510"/>
      <testcase name="test_post_type_edit_collisions" class="Tests_Admin_includesScreen" file="/Users/nacin/Sites/develop.svn.wordpress.org/tests/tests/admin/includesScreen.php" line="135" assertions="4" time="0.002137"/>
      <testcase name="test_help_tabs" class="Tests_Admin_includesScreen" file="/Users/nacin/Sites/develop.svn.wordpress.org/tests/tests/admin/includesScreen.php" line="155" assertions="4" time="0.002707"/>
      <testcase name="test_in_admin" class="Tests_Admin_includesScreen" file="/Users/nacin/Sites/develop.svn.wordpress.org/tests/tests/admin/includesScreen.php" line="178" assertions="16" time="0.000912"/>
    </testsuite>
    <testsuite name="Tests_Admin_includesTemplate" file="/Users/nacin/Sites/develop.svn.wordpress.org/tests/tests/admin/includesTemplate.php" fullPackage="Tests.Admin" tests="2" assertions="26" failures="0" errors="0" time="0.005278">
      <testcase name="test_equal" class="Tests_Admin_includesTemplate" file="/Users/nacin/Sites/develop.svn.wordpress.org/tests/tests/admin/includesTemplate.php" line="6" assertions="20" time="0.002851"/>
      <testcase name="test_notequal" class="Tests_Admin_includesTemplate" file="/Users/nacin/Sites/develop.svn.wordpress.org/tests/tests/admin/includesTemplate.php" line="38" assertions="6" time="0.002427"/>
    </testsuite>
    <testsuite name="Tests_Admin_includesTheme" file="/Users/nacin/Sites/develop.svn.wordpress.org/tests/tests/admin/includesTheme.php" fullPackage="Tests.Admin" tests="1" assertions="5" failures="0" errors="0" time="0.036290">
      <testcase name="test_page_templates" class="Tests_Admin_includesTheme" file="/Users/nacin/Sites/develop.svn.wordpress.org/tests/tests/admin/includesTheme.php" line="42" assertions="5" time="0.036290"/>
    </testsuite>
    <testsuite name="Tests_AdminBar" file="/Users/nacin/Sites/develop.svn.wordpress.org/tests/tests/adminbar.php" fullPackage="Tests" tests="2" assertions="4" failures="0" errors="0" time="0.083977">
      <testcase name="test_content_post_type" class="Tests_AdminBar" file="/Users/nacin/Sites/develop.svn.wordpress.org/tests/tests/adminbar.php" line="29" assertions="2" time="0.039631"/>
      <testcase name="test_merging_existing_meta_values" class="Tests_AdminBar" file="/Users/nacin/Sites/develop.svn.wordpress.org/tests/tests/adminbar.php" line="46" assertions="2" time="0.044346"/>
    </testsuite>
    <testsuite name="Tests_Ajax_Autosave" file="/Users/nacin/Sites/develop.svn.wordpress.org/tests/tests/ajax/Autosave.php" fullPackage="WordPress.UnitTests" package="WordPress" subpackage="UnitTests" tests="0" assertions="0" failures="0" errors="0" time="0.000000"/>
    <testsuite name="Tests_Ajax_CompressionTest" file="/Users/nacin/Sites/develop.svn.wordpress.org/tests/tests/ajax/Compression.php" fullPackage="WordPress.UnitTests" package="WordPress" subpackage="UnitTests" tests="0" assertions="0" failures="0" errors="0" time="0.000000"/>
    <testsuite name="Tests_Ajax_DeleteComment" file="/Users/nacin/Sites/develop.svn.wordpress.org/tests/tests/ajax/DeleteComment.php" fullPackage="WordPress.UnitTests" package="WordPress" subpackage="UnitTests" tests="0" assertions="0" failures="0" errors="0" time="0.000000"/>
    <testsuite name="Tests_Ajax_DimComment" file="/Users/nacin/Sites/develop.svn.wordpress.org/tests/tests/ajax/DimComment.php" fullPackage="WordPress.UnitTests" package="WordPress" subpackage="UnitTests" tests="0" assertions="0" failures="0" errors="0" time="0.000000"/>
    <testsuite name="Tests_Ajax_EditComment" file="/Users/nacin/Sites/develop.svn.wordpress.org/tests/tests/ajax/EditComment.php" fullPackage="WordPress.UnitTests" package="WordPress" subpackage="UnitTests" tests="0" assertions="0" failures="0" errors="0" time="0.000000"/>
    <testsuite name="Tests_Ajax_GetComments" file="/Users/nacin/Sites/develop.svn.wordpress.org/tests/tests/ajax/GetComments.php" fullPackage="WordPress.UnitTests" package="WordPress" subpackage="UnitTests" tests="0" assertions="0" failures="0" errors="0" time="0.000000"/>
    <testsuite name="Tests_Ajax_MediaEdit" file="/Users/nacin/Sites/develop.svn.wordpress.org/tests/tests/ajax/MediaEdit.php" fullPackage="WordPress.UnitTests" package="WordPress" subpackage="UnitTests" tests="0" assertions="0" failures="0" errors="0" time="0.000000"/>
    <testsuite name="Tests_Ajax_ReplytoComment" file="/Users/nacin/Sites/develop.svn.wordpress.org/tests/tests/ajax/ReplytoComment.php" fullPackage="WordPress.UnitTests" package="WordPress" subpackage="UnitTests" tests="0" assertions="0" failures="0" errors="0" time="0.000000"/>
    <testsuite name="Tests_Ajax_Response" file="/Users/nacin/Sites/develop.svn.wordpress.org/tests/tests/ajax/Response.php" fullPackage="WordPress.UnitTests" package="WordPress" subpackage="UnitTests" tests="0" assertions="0" failures="0" errors="0" time="0.000000"/>
    <testsuite name="Tests_Ajax_TagSearch" file="/Users/nacin/Sites/develop.svn.wordpress.org/tests/tests/ajax/TagSearch.php" fullPackage="WordPress.UnitTests" package="WordPress" subpackage="UnitTests" tests="0" assertions="0" failures="0" errors="0" time="0.000000"/>
    <testsuite name="Tests_Attachment_Slashes" file="/Users/nacin/Sites/develop.svn.wordpress.org/tests/tests/attachment/slashes.php" fullPackage="Tests.Attachment" tests="1" assertions="6" failures="0" errors="0" time="0.051499">
      <testcase name="test_wp_insert_attachment" class="Tests_Attachment_Slashes" file="/Users/nacin/Sites/develop.svn.wordpress.org/tests/tests/attachment/slashes.php" line="35" assertions="6" time="0.051499"/>
    </testsuite>
    <testsuite name="Tests_Auth" file="/Users/nacin/Sites/develop.svn.wordpress.org/tests/tests/auth.php" fullPackage="Tests" tests="4" assertions="14" failures="0" errors="0" time="0.356872">
      <testcase name="test_auth_cookie_valid" class="Tests_Auth" file="/Users/nacin/Sites/develop.svn.wordpress.org/tests/tests/auth.php" line="14" assertions="1" time="0.054921"/>
      <testcase name="test_auth_cookie_invalid" class="Tests_Auth" file="/Users/nacin/Sites/develop.svn.wordpress.org/tests/tests/auth.php" line="19" assertions="3" time="0.049831"/>
      <testcase name="test_auth_cookie_scheme" class="Tests_Auth" file="/Users/nacin/Sites/develop.svn.wordpress.org/tests/tests/auth.php" line="35" assertions="2" time="0.043741"/>
      <testcase name="test_password_trimming" class="Tests_Auth" file="/Users/nacin/Sites/develop.svn.wordpress.org/tests/tests/auth.php" line="48" assertions="8" time="0.208379"/>
    </testsuite>
    <testsuite name="Tests_Basic" file="/Users/nacin/Sites/develop.svn.wordpress.org/tests/tests/basic.php" fullPackage="Tests" tests="5" assertions="9" failures="0" errors="0" time="0.011055">
      <testcase name="test_true" class="Tests_Basic" file="/Users/nacin/Sites/develop.svn.wordpress.org/tests/tests/basic.php" line="21" assertions="1" time="0.001956"/>
      <testcase name="test_globals" class="Tests_Basic" file="/Users/nacin/Sites/develop.svn.wordpress.org/tests/tests/basic.php" line="26" assertions="2" time="0.002087"/>
      <testcase name="test_globals_bar" class="Tests_Basic" file="/Users/nacin/Sites/develop.svn.wordpress.org/tests/tests/basic.php" line="40" assertions="1" time="0.002246"/>
      <testcase name="test_strip_ws" class="Tests_Basic" file="/Users/nacin/Sites/develop.svn.wordpress.org/tests/tests/basic.php" line="48" assertions="4" time="0.002241"/>
      <testcase name="test_mask_input_value" class="Tests_Basic" file="/Users/nacin/Sites/develop.svn.wordpress.org/tests/tests/basic.php" line="75" assertions="1" time="0.002525"/>
    </testsuite>
    <testsuite name="Tests_Cache" file="/Users/nacin/Sites/develop.svn.wordpress.org/tests/tests/cache.php" fullPackage="Tests" tests="18" assertions="66" failures="0" errors="0" time="0.043311">
      <testcase name="test_miss" class="Tests_Cache" file="/Users/nacin/Sites/develop.svn.wordpress.org/tests/tests/cache.php" line="27" assertions="1" time="0.002543"/>
      <testcase name="test_add_get" class="Tests_Cache" file="/Users/nacin/Sites/develop.svn.wordpress.org/tests/tests/cache.php" line="31" assertions="1" time="0.002561"/>
      <testcase name="test_add_get_0" class="Tests_Cache" file="/Users/nacin/Sites/develop.svn.wordpress.org/tests/tests/cache.php" line="39" assertions="1" time="0.002377"/>
      <testcase name="test_add_get_null" class="Tests_Cache" file="/Users/nacin/Sites/develop.svn.wordpress.org/tests/tests/cache.php" line="48" assertions="2" time="0.002237"/>
      <testcase name="test_add" class="Tests_Cache" file="/Users/nacin/Sites/develop.svn.wordpress.org/tests/tests/cache.php" line="57" assertions="4" time="0.002617"/>
      <testcase name="test_replace" class="Tests_Cache" file="/Users/nacin/Sites/develop.svn.wordpress.org/tests/tests/cache.php" line="70" assertions="6" time="0.002502"/>
      <testcase name="test_set" class="Tests_Cache" file="/Users/nacin/Sites/develop.svn.wordpress.org/tests/tests/cache.php" line="84" assertions="4" time="0.002597"/>
      <testcase name="test_flush" class="Tests_Cache" file="/Users/nacin/Sites/develop.svn.wordpress.org/tests/tests/cache.php" line="97" assertions="2" time="0.001999"/>
      <testcase name="test_object_refs" class="Tests_Cache" file="/Users/nacin/Sites/develop.svn.wordpress.org/tests/tests/cache.php" line="115" assertions="4" time="0.002742"/>
      <testcase name="test_incr" class="Tests_Cache" file="/Users/nacin/Sites/develop.svn.wordpress.org/tests/tests/cache.php" line="137" assertions="3" time="0.002601"/>
      <testcase name="test_wp_cache_incr" class="Tests_Cache" file="/Users/nacin/Sites/develop.svn.wordpress.org/tests/tests/cache.php" line="150" assertions="3" time="0.002527"/>
      <testcase name="test_decr" class="Tests_Cache" file="/Users/nacin/Sites/develop.svn.wordpress.org/tests/tests/cache.php" line="163" assertions="4" time="0.002886"/>
      <testcase name="test_wp_cache_decr" class="Tests_Cache" file="/Users/nacin/Sites/develop.svn.wordpress.org/tests/tests/cache.php" line="183" assertions="4" time="0.002277"/>
      <testcase name="test_delete" class="Tests_Cache" file="/Users/nacin/Sites/develop.svn.wordpress.org/tests/tests/cache.php" line="200" assertions="5" time="0.002248"/>
      <testcase name="test_wp_cache_delete" class="Tests_Cache" file="/Users/nacin/Sites/develop.svn.wordpress.org/tests/tests/cache.php" line="215" assertions="5" time="0.001867"/>
      <testcase name="test_switch_to_blog" class="Tests_Cache" file="/Users/nacin/Sites/develop.svn.wordpress.org/tests/tests/cache.php" line="234" assertions="12" time="0.002382"/>
      <testcase name="test_wp_cache_init" class="Tests_Cache" file="/Users/nacin/Sites/develop.svn.wordpress.org/tests/tests/cache.php" line="279" assertions="1" time="0.002516"/>
      <testcase name="test_wp_cache_replace" class="Tests_Cache" file="/Users/nacin/Sites/develop.svn.wordpress.org/tests/tests/cache.php" line="287" assertions="4" time="0.001832"/>
    </testsuite>
    <testsuite name="Tests_Canonical" file="/Users/nacin/Sites/develop.svn.wordpress.org/tests/tests/canonical.php" fullPackage="Tests" tests="47" assertions="56" failures="0" errors="0" time="14.374428">
      <testsuite name="Tests_Canonical::test" tests="47" assertions="56" failures="0" errors="0" time="14.374428">
        <testcase name="test with data set #2" assertions="1" time="0.268433"/>
        <testcase name="test with data set #3" assertions="2" time="0.273727"/>
        <testcase name="test with data set #4" assertions="2" time="0.296572"/>
        <testcase name="test with data set #5" assertions="2" time="0.295036"/>
        <testcase name="test with data set #6" assertions="2" time="0.294538"/>
        <testcase name="test with data set #9" assertions="3" time="0.282912"/>
        <testcase name="test with data set #10" assertions="3" time="0.270354"/>
        <testcase name="test with data set #11" assertions="1" time="0.270945"/>
        <testcase name="test with data set #18" assertions="1" time="0.281535"/>
        <testcase name="test with data set #19" assertions="1" time="0.300982"/>
        <testcase name="test with data set #20" assertions="1" time="0.248142"/>
        <testcase name="test with data set #21" assertions="1" time="0.289851"/>
        <testcase name="test with data set #22" assertions="1" time="0.306610"/>
        <testcase name="test with data set #23" assertions="1" time="0.265680"/>
        <testcase name="test with data set #24" assertions="1" time="0.301229"/>
        <testcase name="test with data set #25" assertions="1" time="0.301372"/>
        <testcase name="test with data set #26" assertions="1" time="0.305861"/>
        <testcase name="test with data set #27" assertions="1" time="0.304100"/>
        <testcase name="test with data set #28" assertions="1" time="0.299827"/>
        <testcase name="test with data set #29" assertions="1" time="0.318111"/>
        <testcase name="test with data set #30" assertions="2" time="0.317497"/>
        <testcase name="test with data set #32" assertions="1" time="0.332627"/>
        <testcase name="test with data set #33" assertions="1" time="0.346187"/>
        <testcase name="test with data set #37" assertions="1" time="0.323709"/>
        <testcase name="test with data set #38" assertions="1" time="0.306353"/>
        <testcase name="test with data set #39" assertions="1" time="0.352991"/>
        <testcase name="test with data set #40" assertions="1" time="0.342040"/>
        <testcase name="test with data set #41" assertions="1" time="0.333092"/>
        <testcase name="test with data set #42" assertions="1" time="0.327346"/>
        <testcase name="test with data set #43" assertions="1" time="0.313522"/>
        <testcase name="test with data set #44" assertions="1" time="0.291620"/>
        <testcase name="test with data set #45" assertions="1" time="0.318445"/>
        <testcase name="test with data set #46" assertions="1" time="0.310959"/>
        <testcase name="test with data set #49" assertions="1" time="0.303209"/>
        <testcase name="test with data set #50" assertions="1" time="0.307127"/>
        <testcase name="test with data set #51" assertions="1" time="0.303185"/>
        <testcase name="test with data set #52" assertions="1" time="0.313254"/>
        <testcase name="test with data set #53" assertions="1" time="0.296173"/>
        <testcase name="test with data set #54" assertions="1" time="0.312467"/>
        <testcase name="test with data set #55" assertions="1" time="0.334956"/>
        <testcase name="test with data set #56" assertions="1" time="0.330481"/>
        <testcase name="test with data set #57" assertions="1" time="0.304210"/>
        <testcase name="test with data set #58" assertions="1" time="0.336293"/>
        <testcase name="test with data set #59" assertions="1" time="0.312042"/>
        <testcase name="test with data set #60" assertions="1" time="0.311105"/>
        <testcase name="test with data set #61" assertions="1" time="0.308070"/>
        <testcase name="test with data set #62" assertions="1" time="0.309651"/>
      </testsuite>
    </testsuite>
    <testsuite name="Tests_Canonical_CustomRules" file="/Users/nacin/Sites/develop.svn.wordpress.org/tests/tests/canonical/customRules.php" fullPackage="Tests.Canonical" tests="2" assertions="4" failures="0" errors="0" time="0.690837">
      <testsuite name="Tests_Canonical_CustomRules::test" tests="2" assertions="4" failures="0" errors="0" time="0.690837">
        <testcase name="test with data set #0" assertions="2" time="0.331091"/>
        <testcase name="test with data set #1" assertions="2" time="0.359746"/>
      </testsuite>
    </testsuite>
    <testsuite name="Tests_Canonical_NoRewrite" file="/Users/nacin/Sites/develop.svn.wordpress.org/tests/tests/canonical/noRewrite.php" fullPackage="Tests.Canonical" tests="9" assertions="13" failures="0" errors="0" time="2.743152">
      <testsuite name="Tests_Canonical_NoRewrite::test" tests="9" assertions="13" failures="0" errors="0" time="2.743152">
        <testcase name="test with data set #0" assertions="1" time="0.300615"/>
        <testcase name="test with data set #1" assertions="1" time="0.298658"/>
        <testcase name="test with data set #2" assertions="1" time="0.301470"/>
        <testcase name="test with data set #3" assertions="3" time="0.296418"/>
        <testcase name="test with data set #4" assertions="3" time="0.307302"/>
        <testcase name="test with data set #5" assertions="1" time="0.316321"/>
        <testcase name="test with data set #6" assertions="1" time="0.306754"/>
        <testcase name="test with data set #7" assertions="1" time="0.309331"/>
        <testcase name="test with data set #8" assertions="1" time="0.306283"/>
      </testsuite>
    </testsuite>
    <testsuite name="Tests_Canonical_PageOnFront" file="/Users/nacin/Sites/develop.svn.wordpress.org/tests/tests/canonical/pageOnFront.php" fullPackage="Tests.Canonical" tests="3" assertions="3" failures="0" errors="0" time="1.044376">
      <testsuite name="Tests_Canonical_PageOnFront::test" tests="3" assertions="3" failures="0" errors="0" time="1.044376">
        <testcase name="test with data set #0" assertions="1" time="0.347247"/>
        <testcase name="test with data set #1" assertions="1" time="0.340375"/>
        <testcase name="test with data set #2" assertions="1" time="0.356754"/>
      </testsuite>
    </testsuite>
    <testsuite name="Tests_Canonical_PermalinkFormat" file="/Users/nacin/Sites/develop.svn.wordpress.org/tests/tests/canonical/permalinkFormats.php" fullPackage="Tests.Canonical" tests="0" assertions="0" failures="0" errors="0" time="0.000000"/>
    <testsuite name="Tests_Comment" file="/Users/nacin/Sites/develop.svn.wordpress.org/tests/tests/comment.php" fullPackage="Tests" tests="1" assertions="3" failures="0" errors="0" time="0.047572">
      <testcase name="test_wp_update_comment" class="Tests_Comment" file="/Users/nacin/Sites/develop.svn.wordpress.org/tests/tests/comment.php" line="7" assertions="3" time="0.047572"/>
    </testsuite>
    <testsuite name="Tests_Comment_Query" file="/Users/nacin/Sites/develop.svn.wordpress.org/tests/tests/comment/query.php" fullPackage="Tests.Comment" tests="5" assertions="95" failures="0" errors="0" time="0.448102">
      <testcase name="test_get_comment_comment_approved_0" class="Tests_Comment_Query" file="/Users/nacin/Sites/develop.svn.wordpress.org/tests/tests/comment/query.php" line="18" assertions="1" time="0.007196"/>
      <testcase name="test_get_comment_comment_approved_1" class="Tests_Comment_Query" file="/Users/nacin/Sites/develop.svn.wordpress.org/tests/tests/comment/query.php" line="27" assertions="2" time="0.006670"/>
      <testcase name="test_get_comments_for_post" class="Tests_Comment_Query" file="/Users/nacin/Sites/develop.svn.wordpress.org/tests/tests/comment/query.php" line="37" assertions="66" time="0.184815"/>
      <testcase name="test_orderby_meta" class="Tests_Comment_Query" file="/Users/nacin/Sites/develop.svn.wordpress.org/tests/tests/comment/query.php" line="82" assertions="20" time="0.038821"/>
      <testcase name="test_get_status" class="Tests_Comment_Query" file="/Users/nacin/Sites/develop.svn.wordpress.org/tests/tests/comment/query.php" line="133" assertions="6" time="0.210600"/>
    </testsuite>
    <testsuite name="Tests_Comment_Slashes" file="/Users/nacin/Sites/develop.svn.wordpress.org/tests/tests/comment/slashes.php" fullPackage="Tests.Comment" tests="4" assertions="16" failures="0" errors="0" time="0.284735">
      <testcase name="test_wp_new_comment" class="Tests_Comment_Slashes" file="/Users/nacin/Sites/develop.svn.wordpress.org/tests/tests/comment/slashes.php" line="36" assertions="4" time="0.070768"/>
      <testcase name="test_edit_comment" class="Tests_Comment_Slashes" file="/Users/nacin/Sites/develop.svn.wordpress.org/tests/tests/comment/slashes.php" line="70" assertions="4" time="0.073031"/>
      <testcase name="test_wp_insert_comment" class="Tests_Comment_Slashes" file="/Users/nacin/Sites/develop.svn.wordpress.org/tests/tests/comment/slashes.php" line="107" assertions="4" time="0.065853"/>
      <testcase name="test_wp_update_comment" class="Tests_Comment_Slashes" file="/Users/nacin/Sites/develop.svn.wordpress.org/tests/tests/comment/slashes.php" line="135" assertions="4" time="0.075083"/>
    </testsuite>
    <testsuite name="Tests_Compat" file="/Users/nacin/Sites/develop.svn.wordpress.org/tests/tests/compat.php" fullPackage="Tests" tests="5" assertions="12" failures="0" errors="0" time="0.019201">
      <testcase name="test_mb_substr" class="Tests_Compat" file="/Users/nacin/Sites/develop.svn.wordpress.org/tests/tests/compat.php" line="7" assertions="4" time="0.005077"/>
      <testcase name="test_hash_hmac_simple" class="Tests_Compat" file="/Users/nacin/Sites/develop.svn.wordpress.org/tests/tests/compat.php" line="14" assertions="2" time="0.002308"/>
      <testcase name="test_hash_hmac_padding" class="Tests_Compat" file="/Users/nacin/Sites/develop.svn.wordpress.org/tests/tests/compat.php" line="19" assertions="2" time="0.002624"/>
      <testcase name="test_hash_hmac_output" class="Tests_Compat" file="/Users/nacin/Sites/develop.svn.wordpress.org/tests/tests/compat.php" line="24" assertions="2" time="0.003052"/>
      <testcase name="test_json_encode_decode" class="Tests_Compat" file="/Users/nacin/Sites/develop.svn.wordpress.org/tests/tests/compat.php" line="29" assertions="2" time="0.006140"/>
    </testsuite>
    <testsuite name="Tests_Cron" file="/Users/nacin/Sites/develop.svn.wordpress.org/tests/tests/cron.php" fullPackage="Tests" tests="11" assertions="34" failures="0" errors="0" time="0.090281">
      <testcase name="test_wp_get_schedule_empty" class="Tests_Cron" file="/Users/nacin/Sites/develop.svn.wordpress.org/tests/tests/cron.php" line="21" assertions="1" time="0.006025"/>
      <testcase name="test_schedule_event_single" class="Tests_Cron" file="/Users/nacin/Sites/develop.svn.wordpress.org/tests/tests/cron.php" line="27" assertions="2" time="0.007010"/>
      <testcase name="test_schedule_event_single_args" class="Tests_Cron" file="/Users/nacin/Sites/develop.svn.wordpress.org/tests/tests/cron.php" line="40" assertions="4" time="0.006806"/>
      <testcase name="test_schedule_event" class="Tests_Cron" file="/Users/nacin/Sites/develop.svn.wordpress.org/tests/tests/cron.php" line="57" assertions="2" time="0.006835"/>
      <testcase name="test_schedule_event_args" class="Tests_Cron" file="/Users/nacin/Sites/develop.svn.wordpress.org/tests/tests/cron.php" line="70" assertions="4" time="0.006324"/>
      <testcase name="test_unschedule_event" class="Tests_Cron" file="/Users/nacin/Sites/develop.svn.wordpress.org/tests/tests/cron.php" line="88" assertions="2" time="0.007898"/>
      <testcase name="test_clear_schedule" class="Tests_Cron" file="/Users/nacin/Sites/develop.svn.wordpress.org/tests/tests/cron.php" line="101" assertions="5" time="0.009375"/>
      <testcase name="test_clear_schedule_multiple_args" class="Tests_Cron" file="/Users/nacin/Sites/develop.svn.wordpress.org/tests/tests/cron.php" line="127" assertions="5" time="0.010354"/>
      <testcase name="test_clear_schedule_new_args" class="Tests_Cron" file="/Users/nacin/Sites/develop.svn.wordpress.org/tests/tests/cron.php" line="156" assertions="6" time="0.012224"/>
      <testcase name="test_duplicate_event" class="Tests_Cron" file="/Users/nacin/Sites/develop.svn.wordpress.org/tests/tests/cron.php" line="195" assertions="1" time="0.007554"/>
      <testcase name="test_not_duplicate_event" class="Tests_Cron" file="/Users/nacin/Sites/develop.svn.wordpress.org/tests/tests/cron.php" line="214" assertions="2" time="0.009876"/>
    </testsuite>
    <testsuite name="Tests_DB" file="/Users/nacin/Sites/develop.svn.wordpress.org/tests/tests/db.php" fullPackage="Tests" tests="4" assertions="12" failures="0" errors="0" time="0.020205">
      <testcase name="test_locale_floats" class="Tests_DB" file="/Users/nacin/Sites/develop.svn.wordpress.org/tests/tests/db.php" line="49" assertions="2" time="0.009748"/>
      <testcase name="test_wpdb_supposedly_protected_properties" class="Tests_DB" file="/Users/nacin/Sites/develop.svn.wordpress.org/tests/tests/db.php" line="92" assertions="5" time="0.003068"/>
      <testcase name="test_wpdb_nonexistent_properties" class="Tests_DB" file="/Users/nacin/Sites/develop.svn.wordpress.org/tests/tests/db.php" line="108" assertions="4" time="0.003538"/>
      <testcase name="test_double_escaped_placeholders" class="Tests_DB" file="/Users/nacin/Sites/develop.svn.wordpress.org/tests/tests/db.php" line="123" assertions="1" time="0.003851"/>
    </testsuite>
    <testsuite name="Tests_Dependencies" file="/Users/nacin/Sites/develop.svn.wordpress.org/tests/tests/dependencies.php" fullPackage="Tests" tests="7" assertions="56" failures="0" errors="0" time="0.016949">
      <testcase name="test_add" class="Tests_Dependencies" file="/Users/nacin/Sites/develop.svn.wordpress.org/tests/tests/dependencies.php" line="7" assertions="5" time="0.002420"/>
      <testcase name="test_remove" class="Tests_Dependencies" file="/Users/nacin/Sites/develop.svn.wordpress.org/tests/tests/dependencies.php" line="20" assertions="4" time="0.002609"/>
      <testcase name="test_enqueue" class="Tests_Dependencies" file="/Users/nacin/Sites/develop.svn.wordpress.org/tests/tests/dependencies.php" line="33" assertions="7" time="0.002800"/>
      <testcase name="test_dequeue" class="Tests_Dependencies" file="/Users/nacin/Sites/develop.svn.wordpress.org/tests/tests/dependencies.php" line="49" assertions="8" time="0.002131"/>
      <testcase name="test_enqueue_args" class="Tests_Dependencies" file="/Users/nacin/Sites/develop.svn.wordpress.org/tests/tests/dependencies.php" line="69" assertions="9" time="0.002196"/>
      <testcase name="test_dequeue_args" class="Tests_Dependencies" file="/Users/nacin/Sites/develop.svn.wordpress.org/tests/tests/dependencies.php" line="87" assertions="12" time="0.002106"/>
      <testcase name="test_query_and_registered_enqueued" class="Tests_Dependencies" file="/Users/nacin/Sites/develop.svn.wordpress.org/tests/tests/dependencies.php" line="114" assertions="11" time="0.002687"/>
    </testsuite>
    <testsuite name="Tests_Dependencies_jQuery" file="/Users/nacin/Sites/develop.svn.wordpress.org/tests/tests/dependencies/jquery.php" fullPackage="Tests.Dependencies" tests="3" assertions="36" failures="0" errors="0" time="0.038982">
      <testcase name="test_location_of_jquery" class="Tests_Dependencies_jQuery" file="/Users/nacin/Sites/develop.svn.wordpress.org/tests/tests/dependencies/jquery.php" line="9" assertions="9" time="0.018930"/>
      <testcase name="test_presence_of_jquery_no_conflict" class="Tests_Dependencies_jQuery" file="/Users/nacin/Sites/develop.svn.wordpress.org/tests/tests/dependencies/jquery.php" line="34" assertions="1" time="0.002308"/>
      <testcase name="test_dont_allow_deregister_core_scripts_in_admin" class="Tests_Dependencies_jQuery" file="/Users/nacin/Sites/develop.svn.wordpress.org/tests/tests/dependencies/jquery.php" line="44" assertions="26" time="0.017744"/>
    </testsuite>
    <testsuite name="Tests_Dependencies_Scripts" file="/Users/nacin/Sites/develop.svn.wordpress.org/tests/tests/dependencies/scripts.php" fullPackage="Tests.Dependencies" tests="2" assertions="4" failures="0" errors="0" time="0.009785">
      <testcase name="test_wp_enqueue_script" class="Tests_Dependencies_Scripts" file="/Users/nacin/Sites/develop.svn.wordpress.org/tests/tests/dependencies/scripts.php" line="27" assertions="2" time="0.004873"/>
      <testcase name="test_protocols" class="Tests_Dependencies_Scripts" file="/Users/nacin/Sites/develop.svn.wordpress.org/tests/tests/dependencies/scripts.php" line="49" assertions="2" time="0.004912"/>
    </testsuite>
    <testsuite name="Tests_Dependencies_Styles" file="/Users/nacin/Sites/develop.svn.wordpress.org/tests/tests/dependencies/styles.php" fullPackage="Tests.Dependencies" tests="2" assertions="4" failures="0" errors="0" time="0.009259">
      <testcase name="test_wp_enqueue_style" class="Tests_Dependencies_Styles" file="/Users/nacin/Sites/develop.svn.wordpress.org/tests/tests/dependencies/styles.php" line="27" assertions="2" time="0.004988"/>
      <testcase name="test_protocols" class="Tests_Dependencies_Styles" file="/Users/nacin/Sites/develop.svn.wordpress.org/tests/tests/dependencies/styles.php" line="49" assertions="2" time="0.004271"/>
    </testsuite>
    <testsuite name="Test_WP_Export_Query" file="/Users/nacin/Sites/develop.svn.wordpress.org/tests/tests/export/class-wp-export-query.php" fullPackage="Test.WP.Export" tests="0" assertions="0" failures="0" errors="0" time="0.000000"/>
    <testsuite name="Test_WP_Export_Functions" file="/Users/nacin/Sites/develop.svn.wordpress.org/tests/tests/export/functions.export.php" fullPackage="Test.WP.Export" tests="0" assertions="0" failures="0" errors="0" time="0.000000"/>
    <testsuite name="Test_WP_Export_Writers" file="/Users/nacin/Sites/develop.svn.wordpress.org/tests/tests/export/writers.php" fullPackage="Test.WP.Export" tests="0" assertions="0" failures="0" errors="0" time="0.000000"/>
    <testsuite name="Tests_Feed_RSS2" file="/Users/nacin/Sites/develop.svn.wordpress.org/tests/tests/feed/rss2.php" fullPackage="Tests.Feed" tests="2" assertions="11" failures="0" errors="0" time="0.946312">
      <testcase name="test_rss" class="Tests_Feed_RSS2" file="/Users/nacin/Sites/develop.svn.wordpress.org/tests/tests/feed/rss2.php" line="38" assertions="6" time="0.466878"/>
      <testcase name="test_channel" class="Tests_Feed_RSS2" file="/Users/nacin/Sites/develop.svn.wordpress.org/tests/tests/feed/rss2.php" line="58" assertions="5" time="0.479434"/>
    </testsuite>
    <testsuite name="Tests_File" file="/Users/nacin/Sites/develop.svn.wordpress.org/tests/tests/file.php" fullPackage="Tests" tests="8" assertions="21" failures="0" errors="0" time="0.030500">
      <testcase name="test_get_file_data" class="Tests_File" file="/Users/nacin/Sites/develop.svn.wordpress.org/tests/tests/file.php" line="19" assertions="6" time="0.003186"/>
      <testcase name="test_get_file_data_cr_line_endings" class="Tests_File" file="/Users/nacin/Sites/develop.svn.wordpress.org/tests/tests/file.php" line="48" assertions="3" time="0.002659"/>
      <testcase name="test_unique_filename_is_valid" class="Tests_File" file="/Users/nacin/Sites/develop.svn.wordpress.org/tests/tests/file.php" line="82" assertions="1" time="0.003130"/>
      <testcase name="test_unique_filename_is_unique" class="Tests_File" file="/Users/nacin/Sites/develop.svn.wordpress.org/tests/tests/file.php" line="91" assertions="3" time="0.004635"/>
      <testcase name="test_unique_filename_is_sanitized" class="Tests_File" file="/Users/nacin/Sites/develop.svn.wordpress.org/tests/tests/file.php" line="107" assertions="2" time="0.003118"/>
      <testcase name="test_unique_filename_with_slashes" class="Tests_File" file="/Users/nacin/Sites/develop.svn.wordpress.org/tests/tests/file.php" line="119" assertions="2" time="0.003425"/>
      <testcase name="test_unique_filename_multiple_ext" class="Tests_File" file="/Users/nacin/Sites/develop.svn.wordpress.org/tests/tests/file.php" line="132" assertions="2" time="0.007429"/>
      <testcase name="test_unique_filename_no_ext" class="Tests_File" file="/Users/nacin/Sites/develop.svn.wordpress.org/tests/tests/file.php" line="144" assertions="2" time="0.002918"/>
    </testsuite>
    <testsuite name="Tests_Filters" file="/Users/nacin/Sites/develop.svn.wordpress.org/tests/tests/filters.php" fullPackage="Tests" tests="11" assertions="54" failures="0" errors="0" time="0.049117">
      <testcase name="test_simple_filter" class="Tests_Filters" file="/Users/nacin/Sites/develop.svn.wordpress.org/tests/tests/filters.php" line="10" assertions="4" time="0.023157"/>
      <testcase name="test_remove_filter" class="Tests_Filters" file="/Users/nacin/Sites/develop.svn.wordpress.org/tests/tests/filters.php" line="27" assertions="6" time="0.002701"/>
      <testcase name="test_has_filter" class="Tests_Filters" file="/Users/nacin/Sites/develop.svn.wordpress.org/tests/tests/filters.php" line="47" assertions="6" time="0.002406"/>
      <testcase name="test_multiple_filters" class="Tests_Filters" file="/Users/nacin/Sites/develop.svn.wordpress.org/tests/tests/filters.php" line="62" assertions="3" time="0.001626"/>
      <testcase name="test_filter_args_1" class="Tests_Filters" file="/Users/nacin/Sites/develop.svn.wordpress.org/tests/tests/filters.php" line="79" assertions="3" time="0.002421"/>
      <testcase name="test_filter_args_2" class="Tests_Filters" file="/Users/nacin/Sites/develop.svn.wordpress.org/tests/tests/filters.php" line="93" assertions="5" time="0.002706"/>
      <testcase name="test_filter_priority" class="Tests_Filters" file="/Users/nacin/Sites/develop.svn.wordpress.org/tests/tests/filters.php" line="116" assertions="3" time="0.003473"/>
      <testcase name="test_all_filter" class="Tests_Filters" file="/Users/nacin/Sites/develop.svn.wordpress.org/tests/tests/filters.php" line="147" assertions="7" time="0.002874"/>
      <testcase name="test_remove_all_filter" class="Tests_Filters" file="/Users/nacin/Sites/develop.svn.wordpress.org/tests/tests/filters.php" line="171" assertions="10" time="0.002755"/>
      <testcase name="test_filter_ref_array" class="Tests_Filters" file="/Users/nacin/Sites/develop.svn.wordpress.org/tests/tests/filters.php" line="198" assertions="2" time="0.002276"/>
      <testcase name="test_filter_ref_array_result" class="Tests_Filters" file="/Users/nacin/Sites/develop.svn.wordpress.org/tests/tests/filters.php" line="217" assertions="5" time="0.002722"/>
    </testsuite>
    <testsuite name="Tests_Formatting_Autop" file="/Users/nacin/Sites/develop.svn.wordpress.org/tests/tests/formatting/Autop.php" fullPackage="Tests.Formatting" tests="3" assertions="5" failures="0" errors="0" time="0.013149">
      <testcase name="test_first_post" class="Tests_Formatting_Autop" file="/Users/nacin/Sites/develop.svn.wordpress.org/tests/tests/formatting/Autop.php" line="8" assertions="1" time="0.002958"/>
      <testcase name="test_skip_pre_elements" class="Tests_Formatting_Autop" file="/Users/nacin/Sites/develop.svn.wordpress.org/tests/tests/formatting/Autop.php" line="70" assertions="3" time="0.007239"/>
      <testcase name="test_skip_input_elements" class="Tests_Formatting_Autop" file="/Users/nacin/Sites/develop.svn.wordpress.org/tests/tests/formatting/Autop.php" line="97" assertions="1" time="0.002952"/>
    </testsuite>
    <testsuite name="Tests_Formatting_CleanPre" file="/Users/nacin/Sites/develop.svn.wordpress.org/tests/tests/formatting/CleanPre.php" fullPackage="Tests.Formatting" tests="4" assertions="4" failures="0" errors="0" time="0.006731">
      <testcase name="test_removes_self_closing_br_with_space" class="Tests_Formatting_CleanPre" file="/Users/nacin/Sites/develop.svn.wordpress.org/tests/tests/formatting/CleanPre.php" line="10" assertions="1" time="0.002151"/>
      <testcase name="test_removes_self_closing_br_without_space" class="Tests_Formatting_CleanPre" file="/Users/nacin/Sites/develop.svn.wordpress.org/tests/tests/formatting/CleanPre.php" line="17" assertions="1" time="0.001334"/>
      <testcase name="test_removes_html_br" class="Tests_Formatting_CleanPre" file="/Users/nacin/Sites/develop.svn.wordpress.org/tests/tests/formatting/CleanPre.php" line="27" assertions="1" time="0.001577"/>
      <testcase name="test_removes_p" class="Tests_Formatting_CleanPre" file="/Users/nacin/Sites/develop.svn.wordpress.org/tests/tests/formatting/CleanPre.php" line="33" assertions="1" time="0.001669"/>
    </testsuite>
    <testsuite name="Tests_Formatting_ConvertChars" file="/Users/nacin/Sites/develop.svn.wordpress.org/tests/tests/formatting/ConvertChars.php" fullPackage="Tests.Formatting" tests="5" assertions="7" failures="0" errors="0" time="0.012034">
      <testcase name="test_replaces_windows1252_entities_with_unicode_ones" class="Tests_Formatting_ConvertChars" file="/Users/nacin/Sites/develop.svn.wordpress.org/tests/tests/formatting/ConvertChars.php" line="7" assertions="1" time="0.002260"/>
      <testcase name="test_replaces_latin_letter_z_with_caron" class="Tests_Formatting_ConvertChars" file="/Users/nacin/Sites/develop.svn.wordpress.org/tests/tests/formatting/ConvertChars.php" line="16" assertions="1" time="0.002987"/>
      <testcase name="test_converts_html_br_and_hr_to_the_xhtml_self_closing_variety" class="Tests_Formatting_ConvertChars" file="/Users/nacin/Sites/develop.svn.wordpress.org/tests/tests/formatting/ConvertChars.php" line="22" assertions="3" time="0.002592"/>
      <testcase name="test_escapes_lone_ampersands" class="Tests_Formatting_ConvertChars" file="/Users/nacin/Sites/develop.svn.wordpress.org/tests/tests/formatting/ConvertChars.php" line="33" assertions="1" time="0.001963"/>
      <testcase name="test_removes_category_and_title_metadata_tags" class="Tests_Formatting_ConvertChars" file="/Users/nacin/Sites/develop.svn.wordpress.org/tests/tests/formatting/ConvertChars.php" line="37" assertions="1" time="0.002232"/>
    </testsuite>
    <testsuite name="Tests_Formatting_EscAttr" file="/Users/nacin/Sites/develop.svn.wordpress.org/tests/tests/formatting/EscAttr.php" fullPackage="Tests.Formatting" tests="2" assertions="7" failures="0" errors="0" time="0.008065">
      <testcase name="test_esc_attr_quotes" class="Tests_Formatting_EscAttr" file="/Users/nacin/Sites/develop.svn.wordpress.org/tests/tests/formatting/EscAttr.php" line="7" assertions="6" time="0.005331"/>
      <testcase name="test_esc_attr_amp" class="Tests_Formatting_EscAttr" file="/Users/nacin/Sites/develop.svn.wordpress.org/tests/tests/formatting/EscAttr.php" line="28" assertions="1" time="0.002734"/>
    </testsuite>
    <testsuite name="Tests_Formatting_EscHtml" file="/Users/nacin/Sites/develop.svn.wordpress.org/tests/tests/formatting/EscHtml.php" fullPackage="Tests.Formatting" tests="4" assertions="6" failures="0" errors="0" time="0.008921">
      <testcase name="test_esc_html_basics" class="Tests_Formatting_EscHtml" file="/Users/nacin/Sites/develop.svn.wordpress.org/tests/tests/formatting/EscHtml.php" line="7" assertions="3" time="0.002413"/>
      <testcase name="test_escapes_ampersands" class="Tests_Formatting_EscHtml" file="/Users/nacin/Sites/develop.svn.wordpress.org/tests/tests/formatting/EscHtml.php" line="23" assertions="1" time="0.001892"/>
      <testcase name="test_escapes_greater_and_less_than" class="Tests_Formatting_EscHtml" file="/Users/nacin/Sites/develop.svn.wordpress.org/tests/tests/formatting/EscHtml.php" line="29" assertions="1" time="0.002108"/>
      <testcase name="test_ignores_existing_entities" class="Tests_Formatting_EscHtml" file="/Users/nacin/Sites/develop.svn.wordpress.org/tests/tests/formatting/EscHtml.php" line="35" assertions="1" time="0.002508"/>
    </testsuite>
    <testsuite name="Tests_Formatting_EscTextarea" file="/Users/nacin/Sites/develop.svn.wordpress.org/tests/tests/formatting/EscTextarea.php" fullPackage="Tests.Formatting" tests="2" assertions="2" failures="0" errors="0" time="0.004097">
      <testcase name="test_esc_textarea_charset_iso_8859_1" class="Tests_Formatting_EscTextarea" file="/Users/nacin/Sites/develop.svn.wordpress.org/tests/tests/formatting/EscTextarea.php" line="16" assertions="1" time="0.001937"/>
      <testcase name="test_esc_textarea_charset_utf_8" class="Tests_Formatting_EscTextarea" file="/Users/nacin/Sites/develop.svn.wordpress.org/tests/tests/formatting/EscTextarea.php" line="30" assertions="1" time="0.002160"/>
    </testsuite>
    <testsuite name="Tests_Formatting_EscUrl" file="/Users/nacin/Sites/develop.svn.wordpress.org/tests/tests/formatting/EscUrl.php" fullPackage="Tests.Formatting" tests="9" assertions="31" failures="0" errors="0" time="0.025032">
      <testcase name="test_spaces" class="Tests_Formatting_EscUrl" file="/Users/nacin/Sites/develop.svn.wordpress.org/tests/tests/formatting/EscUrl.php" line="7" assertions="2" time="0.002605"/>
      <testcase name="test_bad_characters" class="Tests_Formatting_EscUrl" file="/Users/nacin/Sites/develop.svn.wordpress.org/tests/tests/formatting/EscUrl.php" line="12" assertions="10" time="0.003562"/>
      <testcase name="test_relative" class="Tests_Formatting_EscUrl" file="/Users/nacin/Sites/develop.svn.wordpress.org/tests/tests/formatting/EscUrl.php" line="26" assertions="4" time="0.002969"/>
      <testcase name="test_protocol" class="Tests_Formatting_EscUrl" file="/Users/nacin/Sites/develop.svn.wordpress.org/tests/tests/formatting/EscUrl.php" line="33" assertions="2" time="0.002114"/>
      <testcase name="test_protocol_case" class="Tests_Formatting_EscUrl" file="/Users/nacin/Sites/develop.svn.wordpress.org/tests/tests/formatting/EscUrl.php" line="41" assertions="2" time="0.002897"/>
      <testcase name="test_display_extras" class="Tests_Formatting_EscUrl" file="/Users/nacin/Sites/develop.svn.wordpress.org/tests/tests/formatting/EscUrl.php" line="46" assertions="2" time="0.002107"/>
      <testcase name="test_non_ascii" class="Tests_Formatting_EscUrl" file="/Users/nacin/Sites/develop.svn.wordpress.org/tests/tests/formatting/EscUrl.php" line="51" assertions="3" time="0.002706"/>
      <testcase name="test_feed" class="Tests_Formatting_EscUrl" file="/Users/nacin/Sites/develop.svn.wordpress.org/tests/tests/formatting/EscUrl.php" line="57" assertions="5" time="0.003319"/>
      <testcase name="test_protocol_relative_with_colon" class="Tests_Formatting_EscUrl" file="/Users/nacin/Sites/develop.svn.wordpress.org/tests/tests/formatting/EscUrl.php" line="80" assertions="1" time="0.002753"/>
    </testsuite>
    <testsuite name="Tests_Formatting_HtmlExcerpt" file="/Users/nacin/Sites/develop.svn.wordpress.org/tests/tests/formatting/HtmlExcerpt.php" fullPackage="Tests.Formatting" tests="3" assertions="6" failures="0" errors="0" time="0.007417">
      <testcase name="test_simple" class="Tests_Formatting_HtmlExcerpt" file="/Users/nacin/Sites/develop.svn.wordpress.org/tests/tests/formatting/HtmlExcerpt.php" line="7" assertions="1" time="0.002273"/>
      <testcase name="test_html" class="Tests_Formatting_HtmlExcerpt" file="/Users/nacin/Sites/develop.svn.wordpress.org/tests/tests/formatting/HtmlExcerpt.php" line="10" assertions="1" time="0.002297"/>
      <testcase name="test_entities" class="Tests_Formatting_HtmlExcerpt" file="/Users/nacin/Sites/develop.svn.wordpress.org/tests/tests/formatting/HtmlExcerpt.php" line="13" assertions="4" time="0.002847"/>
    </testsuite>
    <testsuite name="Tests_Formatting_IsEmail" file="/Users/nacin/Sites/develop.svn.wordpress.org/tests/tests/formatting/IsEmail.php" fullPackage="Tests.Formatting" tests="2" assertions="9" failures="0" errors="0" time="0.004567">
      <testcase name="test_returns_true_if_given_a_valid_email_address" class="Tests_Formatting_IsEmail" file="/Users/nacin/Sites/develop.svn.wordpress.org/tests/tests/formatting/IsEmail.php" line="7" assertions="4" time="0.002814"/>
      <testcase name="test_returns_false_if_given_an_invalid_email_address" class="Tests_Formatting_IsEmail" file="/Users/nacin/Sites/develop.svn.wordpress.org/tests/tests/formatting/IsEmail.php" line="19" assertions="5" time="0.001753"/>
    </testsuite>
    <testsuite name="Tests_Formatting_JSEscape" file="/Users/nacin/Sites/develop.svn.wordpress.org/tests/tests/formatting/JSEscape.php" fullPackage="Tests.Formatting" tests="7" assertions="7" failures="0" errors="0" time="0.012757">
      <testcase name="test_js_escape_simple" class="Tests_Formatting_JSEscape" file="/Users/nacin/Sites/develop.svn.wordpress.org/tests/tests/formatting/JSEscape.php" line="7" assertions="1" time="0.001535"/>
      <testcase name="test_js_escape_quotes" class="Tests_Formatting_JSEscape" file="/Users/nacin/Sites/develop.svn.wordpress.org/tests/tests/formatting/JSEscape.php" line="12" assertions="1" time="0.001830"/>
      <testcase name="test_js_escape_backslash" class="Tests_Formatting_JSEscape" file="/Users/nacin/Sites/develop.svn.wordpress.org/tests/tests/formatting/JSEscape.php" line="18" assertions="1" time="0.001462"/>
      <testcase name="test_js_escape_amp" class="Tests_Formatting_JSEscape" file="/Users/nacin/Sites/develop.svn.wordpress.org/tests/tests/formatting/JSEscape.php" line="25" assertions="1" time="0.001907"/>
      <testcase name="test_js_escape_quote_entity" class="Tests_Formatting_JSEscape" file="/Users/nacin/Sites/develop.svn.wordpress.org/tests/tests/formatting/JSEscape.php" line="30" assertions="1" time="0.001701"/>
      <testcase name="test_js_no_carriage_return" class="Tests_Formatting_JSEscape" file="/Users/nacin/Sites/develop.svn.wordpress.org/tests/tests/formatting/JSEscape.php" line="35" assertions="1" time="0.002068"/>
      <testcase name="test_js_escape_rn" class="Tests_Formatting_JSEscape" file="/Users/nacin/Sites/develop.svn.wordpress.org/tests/tests/formatting/JSEscape.php" line="41" assertions="1" time="0.002254"/>
    </testsuite>
    <testsuite name="Tests_Formatting_LikeEscape" file="/Users/nacin/Sites/develop.svn.wordpress.org/tests/tests/formatting/LikeEscape.php" fullPackage="Tests.Formatting" tests="0" assertions="0" failures="0" errors="0" time="0.000000"/>
    <testsuite name="Tests_Formatting_MakeClickable" file="/Users/nacin/Sites/develop.svn.wordpress.org/tests/tests/formatting/MakeClickable.php" fullPackage="Tests.Formatting" tests="17" assertions="76" failures="0" errors="0" time="0.048527">
      <testcase name="test_mailto_xss" class="Tests_Formatting_MakeClickable" file="/Users/nacin/Sites/develop.svn.wordpress.org/tests/tests/formatting/MakeClickable.php" line="7" assertions="1" time="0.002057"/>
      <testcase name="test_valid_mailto" class="Tests_Formatting_MakeClickable" file="/Users/nacin/Sites/develop.svn.wordpress.org/tests/tests/formatting/MakeClickable.php" line="12" assertions="5" time="0.002234"/>
      <testcase name="test_invalid_mailto" class="Tests_Formatting_MakeClickable" file="/Users/nacin/Sites/develop.svn.wordpress.org/tests/tests/formatting/MakeClickable.php" line="25" assertions="6" time="0.002548"/>
      <testcase name="test_strip_trailing_with_protocol" class="Tests_Formatting_MakeClickable" file="/Users/nacin/Sites/develop.svn.wordpress.org/tests/tests/formatting/MakeClickable.php" line="41" assertions="6" time="0.003018"/>
      <testcase name="test_strip_trailing_with_protocol_nothing_afterwards" class="Tests_Formatting_MakeClickable" file="/Users/nacin/Sites/develop.svn.wordpress.org/tests/tests/formatting/MakeClickable.php" line="66" assertions="7" time="0.003581"/>
      <testcase name="test_strip_trailing_without_protocol" class="Tests_Formatting_MakeClickable" file="/Users/nacin/Sites/develop.svn.wordpress.org/tests/tests/formatting/MakeClickable.php" line="93" assertions="6" time="0.002644"/>
      <testcase name="test_strip_trailing_without_protocol_nothing_afterwards" class="Tests_Formatting_MakeClickable" file="/Users/nacin/Sites/develop.svn.wordpress.org/tests/tests/formatting/MakeClickable.php" line="118" assertions="6" time="0.003329"/>
      <testcase name="test_iri" class="Tests_Formatting_MakeClickable" file="/Users/nacin/Sites/develop.svn.wordpress.org/tests/tests/formatting/MakeClickable.php" line="142" assertions="3" time="0.002765"/>
      <testcase name="test_brackets_in_urls" class="Tests_Formatting_MakeClickable" file="/Users/nacin/Sites/develop.svn.wordpress.org/tests/tests/formatting/MakeClickable.php" line="159" assertions="10" time="0.004509"/>
      <testcase name="test_real_world_examples" class="Tests_Formatting_MakeClickable" file="/Users/nacin/Sites/develop.svn.wordpress.org/tests/tests/formatting/MakeClickable.php" line="194" assertions="4" time="0.002709"/>
      <testcase name="test_twitter_hash_bang" class="Tests_Formatting_MakeClickable" file="/Users/nacin/Sites/develop.svn.wordpress.org/tests/tests/formatting/MakeClickable.php" line="213" assertions="3" time="0.002674"/>
      <testcase name="test_wrapped_in_angles" class="Tests_Formatting_MakeClickable" file="/Users/nacin/Sites/develop.svn.wordpress.org/tests/tests/formatting/MakeClickable.php" line="229" assertions="3" time="0.002549"/>
      <testcase name="test_preceded_by_punctuation" class="Tests_Formatting_MakeClickable" file="/Users/nacin/Sites/develop.svn.wordpress.org/tests/tests/formatting/MakeClickable.php" line="245" assertions="6" time="0.003261"/>
      <testcase name="test_dont_break_attributes" class="Tests_Formatting_MakeClickable" file="/Users/nacin/Sites/develop.svn.wordpress.org/tests/tests/formatting/MakeClickable.php" line="267" assertions="6" time="0.003092"/>
      <testcase name="test_click_inside_html" class="Tests_Formatting_MakeClickable" file="/Users/nacin/Sites/develop.svn.wordpress.org/tests/tests/formatting/MakeClickable.php" line="294" assertions="2" time="0.002927"/>
      <testcase name="test_no_links_within_links" class="Tests_Formatting_MakeClickable" file="/Users/nacin/Sites/develop.svn.wordpress.org/tests/tests/formatting/MakeClickable.php" line="308" assertions="1" time="0.002415"/>
      <testcase name="test_no_segfault" class="Tests_Formatting_MakeClickable" file="/Users/nacin/Sites/develop.svn.wordpress.org/tests/tests/formatting/MakeClickable.php" line="321" assertions="1" time="0.002215"/>
    </testsuite>
    <testsuite name="Tests_Formatting_MapDeep" file="/Users/nacin/Sites/develop.svn.wordpress.org/tests/tests/formatting/MapDeep.php" fullPackage="Tests.Formatting" tests="0" assertions="0" failures="0" errors="0" time="0.000000"/>
    <testsuite name="Tests_Formatting_RemoveAccents" file="/Users/nacin/Sites/develop.svn.wordpress.org/tests/tests/formatting/RemoveAccents.php" fullPackage="Tests.Formatting" tests="9" assertions="19" failures="0" errors="0" time="0.039851">
      <testcase name="test_remove_accents_simple" class="Tests_Formatting_RemoveAccents" file="/Users/nacin/Sites/develop.svn.wordpress.org/tests/tests/formatting/RemoveAccents.php" line="7" assertions="1" time="0.002454"/>
      <testcase name="test_remove_accents_latin1_supplement" class="Tests_Formatting_RemoveAccents" file="/Users/nacin/Sites/develop.svn.wordpress.org/tests/tests/formatting/RemoveAccents.php" line="14" assertions="1" time="0.004329"/>
      <testcase name="test_remove_accents_latin_extended_a" class="Tests_Formatting_RemoveAccents" file="/Users/nacin/Sites/develop.svn.wordpress.org/tests/tests/formatting/RemoveAccents.php" line="21" assertions="1" time="0.003577"/>
      <testcase name="test_remove_accents_latin_extended_b" class="Tests_Formatting_RemoveAccents" file="/Users/nacin/Sites/develop.svn.wordpress.org/tests/tests/formatting/RemoveAccents.php" line="28" assertions="1" time="0.003121"/>
      <testcase name="test_remove_accents_euro_pound_signs" class="Tests_Formatting_RemoveAccents" file="/Users/nacin/Sites/develop.svn.wordpress.org/tests/tests/formatting/RemoveAccents.php" line="32" assertions="2" time="0.004464"/>
      <testcase name="test_remove_accents_iso8859" class="Tests_Formatting_RemoveAccents" file="/Users/nacin/Sites/develop.svn.wordpress.org/tests/tests/formatting/RemoveAccents.php" line="37" assertions="1" time="0.002004"/>
      <testcase name="test_remove_accents_vowels_diacritic" class="Tests_Formatting_RemoveAccents" file="/Users/nacin/Sites/develop.svn.wordpress.org/tests/tests/formatting/RemoveAccents.php" line="50" assertions="6" time="0.009511"/>
      <testcase name="test_remove_accents_hanyu_pinyin" class="Tests_Formatting_RemoveAccents" file="/Users/nacin/Sites/develop.svn.wordpress.org/tests/tests/formatting/RemoveAccents.php" line="69" assertions="5" time="0.006797"/>
      <testcase name="test_remove_accents_germanic_umlauts" class="Tests_Formatting_RemoveAccents" file="/Users/nacin/Sites/develop.svn.wordpress.org/tests/tests/formatting/RemoveAccents.php" line="90" assertions="1" time="0.003594"/>
    </testsuite>
    <testsuite name="Tests_Formatting_SanitizeFileName" file="/Users/nacin/Sites/develop.svn.wordpress.org/tests/tests/formatting/SanitizeFileName.php" fullPackage="Tests.Formatting" tests="5" assertions="6" failures="0" errors="0" time="0.009898">
      <testcase name="test_munges_extensions" class="Tests_Formatting_SanitizeFileName" file="/Users/nacin/Sites/develop.svn.wordpress.org/tests/tests/formatting/SanitizeFileName.php" line="7" assertions="1" time="0.002764"/>
      <testcase name="test_removes_special_chars" class="Tests_Formatting_SanitizeFileName" file="/Users/nacin/Sites/develop.svn.wordpress.org/tests/tests/formatting/SanitizeFileName.php" line="13" assertions="1" time="0.002628"/>
      <testcase name="test_replaces_any_number_of_hyphens_with_one_hyphen" class="Tests_Formatting_SanitizeFileName" file="/Users/nacin/Sites/develop.svn.wordpress.org/tests/tests/formatting/SanitizeFileName.php" line="22" assertions="1" time="0.001897"/>
      <testcase name="test_trims_trailing_hyphens" class="Tests_Formatting_SanitizeFileName" file="/Users/nacin/Sites/develop.svn.wordpress.org/tests/tests/formatting/SanitizeFileName.php" line="26" assertions="1" time="0.001271"/>
      <testcase name="test_replaces_any_amount_of_whitespace_with_one_hyphen" class="Tests_Formatting_SanitizeFileName" file="/Users/nacin/Sites/develop.svn.wordpress.org/tests/tests/formatting/SanitizeFileName.php" line="30" assertions="2" time="0.001338"/>
    </testsuite>
    <testsuite name="Tests_Formatting_SanitizeMimeType" file="/Users/nacin/Sites/develop.svn.wordpress.org/tests/tests/formatting/SanitizeMimeType.php" fullPackage="Tests.Formatting" tests="1" assertions="22" failures="0" errors="0" time="0.002377">
      <testcase name="test_sanitize_valid_mime_type" class="Tests_Formatting_SanitizeMimeType" file="/Users/nacin/Sites/develop.svn.wordpress.org/tests/tests/formatting/SanitizeMimeType.php" line="8" assertions="22" time="0.002377"/>
    </testsuite>
    <testsuite name="Tests_Formatting_SanitizePost" file="/Users/nacin/Sites/develop.svn.wordpress.org/tests/tests/formatting/SanitizePost.php" fullPackage="Tests.Formatting" tests="1" assertions="5" failures="0" errors="0" time="0.028456">
      <testcase name="test_int_fields" class="Tests_Formatting_SanitizePost" file="/Users/nacin/Sites/develop.svn.wordpress.org/tests/tests/formatting/SanitizePost.php" line="11" assertions="5" time="0.028456"/>
    </testsuite>
    <testsuite name="Tests_Formatting_SanitizeTextField" file="/Users/nacin/Sites/develop.svn.wordpress.org/tests/tests/formatting/SanitizeTextField.php" fullPackage="Tests.Formatting" tests="1" assertions="13" failures="0" errors="0" time="0.003321">
      <testcase name="test_sanitize_text_field" class="Tests_Formatting_SanitizeTextField" file="/Users/nacin/Sites/develop.svn.wordpress.org/tests/tests/formatting/SanitizeTextField.php" line="8" assertions="13" time="0.003321"/>
    </testsuite>
    <testsuite name="Tests_Formatting_SanitizeTitle" file="/Users/nacin/Sites/develop.svn.wordpress.org/tests/tests/formatting/SanitizeTitle.php" fullPackage="Tests.Formatting" tests="2" assertions="2" failures="0" errors="0" time="0.004274">
      <testcase name="test_strips_html" class="Tests_Formatting_SanitizeTitle" file="/Users/nacin/Sites/develop.svn.wordpress.org/tests/tests/formatting/SanitizeTitle.php" line="7" assertions="1" time="0.002101"/>
      <testcase name="test_titles_sanitized_to_nothing_are_replaced_with_optional_fallback" class="Tests_Formatting_SanitizeTitle" file="/Users/nacin/Sites/develop.svn.wordpress.org/tests/tests/formatting/SanitizeTitle.php" line="13" assertions="1" time="0.002173"/>
    </testsuite>
    <testsuite name="Tests_Formatting_SanitizeTitleWithDashes" file="/Users/nacin/Sites/develop.svn.wordpress.org/tests/tests/formatting/SanitizeTitleWithDashes.php" fullPackage="Tests.Formatting" tests="16" assertions="27" failures="0" errors="0" time="0.042143">
      <testcase name="test_strips_html" class="Tests_Formatting_SanitizeTitleWithDashes" file="/Users/nacin/Sites/develop.svn.wordpress.org/tests/tests/formatting/SanitizeTitleWithDashes.php" line="7" assertions="1" time="0.002005"/>
      <testcase name="test_strips_unencoded_percent_signs" class="Tests_Formatting_SanitizeTitleWithDashes" file="/Users/nacin/Sites/develop.svn.wordpress.org/tests/tests/formatting/SanitizeTitleWithDashes.php" line="13" assertions="1" time="0.002402"/>
      <testcase name="test_makes_title_lowercase" class="Tests_Formatting_SanitizeTitleWithDashes" file="/Users/nacin/Sites/develop.svn.wordpress.org/tests/tests/formatting/SanitizeTitleWithDashes.php" line="17" assertions="1" time="0.002423"/>
      <testcase name="test_replaces_any_amount_of_whitespace_with_one_hyphen" class="Tests_Formatting_SanitizeTitleWithDashes" file="/Users/nacin/Sites/develop.svn.wordpress.org/tests/tests/formatting/SanitizeTitleWithDashes.php" line="21" assertions="2" time="0.002561"/>
      <testcase name="test_replaces_any_number_of_hyphens_with_one_hyphen" class="Tests_Formatting_SanitizeTitleWithDashes" file="/Users/nacin/Sites/develop.svn.wordpress.org/tests/tests/formatting/SanitizeTitleWithDashes.php" line="26" assertions="1" time="0.002216"/>
      <testcase name="test_trims_trailing_hyphens" class="Tests_Formatting_SanitizeTitleWithDashes" file="/Users/nacin/Sites/develop.svn.wordpress.org/tests/tests/formatting/SanitizeTitleWithDashes.php" line="30" assertions="1" time="0.002558"/>
      <testcase name="test_handles_non_entity_ampersands" class="Tests_Formatting_SanitizeTitleWithDashes" file="/Users/nacin/Sites/develop.svn.wordpress.org/tests/tests/formatting/SanitizeTitleWithDashes.php" line="34" assertions="1" time="0.002460"/>
      <testcase name="test_replaces_nbsp" class="Tests_Formatting_SanitizeTitleWithDashes" file="/Users/nacin/Sites/develop.svn.wordpress.org/tests/tests/formatting/SanitizeTitleWithDashes.php" line="52" assertions="1" time="0.002903"/>
      <testcase name="test_replaces_ndash_mdash" class="Tests_Formatting_SanitizeTitleWithDashes" file="/Users/nacin/Sites/develop.svn.wordpress.org/tests/tests/formatting/SanitizeTitleWithDashes.php" line="56" assertions="2" time="0.002278"/>
      <testcase name="test_replaces_iexcel_iquest" class="Tests_Formatting_SanitizeTitleWithDashes" file="/Users/nacin/Sites/develop.svn.wordpress.org/tests/tests/formatting/SanitizeTitleWithDashes.php" line="61" assertions="2" time="0.002896"/>
      <testcase name="test_replaces_angle_quotes" class="Tests_Formatting_SanitizeTitleWithDashes" file="/Users/nacin/Sites/develop.svn.wordpress.org/tests/tests/formatting/SanitizeTitleWithDashes.php" line="66" assertions="2" time="0.002856"/>
      <testcase name="test_replaces_curly_quotes" class="Tests_Formatting_SanitizeTitleWithDashes" file="/Users/nacin/Sites/develop.svn.wordpress.org/tests/tests/formatting/SanitizeTitleWithDashes.php" line="71" assertions="5" time="0.003305"/>
      <testcase name="test_replaces_copy_reg_deg_trade" class="Tests_Formatting_SanitizeTitleWithDashes" file="/Users/nacin/Sites/develop.svn.wordpress.org/tests/tests/formatting/SanitizeTitleWithDashes.php" line="79" assertions="4" time="0.002482"/>
      <testcase name="test_replaces_multiply_sign" class="Tests_Formatting_SanitizeTitleWithDashes" file="/Users/nacin/Sites/develop.svn.wordpress.org/tests/tests/formatting/SanitizeTitleWithDashes.php" line="89" assertions="1" time="0.002719"/>
      <testcase name="test_replaces_standalone_diacritic" class="Tests_Formatting_SanitizeTitleWithDashes" file="/Users/nacin/Sites/develop.svn.wordpress.org/tests/tests/formatting/SanitizeTitleWithDashes.php" line="96" assertions="1" time="0.002861"/>
      <testcase name="test_replaces_acute_accents" class="Tests_Formatting_SanitizeTitleWithDashes" file="/Users/nacin/Sites/develop.svn.wordpress.org/tests/tests/formatting/SanitizeTitleWithDashes.php" line="103" assertions="1" time="0.003218"/>
    </testsuite>
    <testsuite name="Tests_Formatting_SanitizeTrackbackUrls" file="/Users/nacin/Sites/develop.svn.wordpress.org/tests/tests/formatting/SanitizeTrackbackUrls.php" fullPackage="Tests.Formatting" tests="8" assertions="8" failures="0" errors="0" time="0.023416">
      <testsuite name="Tests_Formatting_SanitizeTrackbackUrls::test_sanitize_trackback_urls_with_multiple_urls" tests="8" assertions="8" failures="0" errors="0" time="0.023416">
        <testcase name="test_sanitize_trackback_urls_with_multiple_urls with data set #0" assertions="1" time="0.003046"/>
        <testcase name="test_sanitize_trackback_urls_with_multiple_urls with data set #1" assertions="1" time="0.003573"/>
        <testcase name="test_sanitize_trackback_urls_with_multiple_urls with data set #2" assertions="1" time="0.003239"/>
        <testcase name="test_sanitize_trackback_urls_with_multiple_urls with data set #3" assertions="1" time="0.002963"/>
        <testcase name="test_sanitize_trackback_urls_with_multiple_urls with data set #4" assertions="1" time="0.002664"/>
        <testcase name="test_sanitize_trackback_urls_with_multiple_urls with data set #5" assertions="1" time="0.003065"/>
        <testcase name="test_sanitize_trackback_urls_with_multiple_urls with data set #6" assertions="1" time="0.002504"/>
        <testcase name="test_sanitize_trackback_urls_with_multiple_urls with data set #7" assertions="1" time="0.002362"/>
      </testsuite>
    </testsuite>
    <testsuite name="Tests_Formatting_SanitizeUser" file="/Users/nacin/Sites/develop.svn.wordpress.org/tests/tests/formatting/SanitizeUser.php" fullPackage="Tests.Formatting" tests="3" assertions="3" failures="0" errors="0" time="0.007459">
      <testcase name="test_strips_html" class="Tests_Formatting_SanitizeUser" file="/Users/nacin/Sites/develop.svn.wordpress.org/tests/tests/formatting/SanitizeUser.php" line="7" assertions="1" time="0.001860"/>
      <testcase name="test_strips_percent_encoded_octets" class="Tests_Formatting_SanitizeUser" file="/Users/nacin/Sites/develop.svn.wordpress.org/tests/tests/formatting/SanitizeUser.php" line="20" assertions="1" time="0.002028"/>
      <testcase name="test_optional_strict_mode_reduces_to_safe_ascii_subset" class="Tests_Formatting_SanitizeUser" file="/Users/nacin/Sites/develop.svn.wordpress.org/tests/tests/formatting/SanitizeUser.php" line="24" assertions="1" time="0.003571"/>
    </testsuite>
    <testsuite name="Tests_Formatting_SeemsUtf8" file="/Users/nacin/Sites/develop.svn.wordpress.org/tests/tests/formatting/SeemsUtf8.php" fullPackage="Tests.Formatting" tests="5" assertions="5" failures="0" errors="0" time="0.010932">
      <testsuite name="Tests_Formatting_SeemsUtf8::test_returns_true_for_utf8_strings" tests="5" assertions="5" failures="0" errors="0" time="0.010932">
        <testcase name="test_returns_true_for_utf8_strings with data set #0" assertions="1" time="0.002124"/>
        <testcase name="test_returns_true_for_utf8_strings with data set #1" assertions="1" time="0.002089"/>
        <testcase name="test_returns_true_for_utf8_strings with data set #2" assertions="1" time="0.002099"/>
        <testcase name="test_returns_true_for_utf8_strings with data set #3" assertions="1" time="0.002425"/>
        <testcase name="test_returns_true_for_utf8_strings with data set #4" assertions="1" time="0.002195"/>
      </testsuite>
      <testsuite name="Tests_Formatting_SeemsUtf8::test_returns_false_for_non_utf8_strings" tests="0" assertions="0" failures="0" errors="0" time="0.000000"/>
    </testsuite>
    <testsuite name="Tests_Formatting_Slashit" file="/Users/nacin/Sites/develop.svn.wordpress.org/tests/tests/formatting/Slashit.php" fullPackage="Tests.Formatting" tests="6" assertions="7" failures="0" errors="0" time="0.014375">
      <testcase name="test_backslashes_middle_numbers" class="Tests_Formatting_Slashit" file="/Users/nacin/Sites/develop.svn.wordpress.org/tests/tests/formatting/Slashit.php" line="7" assertions="1" time="0.003031"/>
      <testcase name="test_backslashes_alphas" class="Tests_Formatting_Slashit" file="/Users/nacin/Sites/develop.svn.wordpress.org/tests/tests/formatting/Slashit.php" line="11" assertions="1" time="0.002910"/>
      <testcase name="test_double_backslashes_leading_numbers" class="Tests_Formatting_Slashit" file="/Users/nacin/Sites/develop.svn.wordpress.org/tests/tests/formatting/Slashit.php" line="15" assertions="1" time="0.002461"/>
      <testcase name="test_removes_trailing_slashes" class="Tests_Formatting_Slashit" file="/Users/nacin/Sites/develop.svn.wordpress.org/tests/tests/formatting/Slashit.php" line="19" assertions="2" time="0.002316"/>
      <testcase name="test_adds_trailing_slash" class="Tests_Formatting_Slashit" file="/Users/nacin/Sites/develop.svn.wordpress.org/tests/tests/formatting/Slashit.php" line="24" assertions="1" time="0.001899"/>
      <testcase name="test_does_not_add_trailing_slash_if_one_exists" class="Tests_Formatting_Slashit" file="/Users/nacin/Sites/develop.svn.wordpress.org/tests/tests/formatting/Slashit.php" line="28" assertions="1" time="0.001758"/>
    </testsuite>
    <testsuite name="Tests_Formatting_Smilies" file="/Users/nacin/Sites/develop.svn.wordpress.org/tests/tests/formatting/Smilies.php" fullPackage="Tests.Formatting" tests="1" assertions="12" failures="0" errors="0" time="0.009583">
      <testcase name="test_convert_smilies" class="Tests_Formatting_Smilies" file="/Users/nacin/Sites/develop.svn.wordpress.org/tests/tests/formatting/Smilies.php" line="8" assertions="12" time="0.009583"/>
    </testsuite>
    <testsuite name="Tests_Formatting_StripSlashesDeep" file="/Users/nacin/Sites/develop.svn.wordpress.org/tests/tests/formatting/StripSlashesDeep.php" fullPackage="Tests.Formatting" tests="3" assertions="14" failures="0" errors="0" time="0.010120">
      <testcase name="test_preserves_original_datatype" class="Tests_Formatting_StripSlashesDeep" file="/Users/nacin/Sites/develop.svn.wordpress.org/tests/tests/formatting/StripSlashesDeep.php" line="10" assertions="7" time="0.004186"/>
      <testcase name="test_strips_slashes" class="Tests_Formatting_StripSlashesDeep" file="/Users/nacin/Sites/develop.svn.wordpress.org/tests/tests/formatting/StripSlashesDeep.php" line="27" assertions="5" time="0.003318"/>
      <testcase name="test_permits_escaped_slash" class="Tests_Formatting_StripSlashesDeep" file="/Users/nacin/Sites/develop.svn.wordpress.org/tests/tests/formatting/StripSlashesDeep.php" line="42" assertions="2" time="0.002616"/>
    </testsuite>
    <testsuite name="Tests_Formatting_UrlEncodedToEntities" file="/Users/nacin/Sites/develop.svn.wordpress.org/tests/tests/formatting/UrlEncodedToEntities.php" fullPackage="Tests.Formatting" tests="5" assertions="5" failures="0" errors="0" time="0.012234">
      <testsuite name="Tests_Formatting_UrlEncodedToEntities::test_convert_urlencoded_to_entities" tests="5" assertions="5" failures="0" errors="0" time="0.012234">
        <testcase name="test_convert_urlencoded_to_entities with data set #0" assertions="1" time="0.002651"/>
        <testcase name="test_convert_urlencoded_to_entities with data set #1" assertions="1" time="0.002490"/>
        <testcase name="test_convert_urlencoded_to_entities with data set #2" assertions="1" time="0.002591"/>
        <testcase name="test_convert_urlencoded_to_entities with data set #3" assertions="1" time="0.002581"/>
        <testcase name="test_convert_urlencoded_to_entities with data set #4" assertions="1" time="0.001921"/>
      </testsuite>
    </testsuite>
    <testsuite name="Tests_Formatting_Utf8UriEncode" file="/Users/nacin/Sites/develop.svn.wordpress.org/tests/tests/formatting/Utf8UriEncode.php" fullPackage="Tests.Formatting" tests="10" assertions="10" failures="0" errors="0" time="0.022869">
      <testsuite name="Tests_Formatting_Utf8UriEncode::test_percent_encodes_non_reserved_characters" tests="5" assertions="5" failures="0" errors="0" time="0.010751">
        <testcase name="test_percent_encodes_non_reserved_characters with data set #0" assertions="1" time="0.002067"/>
        <testcase name="test_percent_encodes_non_reserved_characters with data set #1" assertions="1" time="0.002220"/>
        <testcase name="test_percent_encodes_non_reserved_characters with data set #2" assertions="1" time="0.002055"/>
        <testcase name="test_percent_encodes_non_reserved_characters with data set #3" assertions="1" time="0.002250"/>
        <testcase name="test_percent_encodes_non_reserved_characters with data set #4" assertions="1" time="0.002158"/>
      </testsuite>
      <testsuite name="Tests_Formatting_Utf8UriEncode::test_output_is_not_longer_than_optional_length_argument" tests="5" assertions="5" failures="0" errors="0" time="0.012118">
        <testcase name="test_output_is_not_longer_than_optional_length_argument with data set #0" assertions="1" time="0.002457"/>
        <testcase name="test_output_is_not_longer_than_optional_length_argument with data set #1" assertions="1" time="0.002699"/>
        <testcase name="test_output_is_not_longer_than_optional_length_argument with data set #2" assertions="1" time="0.002265"/>
        <testcase name="test_output_is_not_longer_than_optional_length_argument with data set #3" assertions="1" time="0.002341"/>
        <testcase name="test_output_is_not_longer_than_optional_length_argument with data set #4" assertions="1" time="0.002356"/>
      </testsuite>
    </testsuite>
    <testsuite name="Tests_Formatting_WPSpecialchars" file="/Users/nacin/Sites/develop.svn.wordpress.org/tests/tests/formatting/WPSpecialchars.php" fullPackage="Tests.Formatting" tests="4" assertions="262" failures="0" errors="0" time="0.059715">
      <testcase name="test_wp_specialchars_basics" class="Tests_Formatting_WPSpecialchars" file="/Users/nacin/Sites/develop.svn.wordpress.org/tests/tests/formatting/WPSpecialchars.php" line="7" assertions="2" time="0.002643"/>
      <testcase name="test_allowed_entity_names" class="Tests_Formatting_WPSpecialchars" file="/Users/nacin/Sites/develop.svn.wordpress.org/tests/tests/formatting/WPSpecialchars.php" line="15" assertions="246" time="0.050809"/>
      <testcase name="test_not_allowed_entity_names" class="Tests_Formatting_WPSpecialchars" file="/Users/nacin/Sites/develop.svn.wordpress.org/tests/tests/formatting/WPSpecialchars.php" line="25" assertions="10" time="0.003764"/>
      <testcase name="test_optionally_escapes_quotes" class="Tests_Formatting_WPSpecialchars" file="/Users/nacin/Sites/develop.svn.wordpress.org/tests/tests/formatting/WPSpecialchars.php" line="35" assertions="4" time="0.002499"/>
    </testsuite>
    <testsuite name="Tests_Formatting_WPTexturize" file="/Users/nacin/Sites/develop.svn.wordpress.org/tests/tests/formatting/WPTexturize.php" fullPackage="Tests.Formatting" tests="8" assertions="34" failures="0" errors="0" time="0.023292">
      <testcase name="test_dashes" class="Tests_Formatting_WPTexturize" file="/Users/nacin/Sites/develop.svn.wordpress.org/tests/tests/formatting/WPTexturize.php" line="7" assertions="2" time="0.002750"/>
      <testcase name="test_disable" class="Tests_Formatting_WPTexturize" file="/Users/nacin/Sites/develop.svn.wordpress.org/tests/tests/formatting/WPTexturize.php" line="12" assertions="8" time="0.003923"/>
      <testcase name="test_bracketed_quotes_1418" class="Tests_Formatting_WPTexturize" file="/Users/nacin/Sites/develop.svn.wordpress.org/tests/tests/formatting/WPTexturize.php" line="33" assertions="3" time="0.002345"/>
      <testcase name="test_bracketed_quotes_3810" class="Tests_Formatting_WPTexturize" file="/Users/nacin/Sites/develop.svn.wordpress.org/tests/tests/formatting/WPTexturize.php" line="40" assertions="1" time="0.002396"/>
      <testcase name="test_basic_quotes" class="Tests_Formatting_WPTexturize" file="/Users/nacin/Sites/develop.svn.wordpress.org/tests/tests/formatting/WPTexturize.php" line="45" assertions="12" time="0.003933"/>
      <testcase name="test_quotes_after_numbers" class="Tests_Formatting_WPTexturize" file="/Users/nacin/Sites/develop.svn.wordpress.org/tests/tests/formatting/WPTexturize.php" line="119" assertions="1" time="0.002413"/>
      <testcase name="test_x" class="Tests_Formatting_WPTexturize" file="/Users/nacin/Sites/develop.svn.wordpress.org/tests/tests/formatting/WPTexturize.php" line="133" assertions="1" time="0.002206"/>
      <testcase name="test_minutes_seconds" class="Tests_Formatting_WPTexturize" file="/Users/nacin/Sites/develop.svn.wordpress.org/tests/tests/formatting/WPTexturize.php" line="137" assertions="6" time="0.003326"/>
    </testsuite>
    <testsuite name="Tests_Formatting_WPTrimWords" file="/Users/nacin/Sites/develop.svn.wordpress.org/tests/tests/formatting/WPTrimWords.php" fullPackage="Tests.Formatting" tests="6" assertions="7" failures="0" errors="0" time="0.014472">
      <testcase name="test_trims_to_55_by_default" class="Tests_Formatting_WPTrimWords" file="/Users/nacin/Sites/develop.svn.wordpress.org/tests/tests/formatting/WPTrimWords.php" line="9" assertions="1" time="0.002459"/>
      <testcase name="test_trims_to_10" class="Tests_Formatting_WPTrimWords" file="/Users/nacin/Sites/develop.svn.wordpress.org/tests/tests/formatting/WPTrimWords.php" line="14" assertions="1" time="0.002362"/>
      <testcase name="test_trims_to_5_and_uses_custom_more" class="Tests_Formatting_WPTrimWords" file="/Users/nacin/Sites/develop.svn.wordpress.org/tests/tests/formatting/WPTrimWords.php" line="19" assertions="1" time="0.002585"/>
      <testcase name="test_strips_tags_before_trimming" class="Tests_Formatting_WPTrimWords" file="/Users/nacin/Sites/develop.svn.wordpress.org/tests/tests/formatting/WPTrimWords.php" line="24" assertions="1" time="0.002111"/>
      <testcase name="test_strips_script_and_style_content" class="Tests_Formatting_WPTrimWords" file="/Users/nacin/Sites/develop.svn.wordpress.org/tests/tests/formatting/WPTrimWords.php" line="31" assertions="2" time="0.002671"/>
      <testcase name="test_doesnt_trim_short_text" class="Tests_Formatting_WPTrimWords" file="/Users/nacin/Sites/develop.svn.wordpress.org/tests/tests/formatting/WPTrimWords.php" line="41" assertions="1" time="0.002284"/>
    </testsuite>
    <testsuite name="Tests_Formatting_WpHtmlEditPre" file="/Users/nacin/Sites/develop.svn.wordpress.org/tests/tests/formatting/WpHtmlEditPre.php" fullPackage="Tests.Formatting" tests="2" assertions="2" failures="0" errors="0" time="0.004408">
      <testcase name="test_wp_htmledit_pre_charset_iso_8859_1" class="Tests_Formatting_WpHtmlEditPre" file="/Users/nacin/Sites/develop.svn.wordpress.org/tests/tests/formatting/WpHtmlEditPre.php" line="16" assertions="1" time="0.002389"/>
      <testcase name="test_wp_htmledit_pre_charset_utf_8" class="Tests_Formatting_WpHtmlEditPre" file="/Users/nacin/Sites/develop.svn.wordpress.org/tests/tests/formatting/WpHtmlEditPre.php" line="30" assertions="1" time="0.002019"/>
    </testsuite>
    <testsuite name="Tests_Formatting_WpRichEditPre" file="/Users/nacin/Sites/develop.svn.wordpress.org/tests/tests/formatting/WpRichEditPre.php" fullPackage="Tests.Formatting" tests="2" assertions="2" failures="0" errors="0" time="0.004820">
      <testcase name="test_wp_richedit_pre_charset_iso_8859_1" class="Tests_Formatting_WpRichEditPre" file="/Users/nacin/Sites/develop.svn.wordpress.org/tests/tests/formatting/WpRichEditPre.php" line="16" assertions="1" time="0.002398"/>
      <testcase name="test_wp_richedit_pre_charset_utf_8" class="Tests_Formatting_WpRichEditPre" file="/Users/nacin/Sites/develop.svn.wordpress.org/tests/tests/formatting/WpRichEditPre.php" line="30" assertions="1" time="0.002422"/>
    </testsuite>
    <testsuite name="Tests_Formatting_Zeroise" file="/Users/nacin/Sites/develop.svn.wordpress.org/tests/tests/formatting/Zeroise.php" fullPackage="Tests.Formatting" tests="2" assertions="2" failures="0" errors="0" time="0.004315">
      <testcase name="test_pads_with_leading_zeroes" class="Tests_Formatting_Zeroise" file="/Users/nacin/Sites/develop.svn.wordpress.org/tests/tests/formatting/Zeroise.php" line="7" assertions="1" time="0.002095"/>
      <testcase name="test_does_nothing_if_input_is_already_longer" class="Tests_Formatting_Zeroise" file="/Users/nacin/Sites/develop.svn.wordpress.org/tests/tests/formatting/Zeroise.php" line="11" assertions="1" time="0.002220"/>
    </testsuite>
    <testsuite name="Tests_Formatting_BalanceTags" file="/Users/nacin/Sites/develop.svn.wordpress.org/tests/tests/formatting/balanceTags.php" fullPackage="Tests.Formatting" tests="50" assertions="72" failures="0" errors="0" time="0.142807">
      <testsuite name="Tests_Formatting_BalanceTags::test_selfcloses_unclosed_basic_known_single_tags" tests="4" assertions="4" failures="0" errors="0" time="0.009102">
        <testcase name="test_selfcloses_unclosed_basic_known_single_tags with data set #0" assertions="1" time="0.002152"/>
        <testcase name="test_selfcloses_unclosed_basic_known_single_tags with data set #1" assertions="1" time="0.002160"/>
        <testcase name="test_selfcloses_unclosed_basic_known_single_tags with data set #2" assertions="1" time="0.002267"/>
        <testcase name="test_selfcloses_unclosed_basic_known_single_tags with data set #3" assertions="1" time="0.002523"/>
      </testsuite>
      <testsuite name="Tests_Formatting_BalanceTags::test_selfcloses_unclosed_known_single_tags" tests="16" assertions="16" failures="0" errors="0" time="0.046068">
        <testcase name="test_selfcloses_unclosed_known_single_tags with data set #0" assertions="1" time="0.002029"/>
        <testcase name="test_selfcloses_unclosed_known_single_tags with data set #1" assertions="1" time="0.002909"/>
        <testcase name="test_selfcloses_unclosed_known_single_tags with data set #2" assertions="1" time="0.003132"/>
        <testcase name="test_selfcloses_unclosed_known_single_tags with data set #3" assertions="1" time="0.002408"/>
        <testcase name="test_selfcloses_unclosed_known_single_tags with data set #4" assertions="1" time="0.002496"/>
        <testcase name="test_selfcloses_unclosed_known_single_tags with data set #5" assertions="1" time="0.002982"/>
        <testcase name="test_selfcloses_unclosed_known_single_tags with data set #6" assertions="1" time="0.002682"/>
        <testcase name="test_selfcloses_unclosed_known_single_tags with data set #7" assertions="1" time="0.002686"/>
        <testcase name="test_selfcloses_unclosed_known_single_tags with data set #8" assertions="1" time="0.002415"/>
        <testcase name="test_selfcloses_unclosed_known_single_tags with data set #9" assertions="1" time="0.003594"/>
        <testcase name="test_selfcloses_unclosed_known_single_tags with data set #10" assertions="1" time="0.002964"/>
        <testcase name="test_selfcloses_unclosed_known_single_tags with data set #11" assertions="1" time="0.002590"/>
        <testcase name="test_selfcloses_unclosed_known_single_tags with data set #12" assertions="1" time="0.003282"/>
        <testcase name="test_selfcloses_unclosed_known_single_tags with data set #13" assertions="1" time="0.002786"/>
        <testcase name="test_selfcloses_unclosed_known_single_tags with data set #14" assertions="1" time="0.003869"/>
        <testcase name="test_selfcloses_unclosed_known_single_tags with data set #15" assertions="1" time="0.003244"/>
      </testsuite>
      <testsuite name="Tests_Formatting_BalanceTags::test_selfcloses_basic_known_single_tags_having_closing_tag" tests="4" assertions="4" failures="0" errors="0" time="0.010277">
        <testcase name="test_selfcloses_basic_known_single_tags_having_closing_tag with data set #0" assertions="1" time="0.002664"/>
        <testcase name="test_selfcloses_basic_known_single_tags_having_closing_tag with data set #1" assertions="1" time="0.002949"/>
        <testcase name="test_selfcloses_basic_known_single_tags_having_closing_tag with data set #2" assertions="1" time="0.002445"/>
        <testcase name="test_selfcloses_basic_known_single_tags_having_closing_tag with data set #3" assertions="1" time="0.002219"/>
      </testsuite>
      <testsuite name="Tests_Formatting_BalanceTags::test_selfcloses_known_single_tags_having_closing_tag" tests="16" assertions="16" failures="0" errors="0" time="0.050473">
        <testcase name="test_selfcloses_known_single_tags_having_closing_tag with data set #0" assertions="1" time="0.003070"/>
        <testcase name="test_selfcloses_known_single_tags_having_closing_tag with data set #1" assertions="1" time="0.002963"/>
        <testcase name="test_selfcloses_known_single_tags_having_closing_tag with data set #2" assertions="1" time="0.002698"/>
        <testcase name="test_selfcloses_known_single_tags_having_closing_tag with data set #3" assertions="1" time="0.002608"/>
        <testcase name="test_selfcloses_known_single_tags_having_closing_tag with data set #4" assertions="1" time="0.003362"/>
        <testcase name="test_selfcloses_known_single_tags_having_closing_tag with data set #5" assertions="1" time="0.003238"/>
        <testcase name="test_selfcloses_known_single_tags_having_closing_tag with data set #6" assertions="1" time="0.005731"/>
        <testcase name="test_selfcloses_known_single_tags_having_closing_tag with data set #7" assertions="1" time="0.004065"/>
        <testcase name="test_selfcloses_known_single_tags_having_closing_tag with data set #8" assertions="1" time="0.002722"/>
        <testcase name="test_selfcloses_known_single_tags_having_closing_tag with data set #9" assertions="1" time="0.002968"/>
        <testcase name="test_selfcloses_known_single_tags_having_closing_tag with data set #10" assertions="1" time="0.002726"/>
        <testcase name="test_selfcloses_known_single_tags_having_closing_tag with data set #11" assertions="1" time="0.002883"/>
        <testcase name="test_selfcloses_known_single_tags_having_closing_tag with data set #12" assertions="1" time="0.003001"/>
        <testcase name="test_selfcloses_known_single_tags_having_closing_tag with data set #13" assertions="1" time="0.002463"/>
        <testcase name="test_selfcloses_known_single_tags_having_closing_tag with data set #14" assertions="1" time="0.002933"/>
        <testcase name="test_selfcloses_known_single_tags_having_closing_tag with data set #15" assertions="1" time="0.003043"/>
      </testsuite>
      <testcase name="test_closes_unknown_single_tags_with_closing_tag" class="Tests_Formatting_BalanceTags" file="/Users/nacin/Sites/develop.svn.wordpress.org/tests/tests/formatting/balanceTags.php" line="76" assertions="4" time="0.003305"/>
      <testcase name="test_closes_unclosed_single_tags_having_attributes" class="Tests_Formatting_BalanceTags" file="/Users/nacin/Sites/develop.svn.wordpress.org/tests/tests/formatting/balanceTags.php" line="96" assertions="2" time="0.002352"/>
      <testcase name="test_allows_validly_closed_single_tags" class="Tests_Formatting_BalanceTags" file="/Users/nacin/Sites/develop.svn.wordpress.org/tests/tests/formatting/balanceTags.php" line="111" assertions="4" time="0.002828"/>
      <testcase name="test_balances_nestable_tags" class="Tests_Formatting_BalanceTags" file="/Users/nacin/Sites/develop.svn.wordpress.org/tests/tests/formatting/balanceTags.php" line="124" assertions="3" time="0.002625"/>
      <testcase name="test_allows_adjacent_nestable_tags" class="Tests_Formatting_BalanceTags" file="/Users/nacin/Sites/develop.svn.wordpress.org/tests/tests/formatting/balanceTags.php" line="141" assertions="5" time="0.003069"/>
      <testcase name="test_allows_immediately_nested_object_tags" class="Tests_Formatting_BalanceTags" file="/Users/nacin/Sites/develop.svn.wordpress.org/tests/tests/formatting/balanceTags.php" line="158" assertions="1" time="0.003216"/>
      <testcase name="test_balances_nested_non_nestable_tags" class="Tests_Formatting_BalanceTags" file="/Users/nacin/Sites/develop.svn.wordpress.org/tests/tests/formatting/balanceTags.php" line="164" assertions="2" time="0.002558"/>
      <testcase name="test_fixes_improper_closing_tag_sequence" class="Tests_Formatting_BalanceTags" file="/Users/nacin/Sites/develop.svn.wordpress.org/tests/tests/formatting/balanceTags.php" line="179" assertions="2" time="0.002214"/>
      <testcase name="test_adds_missing_closing_tags" class="Tests_Formatting_BalanceTags" file="/Users/nacin/Sites/develop.svn.wordpress.org/tests/tests/formatting/balanceTags.php" line="194" assertions="5" time="0.002199"/>
      <testcase name="test_removes_extraneous_closing_tags" class="Tests_Formatting_BalanceTags" file="/Users/nacin/Sites/develop.svn.wordpress.org/tests/tests/formatting/balanceTags.php" line="215" assertions="4" time="0.002520"/>
    </testsuite>
    <testsuite name="Tests_Formatting_Date" file="/Users/nacin/Sites/develop.svn.wordpress.org/tests/tests/formatting/date.php" fullPackage="Tests.Formatting" tests="0" assertions="0" failures="0" errors="0" time="0.000000"/>
    <testsuite name="Tests_Formatting_Ent2NCR" file="/Users/nacin/Sites/develop.svn.wordpress.org/tests/tests/formatting/ent2ncr.php" fullPackage="Tests.Formatting" tests="251" assertions="251" failures="0" errors="0" time="0.635980">
      <testsuite name="Tests_Formatting_Ent2NCR::test_converts_named_entities_to_numeric_character_references" tests="251" assertions="251" failures="0" errors="0" time="0.635980">
        <testcase name="test_converts_named_entities_to_numeric_character_references with data set #0" assertions="1" time="0.002895"/>
        <testcase name="test_converts_named_entities_to_numeric_character_references with data set #1" assertions="1" time="0.002653"/>
        <testcase name="test_converts_named_entities_to_numeric_character_references with data set #2" assertions="1" time="0.002512"/>
        <testcase name="test_converts_named_entities_to_numeric_character_references with data set #3" assertions="1" time="0.002917"/>
        <testcase name="test_converts_named_entities_to_numeric_character_references with data set #4" assertions="1" time="0.027334"/>
        <testcase name="test_converts_named_entities_to_numeric_character_references with data set #5" assertions="1" time="0.002784"/>
        <testcase name="test_converts_named_entities_to_numeric_character_references with data set #6" assertions="1" time="0.002309"/>
        <testcase name="test_converts_named_entities_to_numeric_character_references with data set #7" assertions="1" time="0.001884"/>
        <testcase name="test_converts_named_entities_to_numeric_character_references with data set #8" assertions="1" time="0.001733"/>
        <testcase name="test_converts_named_entities_to_numeric_character_references with data set #9" assertions="1" time="0.001779"/>
        <testcase name="test_converts_named_entities_to_numeric_character_references with data set #10" assertions="1" time="0.001893"/>
        <testcase name="test_converts_named_entities_to_numeric_character_references with data set #11" assertions="1" time="0.002224"/>
        <testcase name="test_converts_named_entities_to_numeric_character_references with data set #12" assertions="1" time="0.002586"/>
        <testcase name="test_converts_named_entities_to_numeric_character_references with data set #13" assertions="1" time="0.002906"/>
        <testcase name="test_converts_named_entities_to_numeric_character_references with data set #14" assertions="1" time="0.002221"/>
        <testcase name="test_converts_named_entities_to_numeric_character_references with data set #15" assertions="1" time="0.002182"/>
        <testcase name="test_converts_named_entities_to_numeric_character_references with data set #16" assertions="1" time="0.002536"/>
        <testcase name="test_converts_named_entities_to_numeric_character_references with data set #17" assertions="1" time="0.002555"/>
        <testcase name="test_converts_named_entities_to_numeric_character_references with data set #18" assertions="1" time="0.002299"/>
        <testcase name="test_converts_named_entities_to_numeric_character_references with data set #19" assertions="1" time="0.002738"/>
        <testcase name="test_converts_named_entities_to_numeric_character_references with data set #20" assertions="1" time="0.002818"/>
        <testcase name="test_converts_named_entities_to_numeric_character_references with data set #21" assertions="1" time="0.002363"/>
        <testcase name="test_converts_named_entities_to_numeric_character_references with data set #22" assertions="1" time="0.001900"/>
        <testcase name="test_converts_named_entities_to_numeric_character_references with data set #23" assertions="1" time="0.001897"/>
        <testcase name="test_converts_named_entities_to_numeric_character_references with data set #24" assertions="1" time="0.001678"/>
        <testcase name="test_converts_named_entities_to_numeric_character_references with data set #25" assertions="1" time="0.002064"/>
        <testcase name="test_converts_named_entities_to_numeric_character_references with data set #26" assertions="1" time="0.001974"/>
        <testcase name="test_converts_named_entities_to_numeric_character_references with data set #27" assertions="1" time="0.002514"/>
        <testcase name="test_converts_named_entities_to_numeric_character_references with data set #28" assertions="1" time="0.002937"/>
        <testcase name="test_converts_named_entities_to_numeric_character_references with data set #29" assertions="1" time="0.002948"/>
        <testcase name="test_converts_named_entities_to_numeric_character_references with data set #30" assertions="1" time="0.002149"/>
        <testcase name="test_converts_named_entities_to_numeric_character_references with data set #31" assertions="1" time="0.002249"/>
        <testcase name="test_converts_named_entities_to_numeric_character_references with data set #32" assertions="1" time="0.002299"/>
        <testcase name="test_converts_named_entities_to_numeric_character_references with data set #33" assertions="1" time="0.002994"/>
        <testcase name="test_converts_named_entities_to_numeric_character_references with data set #34" assertions="1" time="0.001999"/>
        <testcase name="test_converts_named_entities_to_numeric_character_references with data set #35" assertions="1" time="0.001956"/>
        <testcase name="test_converts_named_entities_to_numeric_character_references with data set #36" assertions="1" time="0.001720"/>
        <testcase name="test_converts_named_entities_to_numeric_character_references with data set #37" assertions="1" time="0.002074"/>
        <testcase name="test_converts_named_entities_to_numeric_character_references with data set #38" assertions="1" time="0.002750"/>
        <testcase name="test_converts_named_entities_to_numeric_character_references with data set #39" assertions="1" time="0.003166"/>
        <testcase name="test_converts_named_entities_to_numeric_character_references with data set #40" assertions="1" time="0.003196"/>
        <testcase name="test_converts_named_entities_to_numeric_character_references with data set #41" assertions="1" time="0.002891"/>
        <testcase name="test_converts_named_entities_to_numeric_character_references with data set #42" assertions="1" time="0.002754"/>
        <testcase name="test_converts_named_entities_to_numeric_character_references with data set #43" assertions="1" time="0.002721"/>
        <testcase name="test_converts_named_entities_to_numeric_character_references with data set #44" assertions="1" time="0.002563"/>
        <testcase name="test_converts_named_entities_to_numeric_character_references with data set #45" assertions="1" time="0.002987"/>
        <testcase name="test_converts_named_entities_to_numeric_character_references with data set #46" assertions="1" time="0.002750"/>
        <testcase name="test_converts_named_entities_to_numeric_character_references with data set #47" assertions="1" time="0.002726"/>
        <testcase name="test_converts_named_entities_to_numeric_character_references with data set #48" assertions="1" time="0.002814"/>
        <testcase name="test_converts_named_entities_to_numeric_character_references with data set #49" assertions="1" time="0.002334"/>
        <testcase name="test_converts_named_entities_to_numeric_character_references with data set #50" assertions="1" time="0.002445"/>
        <testcase name="test_converts_named_entities_to_numeric_character_references with data set #51" assertions="1" time="0.002787"/>
        <testcase name="test_converts_named_entities_to_numeric_character_references with data set #52" assertions="1" time="0.002650"/>
        <testcase name="test_converts_named_entities_to_numeric_character_references with data set #53" assertions="1" time="0.002554"/>
        <testcase name="test_converts_named_entities_to_numeric_character_references with data set #54" assertions="1" time="0.003038"/>
        <testcase name="test_converts_named_entities_to_numeric_character_references with data set #55" assertions="1" time="0.002759"/>
        <testcase name="test_converts_named_entities_to_numeric_character_references with data set #56" assertions="1" time="0.002724"/>
        <testcase name="test_converts_named_entities_to_numeric_character_references with data set #57" assertions="1" time="0.002668"/>
        <testcase name="test_converts_named_entities_to_numeric_character_references with data set #58" assertions="1" time="0.002540"/>
        <testcase name="test_converts_named_entities_to_numeric_character_references with data set #59" assertions="1" time="0.002706"/>
        <testcase name="test_converts_named_entities_to_numeric_character_references with data set #60" assertions="1" time="0.002443"/>
        <testcase name="test_converts_named_entities_to_numeric_character_references with data set #61" assertions="1" time="0.002075"/>
        <testcase name="test_converts_named_entities_to_numeric_character_references with data set #62" assertions="1" time="0.002163"/>
        <testcase name="test_converts_named_entities_to_numeric_character_references with data set #63" assertions="1" time="0.002233"/>
        <testcase name="test_converts_named_entities_to_numeric_character_references with data set #64" assertions="1" time="0.002300"/>
        <testcase name="test_converts_named_entities_to_numeric_character_references with data set #65" assertions="1" time="0.002330"/>
        <testcase name="test_converts_named_entities_to_numeric_character_references with data set #66" assertions="1" time="0.002741"/>
        <testcase name="test_converts_named_entities_to_numeric_character_references with data set #67" assertions="1" time="0.002070"/>
        <testcase name="test_converts_named_entities_to_numeric_character_references with data set #68" assertions="1" time="0.002062"/>
        <testcase name="test_converts_named_entities_to_numeric_character_references with data set #69" assertions="1" time="0.002950"/>
        <testcase name="test_converts_named_entities_to_numeric_character_references with data set #70" assertions="1" time="0.002450"/>
        <testcase name="test_converts_named_entities_to_numeric_character_references with data set #71" assertions="1" time="0.002336"/>
        <testcase name="test_converts_named_entities_to_numeric_character_references with data set #72" assertions="1" time="0.003044"/>
        <testcase name="test_converts_named_entities_to_numeric_character_references with data set #73" assertions="1" time="0.001790"/>
        <testcase name="test_converts_named_entities_to_numeric_character_references with data set #74" assertions="1" time="0.001781"/>
        <testcase name="test_converts_named_entities_to_numeric_character_references with data set #75" assertions="1" time="0.003100"/>
        <testcase name="test_converts_named_entities_to_numeric_character_references with data set #76" assertions="1" time="0.002254"/>
        <testcase name="test_converts_named_entities_to_numeric_character_references with data set #77" assertions="1" time="0.003037"/>
        <testcase name="test_converts_named_entities_to_numeric_character_references with data set #78" assertions="1" time="0.002378"/>
        <testcase name="test_converts_named_entities_to_numeric_character_references with data set #79" assertions="1" time="0.002323"/>
        <testcase name="test_converts_named_entities_to_numeric_character_references with data set #80" assertions="1" time="0.002214"/>
        <testcase name="test_converts_named_entities_to_numeric_character_references with data set #81" assertions="1" time="0.001929"/>
        <testcase name="test_converts_named_entities_to_numeric_character_references with data set #82" assertions="1" time="0.001969"/>
        <testcase name="test_converts_named_entities_to_numeric_character_references with data set #83" assertions="1" time="0.001944"/>
        <testcase name="test_converts_named_entities_to_numeric_character_references with data set #84" assertions="1" time="0.002089"/>
        <testcase name="test_converts_named_entities_to_numeric_character_references with data set #85" assertions="1" time="0.002311"/>
        <testcase name="test_converts_named_entities_to_numeric_character_references with data set #86" assertions="1" time="0.002660"/>
        <testcase name="test_converts_named_entities_to_numeric_character_references with data set #87" assertions="1" time="0.002611"/>
        <testcase name="test_converts_named_entities_to_numeric_character_references with data set #88" assertions="1" time="0.002809"/>
        <testcase name="test_converts_named_entities_to_numeric_character_references with data set #89" assertions="1" time="0.001747"/>
        <testcase name="test_converts_named_entities_to_numeric_character_references with data set #90" assertions="1" time="0.001557"/>
        <testcase name="test_converts_named_entities_to_numeric_character_references with data set #91" assertions="1" time="0.001535"/>
        <testcase name="test_converts_named_entities_to_numeric_character_references with data set #92" assertions="1" time="0.003283"/>
        <testcase name="test_converts_named_entities_to_numeric_character_references with data set #93" assertions="1" time="0.002478"/>
        <testcase name="test_converts_named_entities_to_numeric_character_references with data set #94" assertions="1" time="0.002217"/>
        <testcase name="test_converts_named_entities_to_numeric_character_references with data set #95" assertions="1" time="0.002433"/>
        <testcase name="test_converts_named_entities_to_numeric_character_references with data set #96" assertions="1" time="0.002691"/>
        <testcase name="test_converts_named_entities_to_numeric_character_references with data set #97" assertions="1" time="0.002754"/>
        <testcase name="test_converts_named_entities_to_numeric_character_references with data set #98" assertions="1" time="0.002808"/>
        <testcase name="test_converts_named_entities_to_numeric_character_references with data set #99" assertions="1" time="0.002686"/>
        <testcase name="test_converts_named_entities_to_numeric_character_references with data set #100" assertions="1" time="0.003143"/>
        <testcase name="test_converts_named_entities_to_numeric_character_references with data set #101" assertions="1" time="0.003158"/>
        <testcase name="test_converts_named_entities_to_numeric_character_references with data set #102" assertions="1" time="0.003568"/>
        <testcase name="test_converts_named_entities_to_numeric_character_references with data set #103" assertions="1" time="0.002562"/>
        <testcase name="test_converts_named_entities_to_numeric_character_references with data set #104" assertions="1" time="0.002540"/>
        <testcase name="test_converts_named_entities_to_numeric_character_references with data set #105" assertions="1" time="0.002579"/>
        <testcase name="test_converts_named_entities_to_numeric_character_references with data set #106" assertions="1" time="0.002648"/>
        <testcase name="test_converts_named_entities_to_numeric_character_references with data set #107" assertions="1" time="0.002811"/>
        <testcase name="test_converts_named_entities_to_numeric_character_references with data set #108" assertions="1" time="0.002062"/>
        <testcase name="test_converts_named_entities_to_numeric_character_references with data set #109" assertions="1" time="0.001874"/>
        <testcase name="test_converts_named_entities_to_numeric_character_references with data set #110" assertions="1" time="0.002015"/>
        <testcase name="test_converts_named_entities_to_numeric_character_references with data set #111" assertions="1" time="0.002112"/>
        <testcase name="test_converts_named_entities_to_numeric_character_references with data set #112" assertions="1" time="0.002846"/>
        <testcase name="test_converts_named_entities_to_numeric_character_references with data set #113" assertions="1" time="0.002527"/>
        <testcase name="test_converts_named_entities_to_numeric_character_references with data set #114" assertions="1" time="0.002445"/>
        <testcase name="test_converts_named_entities_to_numeric_character_references with data set #115" assertions="1" time="0.002949"/>
        <testcase name="test_converts_named_entities_to_numeric_character_references with data set #116" assertions="1" time="0.002347"/>
        <testcase name="test_converts_named_entities_to_numeric_character_references with data set #117" assertions="1" time="0.002690"/>
        <testcase name="test_converts_named_entities_to_numeric_character_references with data set #118" assertions="1" time="0.003006"/>
        <testcase name="test_converts_named_entities_to_numeric_character_references with data set #119" assertions="1" time="0.002556"/>
        <testcase name="test_converts_named_entities_to_numeric_character_references with data set #120" assertions="1" time="0.002612"/>
        <testcase name="test_converts_named_entities_to_numeric_character_references with data set #121" assertions="1" time="0.003058"/>
        <testcase name="test_converts_named_entities_to_numeric_character_references with data set #122" assertions="1" time="0.002869"/>
        <testcase name="test_converts_named_entities_to_numeric_character_references with data set #123" assertions="1" time="0.002568"/>
        <testcase name="test_converts_named_entities_to_numeric_character_references with data set #124" assertions="1" time="0.002467"/>
        <testcase name="test_converts_named_entities_to_numeric_character_references with data set #125" assertions="1" time="0.002718"/>
        <testcase name="test_converts_named_entities_to_numeric_character_references with data set #126" assertions="1" time="0.002623"/>
        <testcase name="test_converts_named_entities_to_numeric_character_references with data set #127" assertions="1" time="0.002604"/>
        <testcase name="test_converts_named_entities_to_numeric_character_references with data set #128" assertions="1" time="0.002717"/>
        <testcase name="test_converts_named_entities_to_numeric_character_references with data set #129" assertions="1" time="0.001749"/>
        <testcase name="test_converts_named_entities_to_numeric_character_references with data set #130" assertions="1" time="0.002350"/>
        <testcase name="test_converts_named_entities_to_numeric_character_references with data set #131" assertions="1" time="0.002093"/>
        <testcase name="test_converts_named_entities_to_numeric_character_references with data set #132" assertions="1" time="0.003139"/>
        <testcase name="test_converts_named_entities_to_numeric_character_references with data set #133" assertions="1" time="0.002894"/>
        <testcase name="test_converts_named_entities_to_numeric_character_references with data set #134" assertions="1" time="0.002694"/>
        <testcase name="test_converts_named_entities_to_numeric_character_references with data set #135" assertions="1" time="0.002477"/>
        <testcase name="test_converts_named_entities_to_numeric_character_references with data set #136" assertions="1" time="0.002706"/>
        <testcase name="test_converts_named_entities_to_numeric_character_references with data set #137" assertions="1" time="0.001995"/>
        <testcase name="test_converts_named_entities_to_numeric_character_references with data set #138" assertions="1" time="0.001676"/>
        <testcase name="test_converts_named_entities_to_numeric_character_references with data set #139" assertions="1" time="0.001573"/>
        <testcase name="test_converts_named_entities_to_numeric_character_references with data set #140" assertions="1" time="0.001534"/>
        <testcase name="test_converts_named_entities_to_numeric_character_references with data set #141" assertions="1" time="0.001485"/>
        <testcase name="test_converts_named_entities_to_numeric_character_references with data set #142" assertions="1" time="0.001590"/>
        <testcase name="test_converts_named_entities_to_numeric_character_references with data set #143" assertions="1" time="0.001518"/>
        <testcase name="test_converts_named_entities_to_numeric_character_references with data set #144" assertions="1" time="0.001521"/>
        <testcase name="test_converts_named_entities_to_numeric_character_references with data set #145" assertions="1" time="0.002633"/>
        <testcase name="test_converts_named_entities_to_numeric_character_references with data set #146" assertions="1" time="0.003170"/>
        <testcase name="test_converts_named_entities_to_numeric_character_references with data set #147" assertions="1" time="0.002984"/>
        <testcase name="test_converts_named_entities_to_numeric_character_references with data set #148" assertions="1" time="0.003004"/>
        <testcase name="test_converts_named_entities_to_numeric_character_references with data set #149" assertions="1" time="0.002369"/>
        <testcase name="test_converts_named_entities_to_numeric_character_references with data set #150" assertions="1" time="0.002383"/>
        <testcase name="test_converts_named_entities_to_numeric_character_references with data set #151" assertions="1" time="0.002242"/>
        <testcase name="test_converts_named_entities_to_numeric_character_references with data set #152" assertions="1" time="0.002569"/>
        <testcase name="test_converts_named_entities_to_numeric_character_references with data set #153" assertions="1" time="0.002691"/>
        <testcase name="test_converts_named_entities_to_numeric_character_references with data set #154" assertions="1" time="0.002351"/>
        <testcase name="test_converts_named_entities_to_numeric_character_references with data set #155" assertions="1" time="0.002638"/>
        <testcase name="test_converts_named_entities_to_numeric_character_references with data set #156" assertions="1" time="0.002879"/>
        <testcase name="test_converts_named_entities_to_numeric_character_references with data set #157" assertions="1" time="0.002939"/>
        <testcase name="test_converts_named_entities_to_numeric_character_references with data set #158" assertions="1" time="0.002879"/>
        <testcase name="test_converts_named_entities_to_numeric_character_references with data set #159" assertions="1" time="0.002622"/>
        <testcase name="test_converts_named_entities_to_numeric_character_references with data set #160" assertions="1" time="0.002639"/>
        <testcase name="test_converts_named_entities_to_numeric_character_references with data set #161" assertions="1" time="0.002889"/>
        <testcase name="test_converts_named_entities_to_numeric_character_references with data set #162" assertions="1" time="0.001991"/>
        <testcase name="test_converts_named_entities_to_numeric_character_references with data set #163" assertions="1" time="0.002143"/>
        <testcase name="test_converts_named_entities_to_numeric_character_references with data set #164" assertions="1" time="0.001894"/>
        <testcase name="test_converts_named_entities_to_numeric_character_references with data set #165" assertions="1" time="0.002429"/>
        <testcase name="test_converts_named_entities_to_numeric_character_references with data set #166" assertions="1" time="0.003078"/>
        <testcase name="test_converts_named_entities_to_numeric_character_references with data set #167" assertions="1" time="0.003132"/>
        <testcase name="test_converts_named_entities_to_numeric_character_references with data set #168" assertions="1" time="0.003061"/>
        <testcase name="test_converts_named_entities_to_numeric_character_references with data set #169" assertions="1" time="0.002796"/>
        <testcase name="test_converts_named_entities_to_numeric_character_references with data set #170" assertions="1" time="0.002716"/>
        <testcase name="test_converts_named_entities_to_numeric_character_references with data set #171" assertions="1" time="0.002391"/>
        <testcase name="test_converts_named_entities_to_numeric_character_references with data set #172" assertions="1" time="0.002761"/>
        <testcase name="test_converts_named_entities_to_numeric_character_references with data set #173" assertions="1" time="0.002464"/>
        <testcase name="test_converts_named_entities_to_numeric_character_references with data set #174" assertions="1" time="0.002531"/>
        <testcase name="test_converts_named_entities_to_numeric_character_references with data set #175" assertions="1" time="0.002233"/>
        <testcase name="test_converts_named_entities_to_numeric_character_references with data set #176" assertions="1" time="0.002106"/>
        <testcase name="test_converts_named_entities_to_numeric_character_references with data set #177" assertions="1" time="0.001795"/>
        <testcase name="test_converts_named_entities_to_numeric_character_references with data set #178" assertions="1" time="0.002124"/>
        <testcase name="test_converts_named_entities_to_numeric_character_references with data set #179" assertions="1" time="0.002880"/>
        <testcase name="test_converts_named_entities_to_numeric_character_references with data set #180" assertions="1" time="0.002878"/>
        <testcase name="test_converts_named_entities_to_numeric_character_references with data set #181" assertions="1" time="0.002613"/>
        <testcase name="test_converts_named_entities_to_numeric_character_references with data set #182" assertions="1" time="0.002262"/>
        <testcase name="test_converts_named_entities_to_numeric_character_references with data set #183" assertions="1" time="0.002783"/>
        <testcase name="test_converts_named_entities_to_numeric_character_references with data set #184" assertions="1" time="0.002419"/>
        <testcase name="test_converts_named_entities_to_numeric_character_references with data set #185" assertions="1" time="0.002428"/>
        <testcase name="test_converts_named_entities_to_numeric_character_references with data set #186" assertions="1" time="0.001831"/>
        <testcase name="test_converts_named_entities_to_numeric_character_references with data set #187" assertions="1" time="0.001899"/>
        <testcase name="test_converts_named_entities_to_numeric_character_references with data set #188" assertions="1" time="0.001907"/>
        <testcase name="test_converts_named_entities_to_numeric_character_references with data set #189" assertions="1" time="0.001934"/>
        <testcase name="test_converts_named_entities_to_numeric_character_references with data set #190" assertions="1" time="0.002653"/>
        <testcase name="test_converts_named_entities_to_numeric_character_references with data set #191" assertions="1" time="0.003404"/>
        <testcase name="test_converts_named_entities_to_numeric_character_references with data set #192" assertions="1" time="0.002913"/>
        <testcase name="test_converts_named_entities_to_numeric_character_references with data set #193" assertions="1" time="0.002862"/>
        <testcase name="test_converts_named_entities_to_numeric_character_references with data set #194" assertions="1" time="0.003105"/>
        <testcase name="test_converts_named_entities_to_numeric_character_references with data set #195" assertions="1" time="0.002829"/>
        <testcase name="test_converts_named_entities_to_numeric_character_references with data set #196" assertions="1" time="0.002285"/>
        <testcase name="test_converts_named_entities_to_numeric_character_references with data set #197" assertions="1" time="0.002578"/>
        <testcase name="test_converts_named_entities_to_numeric_character_references with data set #198" assertions="1" time="0.002667"/>
        <testcase name="test_converts_named_entities_to_numeric_character_references with data set #199" assertions="1" time="0.002186"/>
        <testcase name="test_converts_named_entities_to_numeric_character_references with data set #200" assertions="1" time="0.002758"/>
        <testcase name="test_converts_named_entities_to_numeric_character_references with data set #201" assertions="1" time="0.002838"/>
        <testcase name="test_converts_named_entities_to_numeric_character_references with data set #202" assertions="1" time="0.002221"/>
        <testcase name="test_converts_named_entities_to_numeric_character_references with data set #203" assertions="1" time="0.002786"/>
        <testcase name="test_converts_named_entities_to_numeric_character_references with data set #204" assertions="1" time="0.002090"/>
        <testcase name="test_converts_named_entities_to_numeric_character_references with data set #205" assertions="1" time="0.002723"/>
        <testcase name="test_converts_named_entities_to_numeric_character_references with data set #206" assertions="1" time="0.002384"/>
        <testcase name="test_converts_named_entities_to_numeric_character_references with data set #207" assertions="1" time="0.002670"/>
        <testcase name="test_converts_named_entities_to_numeric_character_references with data set #208" assertions="1" time="0.002181"/>
        <testcase name="test_converts_named_entities_to_numeric_character_references with data set #209" assertions="1" time="0.002300"/>
        <testcase name="test_converts_named_entities_to_numeric_character_references with data set #210" assertions="1" time="0.002779"/>
        <testcase name="test_converts_named_entities_to_numeric_character_references with data set #211" assertions="1" time="0.001729"/>
        <testcase name="test_converts_named_entities_to_numeric_character_references with data set #212" assertions="1" time="0.001542"/>
        <testcase name="test_converts_named_entities_to_numeric_character_references with data set #213" assertions="1" time="0.001606"/>
        <testcase name="test_converts_named_entities_to_numeric_character_references with data set #214" assertions="1" time="0.001534"/>
        <testcase name="test_converts_named_entities_to_numeric_character_references with data set #215" assertions="1" time="0.001576"/>
        <testcase name="test_converts_named_entities_to_numeric_character_references with data set #216" assertions="1" time="0.002816"/>
        <testcase name="test_converts_named_entities_to_numeric_character_references with data set #217" assertions="1" time="0.002548"/>
        <testcase name="test_converts_named_entities_to_numeric_character_references with data set #218" assertions="1" time="0.001983"/>
        <testcase name="test_converts_named_entities_to_numeric_character_references with data set #219" assertions="1" time="0.002126"/>
        <testcase name="test_converts_named_entities_to_numeric_character_references with data set #220" assertions="1" time="0.001660"/>
        <testcase name="test_converts_named_entities_to_numeric_character_references with data set #221" assertions="1" time="0.002128"/>
        <testcase name="test_converts_named_entities_to_numeric_character_references with data set #222" assertions="1" time="0.001674"/>
        <testcase name="test_converts_named_entities_to_numeric_character_references with data set #223" assertions="1" time="0.002129"/>
        <testcase name="test_converts_named_entities_to_numeric_character_references with data set #224" assertions="1" time="0.002098"/>
        <testcase name="test_converts_named_entities_to_numeric_character_references with data set #225" assertions="1" time="0.002612"/>
        <testcase name="test_converts_named_entities_to_numeric_character_references with data set #226" assertions="1" time="0.002163"/>
        <testcase name="test_converts_named_entities_to_numeric_character_references with data set #227" assertions="1" time="0.002483"/>
        <testcase name="test_converts_named_entities_to_numeric_character_references with data set #228" assertions="1" time="0.002704"/>
        <testcase name="test_converts_named_entities_to_numeric_character_references with data set #229" assertions="1" time="0.002607"/>
        <testcase name="test_converts_named_entities_to_numeric_character_references with data set #230" assertions="1" time="0.002396"/>
        <testcase name="test_converts_named_entities_to_numeric_character_references with data set #231" assertions="1" time="0.002887"/>
        <testcase name="test_converts_named_entities_to_numeric_character_references with data set #232" assertions="1" time="0.002973"/>
        <testcase name="test_converts_named_entities_to_numeric_character_references with data set #233" assertions="1" time="0.002805"/>
        <testcase name="test_converts_named_entities_to_numeric_character_references with data set #234" assertions="1" time="0.002353"/>
        <testcase name="test_converts_named_entities_to_numeric_character_references with data set #235" assertions="1" time="0.002902"/>
        <testcase name="test_converts_named_entities_to_numeric_character_references with data set #236" assertions="1" time="0.002205"/>
        <testcase name="test_converts_named_entities_to_numeric_character_references with data set #237" assertions="1" time="0.001958"/>
        <testcase name="test_converts_named_entities_to_numeric_character_references with data set #238" assertions="1" time="0.002154"/>
        <testcase name="test_converts_named_entities_to_numeric_character_references with data set #239" assertions="1" time="0.001928"/>
        <testcase name="test_converts_named_entities_to_numeric_character_references with data set #240" assertions="1" time="0.002044"/>
        <testcase name="test_converts_named_entities_to_numeric_character_references with data set #241" assertions="1" time="0.002030"/>
        <testcase name="test_converts_named_entities_to_numeric_character_references with data set #242" assertions="1" time="0.002221"/>
        <testcase name="test_converts_named_entities_to_numeric_character_references with data set #243" assertions="1" time="0.002389"/>
        <testcase name="test_converts_named_entities_to_numeric_character_references with data set #244" assertions="1" time="0.002367"/>
        <testcase name="test_converts_named_entities_to_numeric_character_references with data set #245" assertions="1" time="0.002476"/>
        <testcase name="test_converts_named_entities_to_numeric_character_references with data set #246" assertions="1" time="0.002598"/>
        <testcase name="test_converts_named_entities_to_numeric_character_references with data set #247" assertions="1" time="0.002047"/>
        <testcase name="test_converts_named_entities_to_numeric_character_references with data set #248" assertions="1" time="0.002355"/>
        <testcase name="test_converts_named_entities_to_numeric_character_references with data set #249" assertions="1" time="0.002073"/>
        <testcase name="test_converts_named_entities_to_numeric_character_references with data set #250" assertions="1" time="0.002280"/>
      </testsuite>
    </testsuite>
    <testsuite name="Test_WP_ISO_Descrambler" file="/Users/nacin/Sites/develop.svn.wordpress.org/tests/tests/formatting/isoDescrambler.php" fullPackage="Test.WP.ISO" tests="1" assertions="1" failures="0" errors="0" time="0.002402">
      <testcase name="test_decodes_iso_8859_1_rfc2047_q_encoding" class="Test_WP_ISO_Descrambler" file="/Users/nacin/Sites/develop.svn.wordpress.org/tests/tests/formatting/isoDescrambler.php" line="11" assertions="1" time="0.002402"/>
    </testsuite>
    <testsuite name="Tests_Formatting_Redirect" file="/Users/nacin/Sites/develop.svn.wordpress.org/tests/tests/formatting/redirect.php" fullPackage="Tests.Formatting" tests="1" assertions="6" failures="0" errors="0" time="0.002772">
      <testcase name="test_wp_sanitize_redirect" class="Tests_Formatting_Redirect" file="/Users/nacin/Sites/develop.svn.wordpress.org/tests/tests/formatting/redirect.php" line="8" assertions="6" time="0.002772"/>
    </testsuite>
    <testsuite name="Tests_Formatting_WP_Basename" file="/Users/nacin/Sites/develop.svn.wordpress.org/tests/tests/formatting/wp_basename.php" fullPackage="Tests.Formatting.WP" tests="4" assertions="4" failures="0" errors="0" time="0.009926">
      <testcase name="test_wp_basename_unix" class="Tests_Formatting_WP_Basename" file="/Users/nacin/Sites/develop.svn.wordpress.org/tests/tests/formatting/wp_basename.php" line="8" assertions="1" time="0.002072"/>
      <testcase name="test_wp_basename_unix_utf8_support" class="Tests_Formatting_WP_Basename" file="/Users/nacin/Sites/develop.svn.wordpress.org/tests/tests/formatting/wp_basename.php" line="13" assertions="1" time="0.002168"/>
      <testcase name="test_wp_basename_windows" class="Tests_Formatting_WP_Basename" file="/Users/nacin/Sites/develop.svn.wordpress.org/tests/tests/formatting/wp_basename.php" line="21" assertions="1" time="0.003024"/>
      <testcase name="test_wp_basename_windows_utf8_support" class="Tests_Formatting_WP_Basename" file="/Users/nacin/Sites/develop.svn.wordpress.org/tests/tests/formatting/wp_basename.php" line="29" assertions="1" time="0.002662"/>
    </testsuite>
    <testsuite name="Tests_Functions" file="/Users/nacin/Sites/develop.svn.wordpress.org/tests/tests/functions.php" fullPackage="Tests" tests="12" assertions="227" failures="0" errors="0" time="0.069837">
      <testcase name="test_wp_parse_args_object" class="Tests_Functions" file="/Users/nacin/Sites/develop.svn.wordpress.org/tests/tests/functions.php" line="7" assertions="2" time="0.002612"/>
      <testcase name="test_wp_parse_args_array" class="Tests_Functions" file="/Users/nacin/Sites/develop.svn.wordpress.org/tests/tests/functions.php" line="16" assertions="2" time="0.002260"/>
      <testcase name="test_wp_parse_args_defaults" class="Tests_Functions" file="/Users/nacin/Sites/develop.svn.wordpress.org/tests/tests/functions.php" line="23" assertions="2" time="0.003392"/>
      <testcase name="test_wp_parse_args_other" class="Tests_Functions" file="/Users/nacin/Sites/develop.svn.wordpress.org/tests/tests/functions.php" line="33" assertions="2" time="0.002501"/>
      <testcase name="test_size_format" class="Tests_Functions" file="/Users/nacin/Sites/develop.svn.wordpress.org/tests/tests/functions.php" line="41" assertions="9" time="0.002478"/>
      <testcase name="test_path_is_absolute" class="Tests_Functions" file="/Users/nacin/Sites/develop.svn.wordpress.org/tests/tests/functions.php" line="61" assertions="10" time="0.002005"/>
      <testcase name="test_path_is_not_absolute" class="Tests_Functions" file="/Users/nacin/Sites/develop.svn.wordpress.org/tests/tests/functions.php" line="81" assertions="10" time="0.001903"/>
      <testcase name="test_wp_unique_filename" class="Tests_Functions" file="/Users/nacin/Sites/develop.svn.wordpress.org/tests/tests/functions.php" line="101" assertions="12" time="0.005566"/>
      <testcase name="test_add_query_arg" class="Tests_Functions" file="/Users/nacin/Sites/develop.svn.wordpress.org/tests/tests/functions.php" line="168" assertions="152" time="0.021048"/>
      <testcase name="test_get_allowed_mime_types" class="Tests_Functions" file="/Users/nacin/Sites/develop.svn.wordpress.org/tests/tests/functions.php" line="254" assertions="6" time="0.003162"/>
      <testcase name="test_wp_get_mime_types" class="Tests_Functions" file="/Users/nacin/Sites/develop.svn.wordpress.org/tests/tests/functions.php" line="274" assertions="11" time="0.011212"/>
      <testcase name="test_canonical_charset" class="Tests_Functions" file="/Users/nacin/Sites/develop.svn.wordpress.org/tests/tests/functions.php" line="306" assertions="9" time="0.011698"/>
    </testsuite>
    <testsuite name="Test_Functions_Deprecated" file="/Users/nacin/Sites/develop.svn.wordpress.org/tests/tests/functions/deprecated.php" fullPackage="WordPress.Unit" package="WordPress" subpackage="Unit" tests="2" assertions="2" failures="0" errors="0" time="0.131549">
      <testcase name="test_wp_save_image_file_deprecated_with_gd_resource" class="Test_Functions_Deprecated" file="/Users/nacin/Sites/develop.svn.wordpress.org/tests/tests/functions/deprecated.php" line="140" assertions="1" time="0.053563"/>
      <testcase name="test_wp_save_image_file_not_deprecated_with_wp_image_editor" class="Test_Functions_Deprecated" file="/Users/nacin/Sites/develop.svn.wordpress.org/tests/tests/functions/deprecated.php" line="161" assertions="1" time="0.077986"/>
    </testsuite>
    <testsuite name="Tests_Functions_ListFilter" file="/Users/nacin/Sites/develop.svn.wordpress.org/tests/tests/functions/listFilter.php" fullPackage="Tests.Functions" tests="14" assertions="33" failures="0" errors="0" time="0.064194">
      <testcase name="test_filter_object_list_and" class="Tests_Functions_ListFilter" file="/Users/nacin/Sites/develop.svn.wordpress.org/tests/tests/functions/listFilter.php" line="22" assertions="3" time="0.001776"/>
      <testcase name="test_filter_object_list_or" class="Tests_Functions_ListFilter" file="/Users/nacin/Sites/develop.svn.wordpress.org/tests/tests/functions/listFilter.php" line="29" assertions="4" time="0.002055"/>
      <testcase name="test_filter_object_list_not" class="Tests_Functions_ListFilter" file="/Users/nacin/Sites/develop.svn.wordpress.org/tests/tests/functions/listFilter.php" line="37" assertions="2" time="0.001706"/>
      <testcase name="test_filter_object_list_and_field" class="Tests_Functions_ListFilter" file="/Users/nacin/Sites/develop.svn.wordpress.org/tests/tests/functions/listFilter.php" line="43" assertions="2" time="0.002593"/>
      <testcase name="test_filter_object_list_or_field" class="Tests_Functions_ListFilter" file="/Users/nacin/Sites/develop.svn.wordpress.org/tests/tests/functions/listFilter.php" line="49" assertions="2" time="0.002384"/>
      <testcase name="test_filter_object_list_not_field" class="Tests_Functions_ListFilter" file="/Users/nacin/Sites/develop.svn.wordpress.org/tests/tests/functions/listFilter.php" line="55" assertions="2" time="0.002019"/>
      <testcase name="test_wp_list_pluck" class="Tests_Functions_ListFilter" file="/Users/nacin/Sites/develop.svn.wordpress.org/tests/tests/functions/listFilter.php" line="61" assertions="2" time="0.002355"/>
      <testcase name="test_filter_object_list_nested_array_and" class="Tests_Functions_ListFilter" file="/Users/nacin/Sites/develop.svn.wordpress.org/tests/tests/functions/listFilter.php" line="69" assertions="2" time="0.001846"/>
      <testcase name="test_filter_object_list_nested_array_not" class="Tests_Functions_ListFilter" file="/Users/nacin/Sites/develop.svn.wordpress.org/tests/tests/functions/listFilter.php" line="75" assertions="3" time="0.033345"/>
      <testcase name="test_filter_object_list_nested_array_or" class="Tests_Functions_ListFilter" file="/Users/nacin/Sites/develop.svn.wordpress.org/tests/tests/functions/listFilter.php" line="82" assertions="3" time="0.002981"/>
      <testcase name="test_filter_object_list_nested_array_or_singular" class="Tests_Functions_ListFilter" file="/Users/nacin/Sites/develop.svn.wordpress.org/tests/tests/functions/listFilter.php" line="89" assertions="2" time="0.001884"/>
      <testcase name="test_filter_object_list_nested_array_and_field" class="Tests_Functions_ListFilter" file="/Users/nacin/Sites/develop.svn.wordpress.org/tests/tests/functions/listFilter.php" line="96" assertions="2" time="0.004389"/>
      <testcase name="test_filter_object_list_nested_array_not_field" class="Tests_Functions_ListFilter" file="/Users/nacin/Sites/develop.svn.wordpress.org/tests/tests/functions/listFilter.php" line="102" assertions="2" time="0.003100"/>
      <testcase name="test_filter_object_list_nested_array_or_field" class="Tests_Functions_ListFilter" file="/Users/nacin/Sites/develop.svn.wordpress.org/tests/tests/functions/listFilter.php" line="108" assertions="2" time="0.001761"/>
    </testsuite>
    <testsuite name="Tests_General_Archives" file="/Users/nacin/Sites/develop.svn.wordpress.org/tests/tests/general/archives.php" fullPackage="Tests.General" tests="1" assertions="37" failures="0" errors="0" time="0.284108">
      <testcase name="test_get_archives_cache" class="Tests_General_Archives" file="/Users/nacin/Sites/develop.svn.wordpress.org/tests/tests/general/archives.php" line="16" assertions="37" time="0.284108"/>
    </testsuite>
    <testsuite name="Tests_HTTP_curl" file="/Users/nacin/Sites/develop.svn.wordpress.org/tests/tests/http/curl.php" fullPackage="Tests.HTTP" tests="17" assertions="30" failures="3" errors="0" time="16.055940">
      <testcase name="test_redirect_on_301" class="Tests_HTTP_curl" file="/Users/nacin/Sites/develop.svn.wordpress.org/tests/tests/http/curl.php" line="44" assertions="2" time="5.136100"/>
      <testcase name="test_redirect_on_302" class="Tests_HTTP_curl" file="/Users/nacin/Sites/develop.svn.wordpress.org/tests/tests/http/curl.php" line="51" assertions="2" time="1.232607"/>
      <testcase name="test_redirect_on_301_no_redirect" class="Tests_HTTP_curl" file="/Users/nacin/Sites/develop.svn.wordpress.org/tests/tests/http/curl.php" line="61" assertions="2" time="0.203582"/>
      <testcase name="test_redirect_on_302_no_redirect" class="Tests_HTTP_curl" file="/Users/nacin/Sites/develop.svn.wordpress.org/tests/tests/http/curl.php" line="71" assertions="2" time="0.202595"/>
      <testcase name="test_redirections_equal" class="Tests_HTTP_curl" file="/Users/nacin/Sites/develop.svn.wordpress.org/tests/tests/http/curl.php" line="78" assertions="2" time="1.231270"/>
      <testcase name="test_no_head_redirections" class="Tests_HTTP_curl" file="/Users/nacin/Sites/develop.svn.wordpress.org/tests/tests/http/curl.php" line="85" assertions="2" time="0.184905"/>
      <testcase name="test_redirect_on_head" class="Tests_HTTP_curl" file="/Users/nacin/Sites/develop.svn.wordpress.org/tests/tests/http/curl.php" line="95" assertions="2" time="1.243120"/>
      <testcase name="test_redirections_greater" class="Tests_HTTP_curl" file="/Users/nacin/Sites/develop.svn.wordpress.org/tests/tests/http/curl.php" line="102" assertions="1" time="1.224855"/>
      <testcase name="test_redirections_greater_edgecase" class="Tests_HTTP_curl" file="/Users/nacin/Sites/develop.svn.wordpress.org/tests/tests/http/curl.php" line="108" assertions="1" time="1.232528"/>
      <testcase name="test_redirections_less_edgecase" class="Tests_HTTP_curl" file="/Users/nacin/Sites/develop.svn.wordpress.org/tests/tests/http/curl.php" line="114" assertions="1" time="0.932447"/>
      <testcase name="test_redirections_zero_redirections_specified" class="Tests_HTTP_curl" file="/Users/nacin/Sites/develop.svn.wordpress.org/tests/tests/http/curl.php" line="123" assertions="2" time="0.184472"/>
      <testcase name="test_location_header_on_201" class="Tests_HTTP_curl" file="/Users/nacin/Sites/develop.svn.wordpress.org/tests/tests/http/curl.php" line="135" assertions="2" time="0.201535"/>
      <testcase name="test_no_redirection_on_PUT" class="Tests_HTTP_curl" file="/Users/nacin/Sites/develop.svn.wordpress.org/tests/tests/http/curl.php" line="147" assertions="2" time="0.197678"/>
      <testcase name="test_file_stream" class="Tests_HTTP_curl" file="/Users/nacin/Sites/develop.svn.wordpress.org/tests/tests/http/curl.php" line="182" assertions="4" time="1.041834"/>
      <testcase name="test_post_redirect_to_method_300" class="Tests_HTTP_curl" file="/Users/nacin/Sites/develop.svn.wordpress.org/tests/tests/http/curl.php" line="200" assertions="1" time="1.237351">
        <failure type="PHPUnit_Framework_ExpectationFailedException">Tests_HTTP_curl::test_post_redirect_to_method_300
Failed asserting that two strings are equal.
--- Expected
+++ Actual
@@ @@
-'POST'
+'Redirect 5 of 5 is FINAL.&lt;br/&gt;GET['rt'] = Total times to redirect. Defaults to 5.&lt;br /&gt;GET['r'] = Current redirection. Defaults to 0.&lt;br /&gt;&lt;a href='http://api.wordpress.org/core/tests/1.0/redirection.php?source=true'&gt;View Source&lt;/a&gt;'

/Users/nacin/Sites/develop.svn.wordpress.org/tests/tests/http/base.php:205
</failure>
      </testcase>
      <testcase name="test_ip_url_with_host_header" class="Tests_HTTP_curl" file="/Users/nacin/Sites/develop.svn.wordpress.org/tests/tests/http/curl.php" line="229" assertions="1" time="0.186961">
        <failure type="PHPUnit_Framework_ExpectationFailedException">Tests_HTTP_curl::test_ip_url_with_host_header
Failed asserting that two strings are equal.
--- Expected
+++ Actual
@@ @@
-'PASS'
+'Redirect 0 of 5'

/Users/nacin/Sites/develop.svn.wordpress.org/tests/tests/http/base.php:241
</failure>
      </testcase>
      <testcase name="test_multiple_location_headers" class="Tests_HTTP_curl" file="/Users/nacin/Sites/develop.svn.wordpress.org/tests/tests/http/curl.php" line="250" assertions="1" time="0.182100">
        <failure type="PHPUnit_Framework_ExpectationFailedException">Tests_HTTP_curl::test_multiple_location_headers
Failed asserting that 'http://api.wordpress.org/core/tests/1.0/redirection.php?rt=5&amp;r=1' is of type "array".

/Users/nacin/Sites/develop.svn.wordpress.org/tests/tests/http/base.php:254
</failure>
      </testcase>
    </testsuite>
    <testsuite name="Tests_HTTP_fsockopen" file="/Users/nacin/Sites/develop.svn.wordpress.org/tests/tests/http/fsockopen.php" fullPackage="Tests.HTTP" tests="17" assertions="30" failures="3" errors="0" time="12.557902">
      <testcase name="test_redirect_on_301" class="Tests_HTTP_fsockopen" file="/Users/nacin/Sites/develop.svn.wordpress.org/tests/tests/http/fsockopen.php" line="44" assertions="2" time="1.204052"/>
      <testcase name="test_redirect_on_302" class="Tests_HTTP_fsockopen" file="/Users/nacin/Sites/develop.svn.wordpress.org/tests/tests/http/fsockopen.php" line="51" assertions="2" time="1.226850"/>
      <testcase name="test_redirect_on_301_no_redirect" class="Tests_HTTP_fsockopen" file="/Users/nacin/Sites/develop.svn.wordpress.org/tests/tests/http/fsockopen.php" line="61" assertions="2" time="0.205017"/>
      <testcase name="test_redirect_on_302_no_redirect" class="Tests_HTTP_fsockopen" file="/Users/nacin/Sites/develop.svn.wordpress.org/tests/tests/http/fsockopen.php" line="71" assertions="2" time="0.204278"/>
      <testcase name="test_redirections_equal" class="Tests_HTTP_fsockopen" file="/Users/nacin/Sites/develop.svn.wordpress.org/tests/tests/http/fsockopen.php" line="78" assertions="2" time="1.330695"/>
      <testcase name="test_no_head_redirections" class="Tests_HTTP_fsockopen" file="/Users/nacin/Sites/develop.svn.wordpress.org/tests/tests/http/fsockopen.php" line="85" assertions="2" time="0.202908"/>
      <testcase name="test_redirect_on_head" class="Tests_HTTP_fsockopen" file="/Users/nacin/Sites/develop.svn.wordpress.org/tests/tests/http/fsockopen.php" line="95" assertions="2" time="1.536480"/>
      <testcase name="test_redirections_greater" class="Tests_HTTP_fsockopen" file="/Users/nacin/Sites/develop.svn.wordpress.org/tests/tests/http/fsockopen.php" line="102" assertions="1" time="1.144623"/>
      <testcase name="test_redirections_greater_edgecase" class="Tests_HTTP_fsockopen" file="/Users/nacin/Sites/develop.svn.wordpress.org/tests/tests/http/fsockopen.php" line="108" assertions="1" time="1.617417"/>
      <testcase name="test_redirections_less_edgecase" class="Tests_HTTP_fsockopen" file="/Users/nacin/Sites/develop.svn.wordpress.org/tests/tests/http/fsockopen.php" line="114" assertions="1" time="1.022712"/>
      <testcase name="test_redirections_zero_redirections_specified" class="Tests_HTTP_fsockopen" file="/Users/nacin/Sites/develop.svn.wordpress.org/tests/tests/http/fsockopen.php" line="123" assertions="2" time="0.208263"/>
      <testcase name="test_location_header_on_201" class="Tests_HTTP_fsockopen" file="/Users/nacin/Sites/develop.svn.wordpress.org/tests/tests/http/fsockopen.php" line="135" assertions="2" time="0.203564"/>
      <testcase name="test_no_redirection_on_PUT" class="Tests_HTTP_fsockopen" file="/Users/nacin/Sites/develop.svn.wordpress.org/tests/tests/http/fsockopen.php" line="147" assertions="2" time="0.209040"/>
      <testcase name="test_file_stream" class="Tests_HTTP_fsockopen" file="/Users/nacin/Sites/develop.svn.wordpress.org/tests/tests/http/fsockopen.php" line="182" assertions="4" time="0.598369"/>
      <testcase name="test_post_redirect_to_method_300" class="Tests_HTTP_fsockopen" file="/Users/nacin/Sites/develop.svn.wordpress.org/tests/tests/http/fsockopen.php" line="200" assertions="1" time="1.236530">
        <failure type="PHPUnit_Framework_ExpectationFailedException">Tests_HTTP_fsockopen::test_post_redirect_to_method_300
Failed asserting that two strings are equal.
--- Expected
+++ Actual
@@ @@
-'POST'
+'Redirect 5 of 5 is FINAL.&lt;br/&gt;GET['rt'] = Total times to redirect. Defaults to 5.&lt;br /&gt;GET['r'] = Current redirection. Defaults to 0.&lt;br /&gt;&lt;a href='http://api.wordpress.org/core/tests/1.0/redirection.php?source=true'&gt;View Source&lt;/a&gt;'

/Users/nacin/Sites/develop.svn.wordpress.org/tests/tests/http/base.php:205
</failure>
      </testcase>
      <testcase name="test_ip_url_with_host_header" class="Tests_HTTP_fsockopen" file="/Users/nacin/Sites/develop.svn.wordpress.org/tests/tests/http/fsockopen.php" line="229" assertions="1" time="0.207160">
        <failure type="PHPUnit_Framework_ExpectationFailedException">Tests_HTTP_fsockopen::test_ip_url_with_host_header
Failed asserting that two strings are equal.
--- Expected
+++ Actual
@@ @@
-'PASS'
+'Redirect 0 of 5'

/Users/nacin/Sites/develop.svn.wordpress.org/tests/tests/http/base.php:241
</failure>
      </testcase>
      <testcase name="test_multiple_location_headers" class="Tests_HTTP_fsockopen" file="/Users/nacin/Sites/develop.svn.wordpress.org/tests/tests/http/fsockopen.php" line="250" assertions="1" time="0.199944">
        <failure type="PHPUnit_Framework_ExpectationFailedException">Tests_HTTP_fsockopen::test_multiple_location_headers
Failed asserting that 'http://api.wordpress.org/core/tests/1.0/redirection.php?rt=5&amp;r=1' is of type "array".

/Users/nacin/Sites/develop.svn.wordpress.org/tests/tests/http/base.php:254
</failure>
      </testcase>
    </testsuite>
    <testsuite name="Tests_HTTP_Functions" file="/Users/nacin/Sites/develop.svn.wordpress.org/tests/tests/http/functions.php" fullPackage="Tests.HTTP" tests="6" assertions="20" failures="0" errors="0" time="1.389332">
      <testcase name="test_head_request" class="Tests_HTTP_Functions" file="/Users/nacin/Sites/develop.svn.wordpress.org/tests/tests/http/functions.php" line="8" assertions="4" time="0.155926"/>
      <testcase name="test_head_redirect" class="Tests_HTTP_Functions" file="/Users/nacin/Sites/develop.svn.wordpress.org/tests/tests/http/functions.php" line="20" assertions="1" time="0.505455"/>
      <testcase name="test_head_404" class="Tests_HTTP_Functions" file="/Users/nacin/Sites/develop.svn.wordpress.org/tests/tests/http/functions.php" line="27" assertions="2" time="0.156249"/>
      <testcase name="test_get_request" class="Tests_HTTP_Functions" file="/Users/nacin/Sites/develop.svn.wordpress.org/tests/tests/http/functions.php" line="35" assertions="6" time="0.260544"/>
      <testcase name="test_get_redirect" class="Tests_HTTP_Functions" file="/Users/nacin/Sites/develop.svn.wordpress.org/tests/tests/http/functions.php" line="52" assertions="6" time="0.308312"/>
      <testcase name="test_get_redirect_limit_exceeded" class="Tests_HTTP_Functions" file="/Users/nacin/Sites/develop.svn.wordpress.org/tests/tests/http/functions.php" line="70" assertions="1" time="0.002846"/>
    </testsuite>
    <testsuite name="Tests_HTTP_HTTP" file="/Users/nacin/Sites/develop.svn.wordpress.org/tests/tests/http/http.php" fullPackage="Tests.HTTP" tests="22" assertions="22" failures="0" errors="0" time="0.051729">
      <testsuite name="Tests_HTTP_HTTP::test_make_absolute_url" tests="22" assertions="22" failures="0" errors="0" time="0.051729">
        <testcase name="test_make_absolute_url with data set #0" assertions="1" time="0.002766"/>
        <testcase name="test_make_absolute_url with data set #1" assertions="1" time="0.002801"/>
        <testcase name="test_make_absolute_url with data set #2" assertions="1" time="0.002222"/>
        <testcase name="test_make_absolute_url with data set #3" assertions="1" time="0.002526"/>
        <testcase name="test_make_absolute_url with data set #4" assertions="1" time="0.002262"/>
        <testcase name="test_make_absolute_url with data set #5" assertions="1" time="0.002631"/>
        <testcase name="test_make_absolute_url with data set #6" assertions="1" time="0.002542"/>
        <testcase name="test_make_absolute_url with data set #7" assertions="1" time="0.002466"/>
        <testcase name="test_make_absolute_url with data set #8" assertions="1" time="0.002405"/>
        <testcase name="test_make_absolute_url with data set #9" assertions="1" time="0.002276"/>
        <testcase name="test_make_absolute_url with data set #10" assertions="1" time="0.002084"/>
        <testcase name="test_make_absolute_url with data set #11" assertions="1" time="0.001990"/>
        <testcase name="test_make_absolute_url with data set #12" assertions="1" time="0.002188"/>
        <testcase name="test_make_absolute_url with data set #13" assertions="1" time="0.001983"/>
        <testcase name="test_make_absolute_url with data set #14" assertions="1" time="0.001970"/>
        <testcase name="test_make_absolute_url with data set #15" assertions="1" time="0.002260"/>
        <testcase name="test_make_absolute_url with data set #16" assertions="1" time="0.002457"/>
        <testcase name="test_make_absolute_url with data set #17" assertions="1" time="0.002349"/>
        <testcase name="test_make_absolute_url with data set #18" assertions="1" time="0.002524"/>
        <testcase name="test_make_absolute_url with data set #19" assertions="1" time="0.002410"/>
        <testcase name="test_make_absolute_url with data set #20" assertions="1" time="0.002007"/>
        <testcase name="test_make_absolute_url with data set #21" assertions="1" time="0.002611"/>
      </testsuite>
    </testsuite>
    <testsuite name="Tests_HTTP_streams" file="/Users/nacin/Sites/develop.svn.wordpress.org/tests/tests/http/streams.php" fullPackage="Tests.HTTP" tests="17" assertions="30" failures="3" errors="0" time="19.730962">
      <testcase name="test_redirect_on_301" class="Tests_HTTP_streams" file="/Users/nacin/Sites/develop.svn.wordpress.org/tests/tests/http/streams.php" line="44" assertions="2" time="1.662233"/>
      <testcase name="test_redirect_on_302" class="Tests_HTTP_streams" file="/Users/nacin/Sites/develop.svn.wordpress.org/tests/tests/http/streams.php" line="51" assertions="2" time="2.407899"/>
      <testcase name="test_redirect_on_301_no_redirect" class="Tests_HTTP_streams" file="/Users/nacin/Sites/develop.svn.wordpress.org/tests/tests/http/streams.php" line="61" assertions="2" time="0.312450"/>
      <testcase name="test_redirect_on_302_no_redirect" class="Tests_HTTP_streams" file="/Users/nacin/Sites/develop.svn.wordpress.org/tests/tests/http/streams.php" line="71" assertions="2" time="0.305891"/>
      <testcase name="test_redirections_equal" class="Tests_HTTP_streams" file="/Users/nacin/Sites/develop.svn.wordpress.org/tests/tests/http/streams.php" line="78" assertions="2" time="1.830903"/>
      <testcase name="test_no_head_redirections" class="Tests_HTTP_streams" file="/Users/nacin/Sites/develop.svn.wordpress.org/tests/tests/http/streams.php" line="85" assertions="2" time="0.313697"/>
      <testcase name="test_redirect_on_head" class="Tests_HTTP_streams" file="/Users/nacin/Sites/develop.svn.wordpress.org/tests/tests/http/streams.php" line="95" assertions="2" time="1.829596"/>
      <testcase name="test_redirections_greater" class="Tests_HTTP_streams" file="/Users/nacin/Sites/develop.svn.wordpress.org/tests/tests/http/streams.php" line="102" assertions="1" time="1.692486"/>
      <testcase name="test_redirections_greater_edgecase" class="Tests_HTTP_streams" file="/Users/nacin/Sites/develop.svn.wordpress.org/tests/tests/http/streams.php" line="108" assertions="1" time="1.806429"/>
      <testcase name="test_redirections_less_edgecase" class="Tests_HTTP_streams" file="/Users/nacin/Sites/develop.svn.wordpress.org/tests/tests/http/streams.php" line="114" assertions="1" time="1.540039"/>
      <testcase name="test_redirections_zero_redirections_specified" class="Tests_HTTP_streams" file="/Users/nacin/Sites/develop.svn.wordpress.org/tests/tests/http/streams.php" line="123" assertions="2" time="0.300191"/>
      <testcase name="test_location_header_on_201" class="Tests_HTTP_streams" file="/Users/nacin/Sites/develop.svn.wordpress.org/tests/tests/http/streams.php" line="135" assertions="2" time="0.304726"/>
      <testcase name="test_no_redirection_on_PUT" class="Tests_HTTP_streams" file="/Users/nacin/Sites/develop.svn.wordpress.org/tests/tests/http/streams.php" line="147" assertions="2" time="0.309121"/>
      <testcase name="test_file_stream" class="Tests_HTTP_streams" file="/Users/nacin/Sites/develop.svn.wordpress.org/tests/tests/http/streams.php" line="182" assertions="4" time="2.871856"/>
      <testcase name="test_post_redirect_to_method_300" class="Tests_HTTP_streams" file="/Users/nacin/Sites/develop.svn.wordpress.org/tests/tests/http/streams.php" line="200" assertions="1" time="1.634466">
        <failure type="PHPUnit_Framework_ExpectationFailedException">Tests_HTTP_streams::test_post_redirect_to_method_300
Failed asserting that two strings are equal.
--- Expected
+++ Actual
@@ @@
-'POST'
+'Redirect 5 of 5 is FINAL.&lt;br/&gt;GET['rt'] = Total times to redirect. Defaults to 5.&lt;br /&gt;GET['r'] = Current redirection. Defaults to 0.&lt;br /&gt;&lt;a href='http://api.wordpress.org/core/tests/1.0/redirection.php?source=true'&gt;View Source&lt;/a&gt;'

/Users/nacin/Sites/develop.svn.wordpress.org/tests/tests/http/base.php:205
</failure>
      </testcase>
      <testcase name="test_ip_url_with_host_header" class="Tests_HTTP_streams" file="/Users/nacin/Sites/develop.svn.wordpress.org/tests/tests/http/streams.php" line="229" assertions="1" time="0.293829">
        <failure type="PHPUnit_Framework_ExpectationFailedException">Tests_HTTP_streams::test_ip_url_with_host_header
Failed asserting that two strings are equal.
--- Expected
+++ Actual
@@ @@
-'PASS'
+'Redirect 0 of 5'

/Users/nacin/Sites/develop.svn.wordpress.org/tests/tests/http/base.php:241
</failure>
      </testcase>
      <testcase name="test_multiple_location_headers" class="Tests_HTTP_streams" file="/Users/nacin/Sites/develop.svn.wordpress.org/tests/tests/http/streams.php" line="250" assertions="1" time="0.315150">
        <failure type="PHPUnit_Framework_ExpectationFailedException">Tests_HTTP_streams::test_multiple_location_headers
Failed asserting that 'http://api.wordpress.org/core/tests/1.0/redirection.php?rt=5&amp;r=1' is of type "array".

/Users/nacin/Sites/develop.svn.wordpress.org/tests/tests/http/base.php:254
</failure>
      </testcase>
    </testsuite>
    <testsuite name="Tests_Image_Dimensions" file="/Users/nacin/Sites/develop.svn.wordpress.org/tests/tests/image/dimensions.php" fullPackage="Tests.Image" tests="10" assertions="20" failures="0" errors="0" time="0.035526">
      <testcase name="test_400x400_no_crop" class="Tests_Image_Dimensions" file="/Users/nacin/Sites/develop.svn.wordpress.org/tests/tests/image/dimensions.php" line="9" assertions="2" time="0.004347"/>
      <testcase name="test_400x0_no_crop" class="Tests_Image_Dimensions" file="/Users/nacin/Sites/develop.svn.wordpress.org/tests/tests/image/dimensions.php" line="21" assertions="2" time="0.003966"/>
      <testcase name="test_0x400_no_crop" class="Tests_Image_Dimensions" file="/Users/nacin/Sites/develop.svn.wordpress.org/tests/tests/image/dimensions.php" line="33" assertions="2" time="0.003479"/>
      <testcase name="test_800x800_no_crop" class="Tests_Image_Dimensions" file="/Users/nacin/Sites/develop.svn.wordpress.org/tests/tests/image/dimensions.php" line="45" assertions="2" time="0.002634"/>
      <testcase name="test_800x0_no_crop" class="Tests_Image_Dimensions" file="/Users/nacin/Sites/develop.svn.wordpress.org/tests/tests/image/dimensions.php" line="57" assertions="2" time="0.002331"/>
      <testcase name="test_0x800_no_crop" class="Tests_Image_Dimensions" file="/Users/nacin/Sites/develop.svn.wordpress.org/tests/tests/image/dimensions.php" line="69" assertions="2" time="0.002573"/>
      <testcase name="test_400x400_crop" class="Tests_Image_Dimensions" file="/Users/nacin/Sites/develop.svn.wordpress.org/tests/tests/image/dimensions.php" line="83" assertions="2" time="0.003775"/>
      <testcase name="test_400x0_crop" class="Tests_Image_Dimensions" file="/Users/nacin/Sites/develop.svn.wordpress.org/tests/tests/image/dimensions.php" line="95" assertions="2" time="0.003167"/>
      <testcase name="test_0x400_crop" class="Tests_Image_Dimensions" file="/Users/nacin/Sites/develop.svn.wordpress.org/tests/tests/image/dimensions.php" line="107" assertions="2" time="0.003878"/>
      <testcase name="test_400x500_crop" class="Tests_Image_Dimensions" file="/Users/nacin/Sites/develop.svn.wordpress.org/tests/tests/image/dimensions.php" line="119" assertions="2" time="0.005376"/>
    </testsuite>
    <testsuite name="Tests_Image_Functions" file="/Users/nacin/Sites/develop.svn.wordpress.org/tests/tests/image/functions.php" fullPackage="Tests.Image" tests="13" assertions="70" failures="0" errors="0" time="2.070834">
      <testcase name="test_is_image_positive" class="Tests_Image_Functions" file="/Users/nacin/Sites/develop.svn.wordpress.org/tests/tests/image/functions.php" line="39" assertions="11" time="0.001796"/>
      <testcase name="test_is_image_negative" class="Tests_Image_Functions" file="/Users/nacin/Sites/develop.svn.wordpress.org/tests/tests/image/functions.php" line="60" assertions="3" time="0.000764"/>
      <testcase name="test_is_displayable_image_positive" class="Tests_Image_Functions" file="/Users/nacin/Sites/develop.svn.wordpress.org/tests/tests/image/functions.php" line="73" assertions="3" time="0.000900"/>
      <testcase name="test_is_displayable_image_negative" class="Tests_Image_Functions" file="/Users/nacin/Sites/develop.svn.wordpress.org/tests/tests/image/functions.php" line="86" assertions="9" time="0.001453"/>
      <testcase name="test_wp_save_image_file" class="Tests_Image_Functions" file="/Users/nacin/Sites/develop.svn.wordpress.org/tests/tests/image/functions.php" line="111" assertions="9" time="0.284346"/>
      <testcase name="test_mime_overrides_filename" class="Tests_Image_Functions" file="/Users/nacin/Sites/develop.svn.wordpress.org/tests/tests/image/functions.php" line="155" assertions="3" time="0.065989"/>
      <testcase name="test_inferred_mime_types" class="Tests_Image_Functions" file="/Users/nacin/Sites/develop.svn.wordpress.org/tests/tests/image/functions.php" line="190" assertions="18" time="0.342441"/>
      <testcase name="test_load_directory" class="Tests_Image_Functions" file="/Users/nacin/Sites/develop.svn.wordpress.org/tests/tests/image/functions.php" line="236" assertions="3" time="0.001334"/>
      <testcase name="test_wp_crop_image_file" class="Tests_Image_Functions" file="/Users/nacin/Sites/develop.svn.wordpress.org/tests/tests/image/functions.php" line="258" assertions="4" time="0.022354"/>
      <testcase name="test_wp_crop_image_url" class="Tests_Image_Functions" file="/Users/nacin/Sites/develop.svn.wordpress.org/tests/tests/image/functions.php" line="274" assertions="4" time="1.103415"/>
      <testcase name="test_wp_crop_image_file_not_exist" class="Tests_Image_Functions" file="/Users/nacin/Sites/develop.svn.wordpress.org/tests/tests/image/functions.php" line="291" assertions="1" time="0.001239"/>
      <testcase name="test_wp_crop_image_url_not_exist" class="Tests_Image_Functions" file="/Users/nacin/Sites/develop.svn.wordpress.org/tests/tests/image/functions.php" line="297" assertions="1" time="0.242404"/>
      <testcase name="test_wp_crop_image_error_on_saving" class="Tests_Image_Functions" file="/Users/nacin/Sites/develop.svn.wordpress.org/tests/tests/image/functions.php" line="310" assertions="1" time="0.002399"/>
    </testsuite>
    <testsuite name="Tests_Image_Intermediate_Size" file="/Users/nacin/Sites/develop.svn.wordpress.org/tests/tests/image/intermediate_size.php" fullPackage="Tests.Image.Intermediate" tests="4" assertions="8" failures="0" errors="0" time="0.047557">
      <testcase name="test_make_intermediate_size_no_size" class="Tests_Image_Intermediate_Size" file="/Users/nacin/Sites/develop.svn.wordpress.org/tests/tests/image/intermediate_size.php" line="9" assertions="1" time="0.002165"/>
      <testcase name="test_make_intermediate_size_width" class="Tests_Image_Intermediate_Size" file="/Users/nacin/Sites/develop.svn.wordpress.org/tests/tests/image/intermediate_size.php" line="15" assertions="1" time="0.012948"/>
      <testcase name="test_make_intermediate_size_height" class="Tests_Image_Intermediate_Size" file="/Users/nacin/Sites/develop.svn.wordpress.org/tests/tests/image/intermediate_size.php" line="24" assertions="1" time="0.015959"/>
      <testcase name="test_make_intermediate_size_successful" class="Tests_Image_Intermediate_Size" file="/Users/nacin/Sites/develop.svn.wordpress.org/tests/tests/image/intermediate_size.php" line="33" assertions="5" time="0.016485"/>
    </testsuite>
    <testsuite name="Tests_Image_Meta" file="/Users/nacin/Sites/develop.svn.wordpress.org/tests/tests/image/meta.php" fullPackage="Tests.Image" tests="8" assertions="62" failures="0" errors="0" time="0.024488">
      <testcase name="test_exif_d70" class="Tests_Image_Meta" file="/Users/nacin/Sites/develop.svn.wordpress.org/tests/tests/image/meta.php" line="19" assertions="10" time="0.003421"/>
      <testcase name="test_exif_d70_mf" class="Tests_Image_Meta" file="/Users/nacin/Sites/develop.svn.wordpress.org/tests/tests/image/meta.php" line="35" assertions="10" time="0.003619"/>
      <testcase name="test_exif_d70_iptc" class="Tests_Image_Meta" file="/Users/nacin/Sites/develop.svn.wordpress.org/tests/tests/image/meta.php" line="52" assertions="10" time="0.003033"/>
      <testcase name="test_exif_fuji" class="Tests_Image_Meta" file="/Users/nacin/Sites/develop.svn.wordpress.org/tests/tests/image/meta.php" line="68" assertions="10" time="0.003299"/>
      <testcase name="test_exif_error" class="Tests_Image_Meta" file="/Users/nacin/Sites/develop.svn.wordpress.org/tests/tests/image/meta.php" line="88" assertions="10" time="0.003466"/>
      <testcase name="test_exif_no_data" class="Tests_Image_Meta" file="/Users/nacin/Sites/develop.svn.wordpress.org/tests/tests/image/meta.php" line="106" assertions="10" time="0.002495"/>
      <testcase name="test_utf8_iptc_tags" class="Tests_Image_Meta" file="/Users/nacin/Sites/develop.svn.wordpress.org/tests/tests/image/meta.php" line="125" assertions="1" time="0.003078"/>
      <testcase name="test_missing_image_file" class="Tests_Image_Meta" file="/Users/nacin/Sites/develop.svn.wordpress.org/tests/tests/image/meta.php" line="137" assertions="1" time="0.002077"/>
    </testsuite>
    <testsuite name="Test_Image_Resize_GD" file="/Users/nacin/Sites/develop.svn.wordpress.org/tests/tests/image/resize_gd.php" fullPackage="Test.Image.Resize" tests="12" assertions="42" failures="0" errors="0" time="0.357221">
      <testcase name="test_resize_jpg" class="Test_Image_Resize_GD" file="/Users/nacin/Sites/develop.svn.wordpress.org/tests/tests/image/resize_gd.php" line="10" assertions="4" time="0.002082"/>
      <testcase name="test_resize_png" class="Test_Image_Resize_GD" file="/Users/nacin/Sites/develop.svn.wordpress.org/tests/tests/image/resize_gd.php" line="22" assertions="4" time="0.004488"/>
      <testcase name="test_resize_gif" class="Test_Image_Resize_GD" file="/Users/nacin/Sites/develop.svn.wordpress.org/tests/tests/image/resize_gd.php" line="34" assertions="4" time="0.002339"/>
      <testcase name="test_resize_larger" class="Test_Image_Resize_GD" file="/Users/nacin/Sites/develop.svn.wordpress.org/tests/tests/image/resize_gd.php" line="46" assertions="2" time="0.000853"/>
      <testcase name="test_resize_thumb_128x96" class="Test_Image_Resize_GD" file="/Users/nacin/Sites/develop.svn.wordpress.org/tests/tests/image/resize_gd.php" line="54" assertions="4" time="0.054410"/>
      <testcase name="test_resize_thumb_128x0" class="Test_Image_Resize_GD" file="/Users/nacin/Sites/develop.svn.wordpress.org/tests/tests/image/resize_gd.php" line="66" assertions="4" time="0.073079"/>
      <testcase name="test_resize_thumb_0x96" class="Test_Image_Resize_GD" file="/Users/nacin/Sites/develop.svn.wordpress.org/tests/tests/image/resize_gd.php" line="78" assertions="4" time="0.072279"/>
      <testcase name="test_resize_thumb_150x150_crop" class="Test_Image_Resize_GD" file="/Users/nacin/Sites/develop.svn.wordpress.org/tests/tests/image/resize_gd.php" line="90" assertions="4" time="0.050061"/>
      <testcase name="test_resize_thumb_150x100_crop" class="Test_Image_Resize_GD" file="/Users/nacin/Sites/develop.svn.wordpress.org/tests/tests/image/resize_gd.php" line="102" assertions="4" time="0.044170"/>
      <testcase name="test_resize_thumb_50x150_crop" class="Test_Image_Resize_GD" file="/Users/nacin/Sites/develop.svn.wordpress.org/tests/tests/image/resize_gd.php" line="114" assertions="4" time="0.045898"/>
      <testcase name="test_resize_non_existent_image" class="Test_Image_Resize_GD" file="/Users/nacin/Sites/develop.svn.wordpress.org/tests/tests/image/resize_gd.php" line="130" assertions="2" time="0.001585"/>
      <testcase name="test_resize_bad_image" class="Test_Image_Resize_GD" file="/Users/nacin/Sites/develop.svn.wordpress.org/tests/tests/image/resize_gd.php" line="141" assertions="2" time="0.005977"/>
    </testsuite>
    <testsuite name="Test_Image_Resize_Imagick" file="/Users/nacin/Sites/develop.svn.wordpress.org/tests/tests/image/resize_imagick.php" fullPackage="Test.Image.Resize" tests="0" assertions="0" failures="0" errors="0" time="0.000000"/>
    <testsuite name="Tests_Image_Size" file="/Users/nacin/Sites/develop.svn.wordpress.org/tests/tests/image/size.php" fullPackage="Tests.Image" tests="13" assertions="41" failures="0" errors="0" time="0.040493">
      <testcase name="test_constrain_dims_zero" class="Tests_Image_Size" file="/Users/nacin/Sites/develop.svn.wordpress.org/tests/tests/image/size.php" line="9" assertions="3" time="0.002943"/>
      <testcase name="test_constrain_dims_smaller" class="Tests_Image_Size" file="/Users/nacin/Sites/develop.svn.wordpress.org/tests/tests/image/size.php" line="24" assertions="3" time="0.002861"/>
      <testcase name="test_constrain_dims_equal" class="Tests_Image_Size" file="/Users/nacin/Sites/develop.svn.wordpress.org/tests/tests/image/size.php" line="39" assertions="3" time="0.001702"/>
      <testcase name="test_constrain_dims_larger" class="Tests_Image_Size" file="/Users/nacin/Sites/develop.svn.wordpress.org/tests/tests/image/size.php" line="54" assertions="6" time="0.003089"/>
      <testcase name="test_constrain_dims_boundary" class="Tests_Image_Size" file="/Users/nacin/Sites/develop.svn.wordpress.org/tests/tests/image/size.php" line="79" assertions="4" time="0.003096"/>
      <testcase name="test_shrink_dimensions_default" class="Tests_Image_Size" file="/Users/nacin/Sites/develop.svn.wordpress.org/tests/tests/image/size.php" line="98" assertions="2" time="0.002870"/>
      <testcase name="test_shrink_dimensions_smaller" class="Tests_Image_Size" file="/Users/nacin/Sites/develop.svn.wordpress.org/tests/tests/image/size.php" line="106" assertions="2" time="0.002385"/>
      <testcase name="test_shrink_dimensions_equal" class="Tests_Image_Size" file="/Users/nacin/Sites/develop.svn.wordpress.org/tests/tests/image/size.php" line="115" assertions="2" time="0.001710"/>
      <testcase name="test_shrink_dimensions_larger" class="Tests_Image_Size" file="/Users/nacin/Sites/develop.svn.wordpress.org/tests/tests/image/size.php" line="124" assertions="2" time="0.002783"/>
      <testcase name="test_shrink_dimensions_boundary" class="Tests_Image_Size" file="/Users/nacin/Sites/develop.svn.wordpress.org/tests/tests/image/size.php" line="133" assertions="4" time="0.002564"/>
      <testcase name="test_constrain_size_for_editor_thumb" class="Tests_Image_Size" file="/Users/nacin/Sites/develop.svn.wordpress.org/tests/tests/image/size.php" line="149" assertions="2" time="0.004163"/>
      <testcase name="test_constrain_size_for_editor_medium" class="Tests_Image_Size" file="/Users/nacin/Sites/develop.svn.wordpress.org/tests/tests/image/size.php" line="157" assertions="4" time="0.007246"/>
      <testcase name="test_constrain_size_for_editor_full" class="Tests_Image_Size" file="/Users/nacin/Sites/develop.svn.wordpress.org/tests/tests/image/size.php" line="179" assertions="4" time="0.003081"/>
    </testsuite>
    <testsuite name="Tests_Import_Import" file="/Users/nacin/Sites/develop.svn.wordpress.org/tests/tests/import/import.php" fullPackage="Tests.Import" tests="2" assertions="121" failures="0" errors="0" time="1.244622">
      <testcase name="test_small_import" class="Tests_Import_Import" file="/Users/nacin/Sites/develop.svn.wordpress.org/tests/tests/import/import.php" line="31" assertions="103" time="0.518116"/>
      <testcase name="test_double_import" class="Tests_Import_Import" file="/Users/nacin/Sites/develop.svn.wordpress.org/tests/tests/import/import.php" line="188" assertions="18" time="0.726506"/>
    </testsuite>
    <testsuite name="Tests_Import_Parser" file="/Users/nacin/Sites/develop.svn.wordpress.org/tests/tests/import/parser.php" fullPackage="Tests.Import" tests="6" assertions="110" failures="0" errors="0" time="0.085856">
      <testcase name="test_malformed_wxr" class="Tests_Import_Parser" file="/Users/nacin/Sites/develop.svn.wordpress.org/tests/tests/import/parser.php" line="19" assertions="4" time="0.008788"/>
      <testcase name="test_invalid_wxr" class="Tests_Import_Parser" file="/Users/nacin/Sites/develop.svn.wordpress.org/tests/tests/import/parser.php" line="31" assertions="12" time="0.026394"/>
      <testcase name="test_wxr_version_1_1" class="Tests_Import_Parser" file="/Users/nacin/Sites/develop.svn.wordpress.org/tests/tests/import/parser.php" line="45" assertions="33" time="0.019548"/>
      <testcase name="test_wxr_version_1_0" class="Tests_Import_Parser" file="/Users/nacin/Sites/develop.svn.wordpress.org/tests/tests/import/parser.php" line="99" assertions="45" time="0.022956"/>
      <testcase name="test_escaped_cdata_closing_sequence" class="Tests_Import_Parser" file="/Users/nacin/Sites/develop.svn.wordpress.org/tests/tests/import/parser.php" line="146" assertions="12" time="0.004662"/>
      <testcase name="test_unescaped_cdata_closing_sequence" class="Tests_Import_Parser" file="/Users/nacin/Sites/develop.svn.wordpress.org/tests/tests/import/parser.php" line="172" assertions="4" time="0.003508"/>
    </testsuite>
    <testsuite name="Tests_Import_Postmeta" file="/Users/nacin/Sites/develop.svn.wordpress.org/tests/tests/import/postmeta.php" fullPackage="Tests.Import" tests="4" assertions="5" failures="0" errors="0" time="0.262763">
      <testcase name="test_serialized_postmeta_no_cdata" class="Tests_Import_Postmeta" file="/Users/nacin/Sites/develop.svn.wordpress.org/tests/tests/import/postmeta.php" line="19" assertions="1" time="0.071941"/>
      <testcase name="test_utw_postmeta" class="Tests_Import_Postmeta" file="/Users/nacin/Sites/develop.svn.wordpress.org/tests/tests/import/postmeta.php" line="26" assertions="1" time="0.062955"/>
      <testcase name="test_serialized_postmeta_with_cdata" class="Tests_Import_Postmeta" file="/Users/nacin/Sites/develop.svn.wordpress.org/tests/tests/import/postmeta.php" line="75" assertions="2" time="0.065135"/>
      <testcase name="test_serialized_postmeta_with_evil_stuff_in_cdata" class="Tests_Import_Postmeta" file="/Users/nacin/Sites/develop.svn.wordpress.org/tests/tests/import/postmeta.php" line="89" assertions="1" time="0.062732"/>
    </testsuite>
    <testsuite name="TestFactoryFor" file="/Users/nacin/Sites/develop.svn.wordpress.org/tests/tests/includes/factory.php" tests="4" assertions="4" failures="0" errors="0" time="0.029442">
      <testcase name="test_create_creates_a_category" class="TestFactoryFor" file="/Users/nacin/Sites/develop.svn.wordpress.org/tests/tests/includes/factory.php" line="9" assertions="1" time="0.008297"/>
      <testcase name="test_get_object_by_id_gets_an_object" class="TestFactoryFor" file="/Users/nacin/Sites/develop.svn.wordpress.org/tests/tests/includes/factory.php" line="14" assertions="1" time="0.007488"/>
      <testcase name="test_get_object_by_id_gets_an_object_with_the_same_name" class="TestFactoryFor" file="/Users/nacin/Sites/develop.svn.wordpress.org/tests/tests/includes/factory.php" line="19" assertions="1" time="0.007265"/>
      <testcase name="test_the_taxonomy_argument_overrules_the_factory_taxonomy" class="TestFactoryFor" file="/Users/nacin/Sites/develop.svn.wordpress.org/tests/tests/includes/factory.php" line="25" assertions="1" time="0.006392"/>
    </testsuite>
    <testsuite name="Test_WP_Post_IDs_Iterator" file="/Users/nacin/Sites/develop.svn.wordpress.org/tests/tests/iterators.php" fullPackage="Test.WP.Post.IDs" tests="0" assertions="0" failures="0" errors="0" time="0.000000"/>
    <testsuite name="Tests_Kses" file="/Users/nacin/Sites/develop.svn.wordpress.org/tests/tests/kses.php" fullPackage="Tests" tests="7" assertions="364" failures="0" errors="0" time="0.145450">
      <testcase name="test_wp_filter_post_kses_address" class="Tests_Kses" file="/Users/nacin/Sites/develop.svn.wordpress.org/tests/tests/kses.php" line="13" assertions="4" time="0.004910"/>
      <testcase name="test_wp_filter_post_kses_a" class="Tests_Kses" file="/Users/nacin/Sites/develop.svn.wordpress.org/tests/tests/kses.php" line="36" assertions="9" time="0.005787"/>
      <testcase name="test_wp_filter_post_kses_abbr" class="Tests_Kses" file="/Users/nacin/Sites/develop.svn.wordpress.org/tests/tests/kses.php" line="61" assertions="4" time="0.004231"/>
      <testcase name="test_feed_links" class="Tests_Kses" file="/Users/nacin/Sites/develop.svn.wordpress.org/tests/tests/kses.php" line="78" assertions="1" time="0.006445"/>
      <testcase name="test_wp_kses_bad_protocol" class="Tests_Kses" file="/Users/nacin/Sites/develop.svn.wordpress.org/tests/tests/kses.php" line="112" assertions="5" time="0.005624"/>
      <testcase name="test_hackers_attacks" class="Tests_Kses" file="/Users/nacin/Sites/develop.svn.wordpress.org/tests/tests/kses.php" line="174" assertions="33" time="0.026156"/>
      <testcase name="test_wp_kses_allowed_html" class="Tests_Kses" file="/Users/nacin/Sites/develop.svn.wordpress.org/tests/tests/kses.php" line="315" assertions="308" time="0.092297"/>
    </testsuite>
    <testsuite name="Tests_L10n" file="/Users/nacin/Sites/develop.svn.wordpress.org/tests/tests/l10n.php" fullPackage="Tests" tests="1" assertions="6" failures="0" errors="0" time="0.005133">
      <testcase name="test_load_unload_textdomain" class="Tests_L10n" file="/Users/nacin/Sites/develop.svn.wordpress.org/tests/tests/l10n.php" line="9" assertions="6" time="0.005133"/>
    </testsuite>
    <testsuite name="Tests_Link_Functions" file="/Users/nacin/Sites/develop.svn.wordpress.org/tests/tests/link.php" fullPackage="Tests.Link" tests="1" assertions="1" failures="0" errors="0" time="0.019843">
      <testcase name="test_get_pagenum_link_case_insensitivity" class="Tests_Link_Functions" file="/Users/nacin/Sites/develop.svn.wordpress.org/tests/tests/link.php" line="14" assertions="1" time="0.019843"/>
    </testsuite>
    <testsuite name="Tests_Mail" file="/Users/nacin/Sites/develop.svn.wordpress.org/tests/tests/mail.php" fullPackage="Tests" tests="6" assertions="23" failures="0" errors="0" time="0.030452">
      <testcase name="test_wp_mail_custom_boundaries" class="Tests_Mail" file="/Users/nacin/Sites/develop.svn.wordpress.org/tests/tests/mail.php" line="12" assertions="3" time="0.003908"/>
      <testcase name="test_wp_mail_rfc2822_addresses" class="Tests_Mail" file="/Users/nacin/Sites/develop.svn.wordpress.org/tests/tests/mail.php" line="112" assertions="7" time="0.005658"/>
      <testcase name="test_wp_mail_multiple_rfc2822_to_addresses" class="Tests_Mail" file="/Users/nacin/Sites/develop.svn.wordpress.org/tests/tests/mail.php" line="150" assertions="5" time="0.006061"/>
      <testcase name="test_wp_mail_multiple_to_addresses" class="Tests_Mail" file="/Users/nacin/Sites/develop.svn.wordpress.org/tests/tests/mail.php" line="176" assertions="3" time="0.003922"/>
      <testcase name="test_wp_mail_to_address_no_name" class="Tests_Mail" file="/Users/nacin/Sites/develop.svn.wordpress.org/tests/tests/mail.php" line="194" assertions="2" time="0.004973"/>
      <testcase name="test_wp_mail_return_value" class="Tests_Mail" file="/Users/nacin/Sites/develop.svn.wordpress.org/tests/tests/mail.php" line="216" assertions="3" time="0.005930"/>
    </testsuite>
    <testsuite name="Tests_Media" file="/Users/nacin/Sites/develop.svn.wordpress.org/tests/tests/media.php" fullPackage="Tests" tests="16" assertions="52" failures="0" errors="0" time="0.276083">
      <testcase name="test_img_caption_shortcode_added" class="Tests_Media" file="/Users/nacin/Sites/develop.svn.wordpress.org/tests/tests/media.php" line="24" assertions="2" time="0.002206"/>
      <testcase name="test_img_caption_shortcode_with_empty_params" class="Tests_Media" file="/Users/nacin/Sites/develop.svn.wordpress.org/tests/tests/media.php" line="30" assertions="1" time="0.002128"/>
      <testcase name="test_img_caption_shortcode_with_bad_attr" class="Tests_Media" file="/Users/nacin/Sites/develop.svn.wordpress.org/tests/tests/media.php" line="35" assertions="1" time="0.001887"/>
      <testcase name="test_img_caption_shortcode_with_old_format" class="Tests_Media" file="/Users/nacin/Sites/develop.svn.wordpress.org/tests/tests/media.php" line="40" assertions="4" time="0.002514"/>
      <testcase name="test_img_caption_shortcode_with_old_format_id_and_align" class="Tests_Media" file="/Users/nacin/Sites/develop.svn.wordpress.org/tests/tests/media.php" line="50" assertions="3" time="0.002990"/>
      <testcase name="test_new_img_caption_shortcode_with_html_caption" class="Tests_Media" file="/Users/nacin/Sites/develop.svn.wordpress.org/tests/tests/media.php" line="64" assertions="1" time="0.003456"/>
      <testcase name="test_new_img_caption_shortcode_new_format" class="Tests_Media" file="/Users/nacin/Sites/develop.svn.wordpress.org/tests/tests/media.php" line="73" assertions="2" time="0.004017"/>
      <testcase name="test_new_img_caption_shortcode_new_format_and_linked_image" class="Tests_Media" file="/Users/nacin/Sites/develop.svn.wordpress.org/tests/tests/media.php" line="85" assertions="2" time="0.001990"/>
      <testcase name="test_new_img_caption_shortcode_new_format_and_linked_image_with_newline" class="Tests_Media" file="/Users/nacin/Sites/develop.svn.wordpress.org/tests/tests/media.php" line="98" assertions="2" time="0.001776"/>
      <testcase name="test_add_remove_oembed_provider" class="Tests_Media" file="/Users/nacin/Sites/develop.svn.wordpress.org/tests/tests/media.php" line="111" assertions="2" time="0.002750"/>
      <testcase name="test_wp_prepare_attachment_for_js" class="Tests_Media" file="/Users/nacin/Sites/develop.svn.wordpress.org/tests/tests/media.php" line="117" assertions="13" time="0.014804"/>
      <testcase name="test_wp_convert_bytes_to_hr" class="Tests_Media" file="/Users/nacin/Sites/develop.svn.wordpress.org/tests/tests/media.php" line="154" assertions="10" time="0.003647"/>
      <testcase name="test_get_attached_images" class="Tests_Media" file="/Users/nacin/Sites/develop.svn.wordpress.org/tests/tests/media.php" line="187" assertions="1" time="0.028376"/>
      <testcase name="test_post_galleries_images" class="Tests_Media" file="/Users/nacin/Sites/develop.svn.wordpress.org/tests/tests/media.php" line="201" assertions="1" time="0.097464"/>
      <testcase name="test_post_gallery_images" class="Tests_Media" file="/Users/nacin/Sites/develop.svn.wordpress.org/tests/tests/media.php" line="242" assertions="1" time="0.100871"/>
      <testcase name="test_get_media_embedded_in_content" class="Tests_Media" file="/Users/nacin/Sites/develop.svn.wordpress.org/tests/tests/media.php" line="280" assertions="6" time="0.005208"/>
    </testsuite>
    <testsuite name="Tests_Meta" file="/Users/nacin/Sites/develop.svn.wordpress.org/tests/tests/meta.php" fullPackage="Tests" tests="6" assertions="49" failures="0" errors="0" time="0.292006">
      <testcase name="test_sanitize_meta" class="Tests_Meta" file="/Users/nacin/Sites/develop.svn.wordpress.org/tests/tests/meta.php" line="18" assertions="2" time="0.045536"/>
      <testcase name="test_delete_metadata_by_mid" class="Tests_Meta" file="/Users/nacin/Sites/develop.svn.wordpress.org/tests/tests/meta.php" line="27" assertions="5" time="0.045284"/>
      <testcase name="test_update_metadata_by_mid" class="Tests_Meta" file="/Users/nacin/Sites/develop.svn.wordpress.org/tests/tests/meta.php" line="42" assertions="13" time="0.049094"/>
      <testcase name="test_metadata_exists" class="Tests_Meta" file="/Users/nacin/Sites/develop.svn.wordpress.org/tests/tests/meta.php" line="79" assertions="4" time="0.044717"/>
      <testcase name="test_user_metadata_not_exists" class="Tests_Meta" file="/Users/nacin/Sites/develop.svn.wordpress.org/tests/tests/meta.php" line="89" assertions="5" time="0.048663"/>
      <testcase name="test_metadata_slashes" class="Tests_Meta" file="/Users/nacin/Sites/develop.svn.wordpress.org/tests/tests/meta.php" line="124" assertions="20" time="0.058712"/>
    </testsuite>
    <testsuite name="Tests_Meta_Query" file="/Users/nacin/Sites/develop.svn.wordpress.org/tests/tests/meta/query.php" fullPackage="Tests.Meta" tests="5" assertions="10" failures="0" errors="0" time="0.014319">
      <testcase name="test_default_relation" class="Tests_Meta_Query" file="/Users/nacin/Sites/develop.svn.wordpress.org/tests/tests/meta/query.php" line="9" assertions="1" time="0.002551"/>
      <testcase name="test_set_relation" class="Tests_Meta_Query" file="/Users/nacin/Sites/develop.svn.wordpress.org/tests/tests/meta/query.php" line="15" assertions="2" time="0.002421"/>
      <testcase name="test_single_inner_join_for_keys_only" class="Tests_Meta_Query" file="/Users/nacin/Sites/develop.svn.wordpress.org/tests/tests/meta/query.php" line="31" assertions="2" time="0.003476"/>
      <testcase name="test_parse_query_vars" class="Tests_Meta_Query" file="/Users/nacin/Sites/develop.svn.wordpress.org/tests/tests/meta/query.php" line="63" assertions="3" time="0.002833"/>
      <testcase name="test_empty_value_sql" class="Tests_Meta_Query" file="/Users/nacin/Sites/develop.svn.wordpress.org/tests/tests/meta/query.php" line="86" assertions="2" time="0.003038"/>
    </testsuite>
    <testsuite name="Tests_Meta_Slashes" file="/Users/nacin/Sites/develop.svn.wordpress.org/tests/tests/meta/slashes.php" fullPackage="Tests.Meta" tests="9" assertions="37" failures="0" errors="0" time="0.635573">
      <testcase name="test_edit_post" class="Tests_Meta_Slashes" file="/Users/nacin/Sites/develop.svn.wordpress.org/tests/tests/meta/slashes.php" line="33" assertions="7" time="0.121317"/>
      <testcase name="test_add_post_meta" class="Tests_Meta_Slashes" file="/Users/nacin/Sites/develop.svn.wordpress.org/tests/tests/meta/slashes.php" line="109" assertions="3" time="0.062836"/>
      <testcase name="test_update_post_meta" class="Tests_Meta_Slashes" file="/Users/nacin/Sites/develop.svn.wordpress.org/tests/tests/meta/slashes.php" line="124" assertions="3" time="0.059644"/>
      <testcase name="test_wp_add_post_meta" class="Tests_Meta_Slashes" file="/Users/nacin/Sites/develop.svn.wordpress.org/tests/tests/meta/slashes.php" line="139" assertions="0" time="0.046754"/>
      <testcase name="test_wp_update_post_meta" class="Tests_Meta_Slashes" file="/Users/nacin/Sites/develop.svn.wordpress.org/tests/tests/meta/slashes.php" line="157" assertions="0" time="0.050482"/>
      <testcase name="test_add_comment_meta" class="Tests_Meta_Slashes" file="/Users/nacin/Sites/develop.svn.wordpress.org/tests/tests/meta/slashes.php" line="175" assertions="6" time="0.050790"/>
      <testcase name="test_update_comment_meta" class="Tests_Meta_Slashes" file="/Users/nacin/Sites/develop.svn.wordpress.org/tests/tests/meta/slashes.php" line="199" assertions="6" time="0.058835"/>
      <testcase name="test_add_user_meta" class="Tests_Meta_Slashes" file="/Users/nacin/Sites/develop.svn.wordpress.org/tests/tests/meta/slashes.php" line="227" assertions="6" time="0.088858"/>
      <testcase name="test_update_user_meta" class="Tests_Meta_Slashes" file="/Users/nacin/Sites/develop.svn.wordpress.org/tests/tests/meta/slashes.php" line="251" assertions="6" time="0.096057"/>
    </testsuite>
    <testsuite name="Tests_Option_Option" file="/Users/nacin/Sites/develop.svn.wordpress.org/tests/tests/option/option.php" fullPackage="Tests.Option" tests="6" assertions="54" failures="0" errors="0" time="0.050596">
      <testcase name="test_the_basics" class="Tests_Option_Option" file="/Users/nacin/Sites/develop.svn.wordpress.org/tests/tests/option/option.php" line="12" assertions="16" time="0.014010"/>
      <testcase name="test_default_filter" class="Tests_Option_Option" file="/Users/nacin/Sites/develop.svn.wordpress.org/tests/tests/option/option.php" line="37" assertions="7" time="0.007858"/>
      <testcase name="test_serialized_data" class="Tests_Option_Option" file="/Users/nacin/Sites/develop.svn.wordpress.org/tests/tests/option/option.php" line="62" assertions="5" time="0.019316"/>
      <testcase name="test_bad_option_names" class="Tests_Option_Option" file="/Users/nacin/Sites/develop.svn.wordpress.org/tests/tests/option/option.php" line="78" assertions="24" time="0.003127"/>
      <testcase name="test_special_option_name_alloption" class="Tests_Option_Option" file="/Users/nacin/Sites/develop.svn.wordpress.org/tests/tests/option/option.php" line="91" assertions="1" time="0.003625"/>
      <testcase name="test_special_option_name_notoptions" class="Tests_Option_Option" file="/Users/nacin/Sites/develop.svn.wordpress.org/tests/tests/option/option.php" line="99" assertions="1" time="0.002660"/>
    </testsuite>
    <testsuite name="Tests_Option_SiteOption" file="/Users/nacin/Sites/develop.svn.wordpress.org/tests/tests/option/siteOption.php" fullPackage="Tests.Option" tests="5" assertions="32" failures="0" errors="0" time="0.038239">
      <testcase name="test_the_basics" class="Tests_Option_SiteOption" file="/Users/nacin/Sites/develop.svn.wordpress.org/tests/tests/option/siteOption.php" line="11" assertions="16" time="0.012657"/>
      <testcase name="test_default_filter" class="Tests_Option_SiteOption" file="/Users/nacin/Sites/develop.svn.wordpress.org/tests/tests/option/siteOption.php" line="36" assertions="7" time="0.007270"/>
      <testcase name="test_serialized_data" class="Tests_Option_SiteOption" file="/Users/nacin/Sites/develop.svn.wordpress.org/tests/tests/option/siteOption.php" line="61" assertions="5" time="0.007985"/>
      <testcase name="test_update_adds_falsey_value" class="Tests_Option_SiteOption" file="/Users/nacin/Sites/develop.svn.wordpress.org/tests/tests/option/siteOption.php" line="75" assertions="2" time="0.006179"/>
      <testcase name="test_get_doesnt_cache_default_value" class="Tests_Option_SiteOption" file="/Users/nacin/Sites/develop.svn.wordpress.org/tests/tests/option/siteOption.php" line="86" assertions="2" time="0.004148"/>
    </testsuite>
    <testsuite name="Tests_Option_SiteTransient" file="/Users/nacin/Sites/develop.svn.wordpress.org/tests/tests/option/siteTransient.php" fullPackage="Tests.Option" tests="2" assertions="14" failures="0" errors="0" time="0.020222">
      <testcase name="test_the_basics" class="Tests_Option_SiteTransient" file="/Users/nacin/Sites/develop.svn.wordpress.org/tests/tests/option/siteTransient.php" line="8" assertions="9" time="0.011468"/>
      <testcase name="test_serialized_data" class="Tests_Option_SiteTransient" file="/Users/nacin/Sites/develop.svn.wordpress.org/tests/tests/option/siteTransient.php" line="24" assertions="5" time="0.008754"/>
    </testsuite>
    <testsuite name="Tests_Option_Slashes" file="/Users/nacin/Sites/develop.svn.wordpress.org/tests/tests/option/slashes.php" fullPackage="Tests.Option" tests="2" assertions="8" failures="0" errors="0" time="0.017980">
      <testcase name="test_add_option" class="Tests_Option_Slashes" file="/Users/nacin/Sites/develop.svn.wordpress.org/tests/tests/option/slashes.php" line="26" assertions="4" time="0.008567"/>
      <testcase name="test_update_option" class="Tests_Option_Slashes" file="/Users/nacin/Sites/develop.svn.wordpress.org/tests/tests/option/slashes.php" line="42" assertions="4" time="0.009413"/>
    </testsuite>
    <testsuite name="Tests_Option_Transient" file="/Users/nacin/Sites/develop.svn.wordpress.org/tests/tests/option/transient.php" fullPackage="Tests.Option" tests="2" assertions="14" failures="0" errors="0" time="0.018390">
      <testcase name="test_the_basics" class="Tests_Option_Transient" file="/Users/nacin/Sites/develop.svn.wordpress.org/tests/tests/option/transient.php" line="8" assertions="9" time="0.010498"/>
      <testcase name="test_serialized_data" class="Tests_Option_Transient" file="/Users/nacin/Sites/develop.svn.wordpress.org/tests/tests/option/transient.php" line="24" assertions="5" time="0.007892"/>
    </testsuite>
    <testsuite name="Tests_POMO_MO" file="/Users/nacin/Sites/develop.svn.wordpress.org/tests/tests/pomo/mo.php" fullPackage="Tests.POMO" tests="9" assertions="36" failures="0" errors="0" time="0.033465">
      <testcase name="test_mo_simple" class="Tests_POMO_MO" file="/Users/nacin/Sites/develop.svn.wordpress.org/tests/tests/pomo/mo.php" line="5" assertions="4" time="0.003469"/>
      <testcase name="test_mo_plural" class="Tests_POMO_MO" file="/Users/nacin/Sites/develop.svn.wordpress.org/tests/tests/pomo/mo.php" line="14" assertions="14" time="0.003937"/>
      <testcase name="test_mo_context" class="Tests_POMO_MO" file="/Users/nacin/Sites/develop.svn.wordpress.org/tests/tests/pomo/mo.php" line="41" assertions="5" time="0.005170"/>
      <testcase name="test_translations_merge" class="Tests_POMO_MO" file="/Users/nacin/Sites/develop.svn.wordpress.org/tests/tests/pomo/mo.php" line="55" assertions="2" time="0.002512"/>
      <testcase name="test_export_mo_file" class="Tests_POMO_MO" file="/Users/nacin/Sites/develop.svn.wordpress.org/tests/tests/pomo/mo.php" line="67" assertions="6" time="0.008000"/>
      <testcase name="test_export_should_not_include_empty_translations" class="Tests_POMO_MO" file="/Users/nacin/Sites/develop.svn.wordpress.org/tests/tests/pomo/mo.php" line="100" assertions="1" time="0.003059"/>
      <testcase name="test_nplurals_with_backslashn" class="Tests_POMO_MO" file="/Users/nacin/Sites/develop.svn.wordpress.org/tests/tests/pomo/mo.php" line="114" assertions="3" time="0.002910"/>
      <testcase name="test_overloaded_mb_functions" class="Tests_POMO_MO" file="/Users/nacin/Sites/develop.svn.wordpress.org/tests/tests/pomo/mo.php" line="129" assertions="0" time="0.002014"/>
      <testcase name="test_load_pot_file" class="Tests_POMO_MO" file="/Users/nacin/Sites/develop.svn.wordpress.org/tests/tests/pomo/mo.php" line="139" assertions="1" time="0.002394"/>
    </testsuite>
    <testsuite name="Tests_POMO_NOOPTranslations" file="/Users/nacin/Sites/develop.svn.wordpress.org/tests/tests/pomo/noopTranslations.php" fullPackage="Tests.POMO" tests="6" assertions="8" failures="0" errors="0" time="0.011717">
      <testcase name="test_get_header" class="Tests_POMO_NOOPTranslations" file="/Users/nacin/Sites/develop.svn.wordpress.org/tests/tests/pomo/noopTranslations.php" line="11" assertions="1" time="0.002458"/>
      <testcase name="test_add_entry" class="Tests_POMO_NOOPTranslations" file="/Users/nacin/Sites/develop.svn.wordpress.org/tests/tests/pomo/noopTranslations.php" line="15" assertions="1" time="0.002283"/>
      <testcase name="test_set_header" class="Tests_POMO_NOOPTranslations" file="/Users/nacin/Sites/develop.svn.wordpress.org/tests/tests/pomo/noopTranslations.php" line="20" assertions="1" time="0.001680"/>
      <testcase name="test_translate_entry" class="Tests_POMO_NOOPTranslations" file="/Users/nacin/Sites/develop.svn.wordpress.org/tests/tests/pomo/noopTranslations.php" line="25" assertions="1" time="0.001749"/>
      <testcase name="test_translate" class="Tests_POMO_NOOPTranslations" file="/Users/nacin/Sites/develop.svn.wordpress.org/tests/tests/pomo/noopTranslations.php" line="30" assertions="1" time="0.001511"/>
      <testcase name="test_plural" class="Tests_POMO_NOOPTranslations" file="/Users/nacin/Sites/develop.svn.wordpress.org/tests/tests/pomo/noopTranslations.php" line="35" assertions="3" time="0.002036"/>
    </testsuite>
    <testsuite name="Tests_POMO_PO" file="/Users/nacin/Sites/develop.svn.wordpress.org/tests/tests/pomo/po.php" fullPackage="Tests.POMO" tests="11" assertions="43" failures="0" errors="0" time="0.023025">
      <testcase name="test_prepend_each_line" class="Tests_POMO_PO" file="/Users/nacin/Sites/develop.svn.wordpress.org/tests/tests/pomo/po.php" line="39" assertions="3" time="0.001946"/>
      <testcase name="test_poify" class="Tests_POMO_PO" file="/Users/nacin/Sites/develop.svn.wordpress.org/tests/tests/pomo/po.php" line="45" assertions="7" time="0.000892"/>
      <testcase name="test_unpoify" class="Tests_POMO_PO" file="/Users/nacin/Sites/develop.svn.wordpress.org/tests/tests/pomo/po.php" line="63" assertions="6" time="0.001927"/>
      <testcase name="test_export_entry" class="Tests_POMO_PO" file="/Users/nacin/Sites/develop.svn.wordpress.org/tests/tests/pomo/po.php" line="73" assertions="10" time="0.002208"/>
      <testcase name="test_export_entries" class="Tests_POMO_PO" file="/Users/nacin/Sites/develop.svn.wordpress.org/tests/tests/pomo/po.php" line="128" assertions="1" time="0.000552"/>
      <testcase name="test_export_headers" class="Tests_POMO_PO" file="/Users/nacin/Sites/develop.svn.wordpress.org/tests/tests/pomo/po.php" line="137" assertions="1" time="0.000548"/>
      <testcase name="test_export" class="Tests_POMO_PO" file="/Users/nacin/Sites/develop.svn.wordpress.org/tests/tests/pomo/po.php" line="144" assertions="2" time="0.000724"/>
      <testcase name="test_export_to_file" class="Tests_POMO_PO" file="/Users/nacin/Sites/develop.svn.wordpress.org/tests/tests/pomo/po.php" line="157" assertions="2" time="0.001418"/>
      <testcase name="test_import_from_file" class="Tests_POMO_PO" file="/Users/nacin/Sites/develop.svn.wordpress.org/tests/tests/pomo/po.php" line="175" assertions="8" time="0.010619"/>
      <testcase name="test_import_from_entry_file_should_give_false" class="Tests_POMO_PO" file="/Users/nacin/Sites/develop.svn.wordpress.org/tests/tests/pomo/po.php" line="205" assertions="1" time="0.000670"/>
      <testcase name="test_import_from_file_with_windows_line_endings_should_work_as_with_unix_line_endings" class="Tests_POMO_PO" file="/Users/nacin/Sites/develop.svn.wordpress.org/tests/tests/pomo/po.php" line="210" assertions="2" time="0.001521"/>
    </testsuite>
    <testsuite name="Tests_POMO_TranslationEntry" file="/Users/nacin/Sites/develop.svn.wordpress.org/tests/tests/pomo/translationEntry.php" fullPackage="Tests.POMO" tests="2" assertions="13" failures="0" errors="0" time="0.005440">
      <testcase name="test_create_entry" class="Tests_POMO_TranslationEntry" file="/Users/nacin/Sites/develop.svn.wordpress.org/tests/tests/pomo/translationEntry.php" line="5" assertions="9" time="0.002804"/>
      <testcase name="test_key" class="Tests_POMO_TranslationEntry" file="/Users/nacin/Sites/develop.svn.wordpress.org/tests/tests/pomo/translationEntry.php" line="27" assertions="4" time="0.002636"/>
    </testsuite>
    <testsuite name="Tests_POMO_Translations" file="/Users/nacin/Sites/develop.svn.wordpress.org/tests/tests/pomo/translations.php" fullPackage="Tests.POMO" tests="4" assertions="22" failures="0" errors="0" time="0.010787">
      <testcase name="test_add_entry" class="Tests_POMO_Translations" file="/Users/nacin/Sites/develop.svn.wordpress.org/tests/tests/pomo/translations.php" line="4" assertions="6" time="0.002900"/>
      <testcase name="test_translate" class="Tests_POMO_Translations" file="/Users/nacin/Sites/develop.svn.wordpress.org/tests/tests/pomo/translations.php" line="29" assertions="4" time="0.002496"/>
      <testcase name="test_translate_plural" class="Tests_POMO_Translations" file="/Users/nacin/Sites/develop.svn.wordpress.org/tests/tests/pomo/translations.php" line="41" assertions="10" time="0.002857"/>
      <testcase name="test_digit_and_merge" class="Tests_POMO_Translations" file="/Users/nacin/Sites/develop.svn.wordpress.org/tests/tests/pomo/translations.php" line="63" assertions="2" time="0.002535"/>
    </testsuite>
    <testsuite name="Tests_Post" file="/Users/nacin/Sites/develop.svn.wordpress.org/tests/tests/post.php" fullPackage="Tests" tests="27" assertions="168" failures="0" errors="0" time="2.224405">
      <testcase name="test_vb_insert_get_delete" class="Tests_Post" file="/Users/nacin/Sites/develop.svn.wordpress.org/tests/tests/post.php" line="36" assertions="29" time="0.164204"/>
      <testcase name="test_vb_insert_future" class="Tests_Post" file="/Users/nacin/Sites/develop.svn.wordpress.org/tests/tests/post.php" line="91" assertions="8" time="0.065713"/>
      <testcase name="test_vb_insert_future_over_dst" class="Tests_Post" file="/Users/nacin/Sites/develop.svn.wordpress.org/tests/tests/post.php" line="123" assertions="6" time="0.083167"/>
      <testcase name="test_vb_insert_future_edit_bug" class="Tests_Post" file="/Users/nacin/Sites/develop.svn.wordpress.org/tests/tests/post.php" line="166" assertions="6" time="0.085206"/>
      <testcase name="test_vb_insert_future_draft" class="Tests_Post" file="/Users/nacin/Sites/develop.svn.wordpress.org/tests/tests/post.php" line="208" assertions="8" time="0.058258"/>
      <testcase name="test_vb_insert_future_change_to_draft" class="Tests_Post" file="/Users/nacin/Sites/develop.svn.wordpress.org/tests/tests/post.php" line="241" assertions="6" time="0.081764"/>
      <testcase name="test_vb_insert_future_change_status" class="Tests_Post" file="/Users/nacin/Sites/develop.svn.wordpress.org/tests/tests/post.php" line="279" assertions="36" time="0.287740"/>
      <testcase name="test_vb_insert_future_private" class="Tests_Post" file="/Users/nacin/Sites/develop.svn.wordpress.org/tests/tests/post.php" line="321" assertions="8" time="0.054629"/>
      <testcase name="test_vb_insert_invalid_date" class="Tests_Post" file="/Users/nacin/Sites/develop.svn.wordpress.org/tests/tests/post.php" line="356" assertions="3" time="0.046655"/>
      <testcase name="test_vb_insert_future_change_to_private" class="Tests_Post" file="/Users/nacin/Sites/develop.svn.wordpress.org/tests/tests/post.php" line="376" assertions="6" time="0.085640"/>
      <testcase name="test_delete_future_post_cron" class="Tests_Post" file="/Users/nacin/Sites/develop.svn.wordpress.org/tests/tests/post.php" line="417" assertions="2" time="0.083091"/>
      <testcase name="test_wp_unique_post_slug_with_non_latin_slugs" class="Tests_Post" file="/Users/nacin/Sites/develop.svn.wordpress.org/tests/tests/post.php" line="473" assertions="2" time="0.118295"/>
      <testcase name="test_get_page_by_path_priority" class="Tests_Post" file="/Users/nacin/Sites/develop.svn.wordpress.org/tests/tests/post.php" line="504" assertions="4" time="0.070404"/>
      <testcase name="test_wp_publish_post" class="Tests_Post" file="/Users/nacin/Sites/develop.svn.wordpress.org/tests/tests/post.php" line="519" assertions="2" time="0.058998"/>
      <testcase name="test_wp_insert_post_and_wp_publish_post_with_future_date" class="Tests_Post" file="/Users/nacin/Sites/develop.svn.wordpress.org/tests/tests/post.php" line="534" assertions="4" time="0.064603"/>
      <testcase name="test_publish_post_with_content_filtering" class="Tests_Post" file="/Users/nacin/Sites/develop.svn.wordpress.org/tests/tests/post.php" line="555" assertions="3" time="0.083070"/>
      <testcase name="test_wp_publish_post_and_avoid_content_filtering" class="Tests_Post" file="/Users/nacin/Sites/develop.svn.wordpress.org/tests/tests/post.php" line="575" assertions="3" time="0.064625"/>
      <testcase name="test_get_page_uri_with_stdclass_post_object" class="Tests_Post" file="/Users/nacin/Sites/develop.svn.wordpress.org/tests/tests/post.php" line="595" assertions="1" time="0.059882"/>
      <testcase name="test_get_post_ancestors_within_loop" class="Tests_Post" file="/Users/nacin/Sites/develop.svn.wordpress.org/tests/tests/post.php" line="609" assertions="1" time="0.076484"/>
      <testcase name="test_update_invalid_post_id" class="Tests_Post" file="/Users/nacin/Sites/develop.svn.wordpress.org/tests/tests/post.php" line="619" assertions="4" time="0.079748"/>
      <testcase name="test_parse_post_content_single_page" class="Tests_Post" file="/Users/nacin/Sites/develop.svn.wordpress.org/tests/tests/post.php" line="633" assertions="4" time="0.062390"/>
      <testcase name="test_parse_post_content_multi_page" class="Tests_Post" file="/Users/nacin/Sites/develop.svn.wordpress.org/tests/tests/post.php" line="644" assertions="4" time="0.059195"/>
      <testcase name="test_parse_post_content_remaining_single_page" class="Tests_Post" file="/Users/nacin/Sites/develop.svn.wordpress.org/tests/tests/post.php" line="655" assertions="4" time="0.061262"/>
      <testcase name="test_parse_post_content_remaining_multi_page" class="Tests_Post" file="/Users/nacin/Sites/develop.svn.wordpress.org/tests/tests/post.php" line="666" assertions="4" time="0.058886"/>
      <testcase name="test_parse_post_content_starting_with_nextpage" class="Tests_Post" file="/Users/nacin/Sites/develop.svn.wordpress.org/tests/tests/post.php" line="680" assertions="4" time="0.058035"/>
      <testcase name="test_parse_post_content_starting_with_nextpage_multi" class="Tests_Post" file="/Users/nacin/Sites/develop.svn.wordpress.org/tests/tests/post.php" line="694" assertions="4" time="0.056459"/>
      <testcase name="test_wp_count_posts" class="Tests_Post" file="/Users/nacin/Sites/develop.svn.wordpress.org/tests/tests/post.php" line="789" assertions="2" time="0.096002"/>
    </testsuite>
    <testsuite name="Tests_Post_Attachments" file="/Users/nacin/Sites/develop.svn.wordpress.org/tests/tests/post/attachments.php" fullPackage="Tests.Post" tests="5" assertions="48" failures="0" errors="0" time="0.652743">
      <testcase name="test_insert_bogus_image" class="Tests_Post_Attachments" file="/Users/nacin/Sites/develop.svn.wordpress.org/tests/tests/post/attachments.php" line="47" assertions="1" time="0.014737"/>
      <testcase name="test_insert_image_no_thumb" class="Tests_Post_Attachments" file="/Users/nacin/Sites/develop.svn.wordpress.org/tests/tests/post/attachments.php" line="57" assertions="9" time="0.022691"/>
      <testcase name="test_insert_image_thumb_only" class="Tests_Post_Attachments" file="/Users/nacin/Sites/develop.svn.wordpress.org/tests/tests/post/attachments.php" line="85" assertions="14" time="0.062532"/>
      <testcase name="test_insert_image_medium" class="Tests_Post_Attachments" file="/Users/nacin/Sites/develop.svn.wordpress.org/tests/tests/post/attachments.php" line="131" assertions="15" time="0.262838"/>
      <testcase name="test_insert_image_delete" class="Tests_Post_Attachments" file="/Users/nacin/Sites/develop.svn.wordpress.org/tests/tests/post/attachments.php" line="177" assertions="9" time="0.289945"/>
    </testsuite>
    <testsuite name="Tests_Post_Filtering" file="/Users/nacin/Sites/develop.svn.wordpress.org/tests/tests/post/filtering.php" fullPackage="Tests.Post" tests="5" assertions="5" failures="0" errors="0" time="0.102957">
      <testcase name="test_post_content_unknown_tag" class="Tests_Post_Filtering" file="/Users/nacin/Sites/develop.svn.wordpress.org/tests/tests/post/filtering.php" line="24" assertions="1" time="0.023371"/>
      <testcase name="test_post_content_unbalanced_tag" class="Tests_Post_Filtering" file="/Users/nacin/Sites/develop.svn.wordpress.org/tests/tests/post/filtering.php" line="41" assertions="1" time="0.022572"/>
      <testcase name="test_post_content_disallowed_attr" class="Tests_Post_Filtering" file="/Users/nacin/Sites/develop.svn.wordpress.org/tests/tests/post/filtering.php" line="58" assertions="1" time="0.018576"/>
      <testcase name="test_post_content_xhtml_empty_elem" class="Tests_Post_Filtering" file="/Users/nacin/Sites/develop.svn.wordpress.org/tests/tests/post/filtering.php" line="78" assertions="1" time="0.021091"/>
      <testcase name="test_post_content_nobalance_nextpage_more" class="Tests_Post_Filtering" file="/Users/nacin/Sites/develop.svn.wordpress.org/tests/tests/post/filtering.php" line="194" assertions="1" time="0.017347"/>
    </testsuite>
    <testsuite name="Tests_Post_Formats" file="/Users/nacin/Sites/develop.svn.wordpress.org/tests/tests/post/formats.php" fullPackage="Tests.Post" tests="4" assertions="47" failures="0" errors="0" time="0.237333">
      <testcase name="test_set_get_post_format_for_post" class="Tests_Post_Formats" file="/Users/nacin/Sites/develop.svn.wordpress.org/tests/tests/post/formats.php" line="11" assertions="11" time="0.036122"/>
      <testcase name="test_set_get_post_format_for_page" class="Tests_Post_Formats" file="/Users/nacin/Sites/develop.svn.wordpress.org/tests/tests/post/formats.php" line="39" assertions="12" time="0.030829"/>
      <testcase name="test_has_format" class="Tests_Post_Formats" file="/Users/nacin/Sites/develop.svn.wordpress.org/tests/tests/post/formats.php" line="71" assertions="12" time="0.044495"/>
      <testcase name="test_get_url_in_content" class="Tests_Post_Formats" file="/Users/nacin/Sites/develop.svn.wordpress.org/tests/tests/post/formats.php" line="100" assertions="12" time="0.125887"/>
    </testsuite>
    <testsuite name="Tests_Post_Gallery" file="/Users/nacin/Sites/develop.svn.wordpress.org/tests/tests/post/gallery.php" fullPackage="Tests.Post" tests="0" assertions="0" failures="0" errors="0" time="0.000000"/>
    <testsuite name="Tests_Post_getPages" file="/Users/nacin/Sites/develop.svn.wordpress.org/tests/tests/post/getPages.php" fullPackage="Tests.Post" tests="3" assertions="116" failures="0" errors="0" time="0.244029">
      <testcase name="test_get_pages_cache" class="Tests_Post_getPages" file="/Users/nacin/Sites/develop.svn.wordpress.org/tests/tests/post/getPages.php" line="15" assertions="112" time="0.165081"/>
      <testcase name="test_get_pages_meta" class="Tests_Post_getPages" file="/Users/nacin/Sites/develop.svn.wordpress.org/tests/tests/post/getPages.php" line="99" assertions="3" time="0.033099"/>
      <testcase name="test_wp_dropdown_pages" class="Tests_Post_getPages" file="/Users/nacin/Sites/develop.svn.wordpress.org/tests/tests/post/getPages.php" line="113" assertions="1" time="0.045849"/>
    </testsuite>
    <testsuite name="Tests_Post_Meta" file="/Users/nacin/Sites/develop.svn.wordpress.org/tests/tests/post/meta.php" fullPackage="Tests.Post" tests="9" assertions="73" failures="0" errors="0" time="0.778409">
      <testcase name="test_unique_postmeta" class="Tests_Post_Meta" file="/Users/nacin/Sites/develop.svn.wordpress.org/tests/tests/post/meta.php" line="41" assertions="8" time="0.083951"/>
      <testcase name="test_nonunique_postmeta" class="Tests_Post_Meta" file="/Users/nacin/Sites/develop.svn.wordpress.org/tests/tests/post/meta.php" line="64" assertions="12" time="0.077117"/>
      <testcase name="test_update_post_meta" class="Tests_Post_Meta" file="/Users/nacin/Sites/develop.svn.wordpress.org/tests/tests/post/meta.php" line="101" assertions="14" time="0.080812"/>
      <testcase name="test_delete_post_meta" class="Tests_Post_Meta" file="/Users/nacin/Sites/develop.svn.wordpress.org/tests/tests/post/meta.php" line="128" assertions="6" time="0.074642"/>
      <testcase name="test_delete_post_meta_by_key" class="Tests_Post_Meta" file="/Users/nacin/Sites/develop.svn.wordpress.org/tests/tests/post/meta.php" line="146" assertions="7" time="0.072222"/>
      <testcase name="test_get_post_meta_by_id" class="Tests_Post_Meta" file="/Users/nacin/Sites/develop.svn.wordpress.org/tests/tests/post/meta.php" line="163" assertions="4" time="0.076725"/>
      <testcase name="test_delete_meta" class="Tests_Post_Meta" file="/Users/nacin/Sites/develop.svn.wordpress.org/tests/tests/post/meta.php" line="183" assertions="4" time="0.128063"/>
      <testcase name="test_update_meta" class="Tests_Post_Meta" file="/Users/nacin/Sites/develop.svn.wordpress.org/tests/tests/post/meta.php" line="193" assertions="16" time="0.093466"/>
      <testcase name="test_funky_post_meta" class="Tests_Post_Meta" file="/Users/nacin/Sites/develop.svn.wordpress.org/tests/tests/post/meta.php" line="228" assertions="2" time="0.091411"/>
    </testsuite>
    <testsuite name="Tests_Post_Objects" file="/Users/nacin/Sites/develop.svn.wordpress.org/tests/tests/post/objects.php" fullPackage="Tests.Post" tests="10" assertions="84" failures="0" errors="0" time="0.363150">
      <testcase name="test_get_post" class="Tests_Post_Objects" file="/Users/nacin/Sites/develop.svn.wordpress.org/tests/tests/post/objects.php" line="8" assertions="26" time="0.023858"/>
      <testcase name="test_get_post_ancestors" class="Tests_Post_Objects" file="/Users/nacin/Sites/develop.svn.wordpress.org/tests/tests/post/objects.php" line="69" assertions="11" time="0.112776"/>
      <testcase name="test_get_post_ancestors_with_falsey_values" class="Tests_Post_Objects" file="/Users/nacin/Sites/develop.svn.wordpress.org/tests/tests/post/objects.php" line="94" assertions="10" time="0.003729"/>
      <testcase name="test_get_post_category_property" class="Tests_Post_Objects" file="/Users/nacin/Sites/develop.svn.wordpress.org/tests/tests/post/objects.php" line="101" assertions="7" time="0.047217"/>
      <testcase name="test_get_tags_input_property" class="Tests_Post_Objects" file="/Users/nacin/Sites/develop.svn.wordpress.org/tests/tests/post/objects.php" line="120" assertions="8" time="0.047528"/>
      <testcase name="test_get_page_template_property" class="Tests_Post_Objects" file="/Users/nacin/Sites/develop.svn.wordpress.org/tests/tests/post/objects.php" line="137" assertions="6" time="0.044438"/>
      <testcase name="test_get_post_filter" class="Tests_Post_Objects" file="/Users/nacin/Sites/develop.svn.wordpress.org/tests/tests/post/objects.php" line="157" assertions="8" time="0.022139"/>
      <testcase name="test_get_post_identity" class="Tests_Post_Objects" file="/Users/nacin/Sites/develop.svn.wordpress.org/tests/tests/post/objects.php" line="180" assertions="2" time="0.022707"/>
      <testcase name="test_get_post_array" class="Tests_Post_Objects" file="/Users/nacin/Sites/develop.svn.wordpress.org/tests/tests/post/objects.php" line="189" assertions="3" time="0.020438"/>
      <testcase name="test_get_post_cache" class="Tests_Post_Objects" file="/Users/nacin/Sites/develop.svn.wordpress.org/tests/tests/post/objects.php" line="202" assertions="3" time="0.018320"/>
    </testsuite>
    <testsuite name="Tests_Post_Output" file="/Users/nacin/Sites/develop.svn.wordpress.org/tests/tests/post/output.php" fullPackage="Tests.Post" tests="5" assertions="20" failures="0" errors="0" time="0.139756">
      <testcase name="test_the_content" class="Tests_Post_Output" file="/Users/nacin/Sites/develop.svn.wordpress.org/tests/tests/post/output.php" line="37" assertions="4" time="0.025052"/>
      <testcase name="test_the_content_shortcode" class="Tests_Post_Output" file="/Users/nacin/Sites/develop.svn.wordpress.org/tests/tests/post/output.php" line="60" assertions="4" time="0.028851"/>
      <testcase name="test_the_content_shortcode_paragraph" class="Tests_Post_Output" file="/Users/nacin/Sites/develop.svn.wordpress.org/tests/tests/post/output.php" line="88" assertions="4" time="0.027843"/>
      <testcase name="test_the_content_attribute_filtering" class="Tests_Post_Output" file="/Users/nacin/Sites/develop.svn.wordpress.org/tests/tests/post/output.php" line="126" assertions="4" time="0.030118"/>
      <testcase name="test_the_content_attribute_value_with_colon" class="Tests_Post_Output" file="/Users/nacin/Sites/develop.svn.wordpress.org/tests/tests/post/output.php" line="150" assertions="4" time="0.027892"/>
    </testsuite>
    <testsuite name="Tests_Post_Query" file="/Users/nacin/Sites/develop.svn.wordpress.org/tests/tests/post/query.php" fullPackage="Tests.Post" tests="10" assertions="139" failures="0" errors="0" time="1.120073">
      <testcase name="test_meta_key_or_query" class="Tests_Post_Query" file="/Users/nacin/Sites/develop.svn.wordpress.org/tests/tests/post/query.php" line="11" assertions="11" time="0.098050"/>
      <testcase name="test_meta_key_and_query" class="Tests_Post_Query" file="/Users/nacin/Sites/develop.svn.wordpress.org/tests/tests/post/query.php" line="56" assertions="13" time="0.124183"/>
      <testcase name="test_meta_key_not_exists" class="Tests_Post_Query" file="/Users/nacin/Sites/develop.svn.wordpress.org/tests/tests/post/query.php" line="133" assertions="11" time="0.088251"/>
      <testcase name="test_taxonomy_empty_or" class="Tests_Post_Query" file="/Users/nacin/Sites/develop.svn.wordpress.org/tests/tests/post/query.php" line="205" assertions="1" time="0.162275"/>
      <testcase name="test_meta_between_not_between" class="Tests_Post_Query" file="/Users/nacin/Sites/develop.svn.wordpress.org/tests/tests/post/query.php" line="233" assertions="16" time="0.072346"/>
      <testcase name="test_meta_default_compare" class="Tests_Post_Query" file="/Users/nacin/Sites/develop.svn.wordpress.org/tests/tests/post/query.php" line="281" assertions="10" time="0.073028"/>
      <testcase name="test_duplicate_posts_when_no_key" class="Tests_Post_Query" file="/Users/nacin/Sites/develop.svn.wordpress.org/tests/tests/post/query.php" line="321" assertions="7" time="0.056566"/>
      <testcase name="test_empty_meta_value" class="Tests_Post_Query" file="/Users/nacin/Sites/develop.svn.wordpress.org/tests/tests/post/query.php" line="352" assertions="44" time="0.133631"/>
      <testcase name="test_taxonomy_include_children" class="Tests_Post_Query" file="/Users/nacin/Sites/develop.svn.wordpress.org/tests/tests/post/query.php" line="413" assertions="6" time="0.123536"/>
      <testcase name="test_the_posts_filter" class="Tests_Post_Query" file="/Users/nacin/Sites/develop.svn.wordpress.org/tests/tests/post/query.php" line="503" assertions="20" time="0.188207"/>
    </testsuite>
    <testsuite name="Tests_Post_Revisions" file="/Users/nacin/Sites/develop.svn.wordpress.org/tests/tests/post/revisions.php" fullPackage="Tests.Post" tests="10" assertions="48" failures="1" errors="0" time="1.470255">
      <testcase name="test_revision_restore_updates_edit_last_post_meta" class="Tests_Post_Revisions" file="/Users/nacin/Sites/develop.svn.wordpress.org/tests/tests/post/revisions.php" line="24" assertions="4" time="0.239652"/>
      <testcase name="test_revision_dont_save_revision_if_unchanged" class="Tests_Post_Revisions" file="/Users/nacin/Sites/develop.svn.wordpress.org/tests/tests/post/revisions.php" line="62" assertions="5" time="0.132607">
        <failure type="PHPUnit_Framework_ExpectationFailedException">Tests_Post_Revisions::test_revision_dont_save_revision_if_unchanged
Failed asserting that actual size 4 matches expected size 3.

/Users/nacin/Sites/develop.svn.wordpress.org/tests/tests/post/revisions.php:83
</failure>
      </testcase>
      <testcase name="test_revision_force_save_revision_even_if_unchanged" class="Tests_Post_Revisions" file="/Users/nacin/Sites/develop.svn.wordpress.org/tests/tests/post/revisions.php" line="98" assertions="7" time="0.206708"/>
      <testcase name="test_revision_view_caps_post" class="Tests_Post_Revisions" file="/Users/nacin/Sites/develop.svn.wordpress.org/tests/tests/post/revisions.php" line="136" assertions="4" time="0.129545"/>
      <testcase name="test_revision_restore_caps_post" class="Tests_Post_Revisions" file="/Users/nacin/Sites/develop.svn.wordpress.org/tests/tests/post/revisions.php" line="161" assertions="3" time="0.121665"/>
      <testcase name="test_revision_diff_caps_post" class="Tests_Post_Revisions" file="/Users/nacin/Sites/develop.svn.wordpress.org/tests/tests/post/revisions.php" line="184" assertions="5" time="0.160358"/>
      <testcase name="test_revision_view_caps_cpt" class="Tests_Post_Revisions" file="/Users/nacin/Sites/develop.svn.wordpress.org/tests/tests/post/revisions.php" line="209" assertions="4" time="0.128437"/>
      <testcase name="test_revision_restore_caps_cpt" class="Tests_Post_Revisions" file="/Users/nacin/Sites/develop.svn.wordpress.org/tests/tests/post/revisions.php" line="240" assertions="3" time="0.128249"/>
      <testcase name="test_revision_restore_caps_before_publish" class="Tests_Post_Revisions" file="/Users/nacin/Sites/develop.svn.wordpress.org/tests/tests/post/revisions.php" line="275" assertions="8" time="0.088484"/>
      <testcase name="test_revision_diff_caps_cpt" class="Tests_Post_Revisions" file="/Users/nacin/Sites/develop.svn.wordpress.org/tests/tests/post/revisions.php" line="315" assertions="5" time="0.134550"/>
    </testsuite>
    <testsuite name="Tests_Post_Slashes" file="/Users/nacin/Sites/develop.svn.wordpress.org/tests/tests/post/slashes.php" fullPackage="Tests.Post" tests="3" assertions="18" failures="0" errors="0" time="0.320228">
      <testcase name="test_edit_post" class="Tests_Post_Slashes" file="/Users/nacin/Sites/develop.svn.wordpress.org/tests/tests/post/slashes.php" line="35" assertions="6" time="0.122978"/>
      <testcase name="test_wp_insert_post" class="Tests_Post_Slashes" file="/Users/nacin/Sites/develop.svn.wordpress.org/tests/tests/post/slashes.php" line="71" assertions="6" time="0.082045"/>
      <testcase name="test_wp_update_post" class="Tests_Post_Slashes" file="/Users/nacin/Sites/develop.svn.wordpress.org/tests/tests/post/slashes.php" line="104" assertions="6" time="0.115205"/>
    </testsuite>
    <testsuite name="Tests_Post_Types" file="/Users/nacin/Sites/develop.svn.wordpress.org/tests/tests/post/types.php" fullPackage="Tests.Post" tests="6" assertions="23" failures="0" errors="0" time="0.028766">
      <testcase name="test_register_post_type" class="Tests_Post_Types" file="/Users/nacin/Sites/develop.svn.wordpress.org/tests/tests/post/types.php" line="7" assertions="5" time="0.003974"/>
      <testcase name="test_register_taxonomy_for_object_type" class="Tests_Post_Types" file="/Users/nacin/Sites/develop.svn.wordpress.org/tests/tests/post/types.php" line="22" assertions="6" time="0.005101"/>
      <testcase name="test_post_type_exists" class="Tests_Post_Types" file="/Users/nacin/Sites/develop.svn.wordpress.org/tests/tests/post/types.php" line="44" assertions="2" time="0.002968"/>
      <testcase name="test_post_type_supports" class="Tests_Post_Types" file="/Users/nacin/Sites/develop.svn.wordpress.org/tests/tests/post/types.php" line="49" assertions="5" time="0.001668"/>
      <testcase name="test_post_type_with_no_support" class="Tests_Post_Types" file="/Users/nacin/Sites/develop.svn.wordpress.org/tests/tests/post/types.php" line="60" assertions="4" time="0.005937"/>
      <testcase name="test_post_type_with_no_feed" class="Tests_Post_Types" file="/Users/nacin/Sites/develop.svn.wordpress.org/tests/tests/post/types.php" line="75" assertions="1" time="0.009118"/>
    </testsuite>
    <testsuite name="Tests_Query" file="/Users/nacin/Sites/develop.svn.wordpress.org/tests/tests/query.php" fullPackage="Tests" tests="4" assertions="22" failures="0" errors="0" time="0.152053">
      <testcase name="test_nextpage_at_start_of_content" class="Tests_Query" file="/Users/nacin/Sites/develop.svn.wordpress.org/tests/tests/query.php" line="8" assertions="4" time="0.019931"/>
      <testcase name="test_setup_postdata_single_page" class="Tests_Query" file="/Users/nacin/Sites/develop.svn.wordpress.org/tests/tests/query.php" line="18" assertions="4" time="0.017420"/>
      <testcase name="test_setup_postdata_multi_page" class="Tests_Query" file="/Users/nacin/Sites/develop.svn.wordpress.org/tests/tests/query.php" line="28" assertions="4" time="0.019188"/>
      <testcase name="test_setup_postdata_loop" class="Tests_Query" file="/Users/nacin/Sites/develop.svn.wordpress.org/tests/tests/query.php" line="44" assertions="10" time="0.095514"/>
    </testsuite>
    <testsuite name="Tests_Query_Conditionals" file="/Users/nacin/Sites/develop.svn.wordpress.org/tests/tests/query/conditionals.php" fullPackage="Tests.Query" tests="47" assertions="164" failures="0" errors="0" time="4.159910">
      <testcase name="test_home" class="Tests_Query_Conditionals" file="/Users/nacin/Sites/develop.svn.wordpress.org/tests/tests/query/conditionals.php" line="79" assertions="1" time="0.025031"/>
      <testcase name="test_404" class="Tests_Query_Conditionals" file="/Users/nacin/Sites/develop.svn.wordpress.org/tests/tests/query/conditionals.php" line="84" assertions="1" time="0.026252"/>
      <testcase name="test_permalink" class="Tests_Query_Conditionals" file="/Users/nacin/Sites/develop.svn.wordpress.org/tests/tests/query/conditionals.php" line="89" assertions="1" time="0.041544"/>
      <testcase name="test_post_comments_feed" class="Tests_Query_Conditionals" file="/Users/nacin/Sites/develop.svn.wordpress.org/tests/tests/query/conditionals.php" line="95" assertions="1" time="0.047220"/>
      <testcase name="test_post_comments_feed_with_no_comments" class="Tests_Query_Conditionals" file="/Users/nacin/Sites/develop.svn.wordpress.org/tests/tests/query/conditionals.php" line="103" assertions="1" time="0.043556"/>
      <testcase name="test_page" class="Tests_Query_Conditionals" file="/Users/nacin/Sites/develop.svn.wordpress.org/tests/tests/query/conditionals.php" line="109" assertions="1" time="0.034615"/>
      <testcase name="test_parent_page" class="Tests_Query_Conditionals" file="/Users/nacin/Sites/develop.svn.wordpress.org/tests/tests/query/conditionals.php" line="115" assertions="1" time="0.034432"/>
      <testcase name="test_child_page_1" class="Tests_Query_Conditionals" file="/Users/nacin/Sites/develop.svn.wordpress.org/tests/tests/query/conditionals.php" line="122" assertions="1" time="0.038804"/>
      <testcase name="test_child_page_2" class="Tests_Query_Conditionals" file="/Users/nacin/Sites/develop.svn.wordpress.org/tests/tests/query/conditionals.php" line="130" assertions="1" time="0.045333"/>
      <testcase name="test_page_trackback" class="Tests_Query_Conditionals" file="/Users/nacin/Sites/develop.svn.wordpress.org/tests/tests/query/conditionals.php" line="140" assertions="6" time="0.060784"/>
      <testcase name="test_page_feed" class="Tests_Query_Conditionals" file="/Users/nacin/Sites/develop.svn.wordpress.org/tests/tests/query/conditionals.php" line="159" assertions="6" time="0.090677"/>
      <testcase name="test_page_feed_with_no_comments" class="Tests_Query_Conditionals" file="/Users/nacin/Sites/develop.svn.wordpress.org/tests/tests/query/conditionals.php" line="178" assertions="6" time="0.064800"/>
      <testcase name="test_page_feed_atom" class="Tests_Query_Conditionals" file="/Users/nacin/Sites/develop.svn.wordpress.org/tests/tests/query/conditionals.php" line="197" assertions="6" time="0.084714"/>
      <testcase name="test_page_page_2" class="Tests_Query_Conditionals" file="/Users/nacin/Sites/develop.svn.wordpress.org/tests/tests/query/conditionals.php" line="218" assertions="2" time="0.031430"/>
      <testcase name="test_page_page_2_no_slash" class="Tests_Query_Conditionals" file="/Users/nacin/Sites/develop.svn.wordpress.org/tests/tests/query/conditionals.php" line="231" assertions="2" time="0.031782"/>
      <testcase name="test_pagination_of_posts_page" class="Tests_Query_Conditionals" file="/Users/nacin/Sites/develop.svn.wordpress.org/tests/tests/query/conditionals.php" line="245" assertions="2" time="0.033293"/>
      <testcase name="test_main_feed_2" class="Tests_Query_Conditionals" file="/Users/nacin/Sites/develop.svn.wordpress.org/tests/tests/query/conditionals.php" line="267" assertions="10" time="0.130089"/>
      <testcase name="test_main_feed" class="Tests_Query_Conditionals" file="/Users/nacin/Sites/develop.svn.wordpress.org/tests/tests/query/conditionals.php" line="285" assertions="3" time="0.061259"/>
      <testcase name="test_paged" class="Tests_Query_Conditionals" file="/Users/nacin/Sites/develop.svn.wordpress.org/tests/tests/query/conditionals.php" line="295" assertions="2" time="0.248591"/>
      <testcase name="test_main_comments_feed" class="Tests_Query_Conditionals" file="/Users/nacin/Sites/develop.svn.wordpress.org/tests/tests/query/conditionals.php" line="305" assertions="11" time="0.136122"/>
      <testcase name="test_search_feed" class="Tests_Query_Conditionals" file="/Users/nacin/Sites/develop.svn.wordpress.org/tests/tests/query/conditionals.php" line="331" assertions="10" time="0.074220"/>
      <testcase name="test_search_paged" class="Tests_Query_Conditionals" file="/Users/nacin/Sites/develop.svn.wordpress.org/tests/tests/query/conditionals.php" line="348" assertions="1" time="0.198897"/>
      <testcase name="test_search" class="Tests_Query_Conditionals" file="/Users/nacin/Sites/develop.svn.wordpress.org/tests/tests/query/conditionals.php" line="355" assertions="1" time="0.024894"/>
      <testcase name="test_search_encoded_chars" class="Tests_Query_Conditionals" file="/Users/nacin/Sites/develop.svn.wordpress.org/tests/tests/query/conditionals.php" line="363" assertions="1" time="0.036740"/>
      <testcase name="test_category_feed" class="Tests_Query_Conditionals" file="/Users/nacin/Sites/develop.svn.wordpress.org/tests/tests/query/conditionals.php" line="370" assertions="10" time="0.124145"/>
      <testcase name="test_category_paged" class="Tests_Query_Conditionals" file="/Users/nacin/Sites/develop.svn.wordpress.org/tests/tests/query/conditionals.php" line="388" assertions="1" time="0.182052"/>
      <testcase name="test_category" class="Tests_Query_Conditionals" file="/Users/nacin/Sites/develop.svn.wordpress.org/tests/tests/query/conditionals.php" line="395" assertions="1" time="0.035792"/>
      <testcase name="test_tag_feed" class="Tests_Query_Conditionals" file="/Users/nacin/Sites/develop.svn.wordpress.org/tests/tests/query/conditionals.php" line="403" assertions="10" time="0.103534"/>
      <testcase name="test_tag_paged" class="Tests_Query_Conditionals" file="/Users/nacin/Sites/develop.svn.wordpress.org/tests/tests/query/conditionals.php" line="421" assertions="1" time="0.205204"/>
      <testcase name="test_tag" class="Tests_Query_Conditionals" file="/Users/nacin/Sites/develop.svn.wordpress.org/tests/tests/query/conditionals.php" line="430" assertions="1" time="0.027966"/>
      <testcase name="test_author_feed" class="Tests_Query_Conditionals" file="/Users/nacin/Sites/develop.svn.wordpress.org/tests/tests/query/conditionals.php" line="438" assertions="10" time="0.136525"/>
      <testcase name="test_author_paged" class="Tests_Query_Conditionals" file="/Users/nacin/Sites/develop.svn.wordpress.org/tests/tests/query/conditionals.php" line="456" assertions="1" time="0.209423"/>
      <testcase name="test_author" class="Tests_Query_Conditionals" file="/Users/nacin/Sites/develop.svn.wordpress.org/tests/tests/query/conditionals.php" line="464" assertions="1" time="0.080094"/>
      <testcase name="test_author_with_no_posts" class="Tests_Query_Conditionals" file="/Users/nacin/Sites/develop.svn.wordpress.org/tests/tests/query/conditionals.php" line="471" assertions="1" time="0.064960"/>
      <testcase name="test_ymd_feed" class="Tests_Query_Conditionals" file="/Users/nacin/Sites/develop.svn.wordpress.org/tests/tests/query/conditionals.php" line="479" assertions="10" time="0.143681"/>
      <testcase name="test_ymd_paged" class="Tests_Query_Conditionals" file="/Users/nacin/Sites/develop.svn.wordpress.org/tests/tests/query/conditionals.php" line="497" assertions="1" time="0.188549"/>
      <testcase name="test_ymd" class="Tests_Query_Conditionals" file="/Users/nacin/Sites/develop.svn.wordpress.org/tests/tests/query/conditionals.php" line="504" assertions="1" time="0.042454"/>
      <testcase name="test_ym_feed" class="Tests_Query_Conditionals" file="/Users/nacin/Sites/develop.svn.wordpress.org/tests/tests/query/conditionals.php" line="512" assertions="10" time="0.133234"/>
      <testcase name="test_ym_paged" class="Tests_Query_Conditionals" file="/Users/nacin/Sites/develop.svn.wordpress.org/tests/tests/query/conditionals.php" line="530" assertions="1" time="0.173305"/>
      <testcase name="test_ym" class="Tests_Query_Conditionals" file="/Users/nacin/Sites/develop.svn.wordpress.org/tests/tests/query/conditionals.php" line="537" assertions="1" time="0.042855"/>
      <testcase name="test_y_feed" class="Tests_Query_Conditionals" file="/Users/nacin/Sites/develop.svn.wordpress.org/tests/tests/query/conditionals.php" line="545" assertions="10" time="0.157279"/>
      <testcase name="test_y_paged" class="Tests_Query_Conditionals" file="/Users/nacin/Sites/develop.svn.wordpress.org/tests/tests/query/conditionals.php" line="563" assertions="1" time="0.179158"/>
      <testcase name="test_y" class="Tests_Query_Conditionals" file="/Users/nacin/Sites/develop.svn.wordpress.org/tests/tests/query/conditionals.php" line="570" assertions="1" time="0.042604"/>
      <testcase name="test_post_trackback" class="Tests_Query_Conditionals" file="/Users/nacin/Sites/develop.svn.wordpress.org/tests/tests/query/conditionals.php" line="577" assertions="1" time="0.038350"/>
      <testcase name="test_post_comment_feed" class="Tests_Query_Conditionals" file="/Users/nacin/Sites/develop.svn.wordpress.org/tests/tests/query/conditionals.php" line="586" assertions="10" time="0.119794"/>
      <testcase name="test_post_paged_short" class="Tests_Query_Conditionals" file="/Users/nacin/Sites/develop.svn.wordpress.org/tests/tests/query/conditionals.php" line="605" assertions="1" time="0.046343"/>
      <testcase name="test_post_attachment" class="Tests_Query_Conditionals" file="/Users/nacin/Sites/develop.svn.wordpress.org/tests/tests/query/conditionals.php" line="618" assertions="1" time="0.037530"/>
    </testsuite>
    <testsuite name="Tests_Query_Results" file="/Users/nacin/Sites/develop.svn.wordpress.org/tests/tests/query/results.php" fullPackage="Tests.Query" tests="17" assertions="61" failures="0" errors="0" time="9.491627">
      <testcase name="test_query_default" class="Tests_Query_Results" file="/Users/nacin/Sites/develop.svn.wordpress.org/tests/tests/query/results.php" line="58" assertions="1" time="0.561322"/>
      <testcase name="test_query_tag_a" class="Tests_Query_Results" file="/Users/nacin/Sites/develop.svn.wordpress.org/tests/tests/query/results.php" line="78" assertions="5" time="0.571432"/>
      <testcase name="test_query_tag_b" class="Tests_Query_Results" file="/Users/nacin/Sites/develop.svn.wordpress.org/tests/tests/query/results.php" line="89" assertions="5" time="0.585607"/>
      <testcase name="test_query_tag_nun" class="Tests_Query_Results" file="/Users/nacin/Sites/develop.svn.wordpress.org/tests/tests/query/results.php" line="103" assertions="2" time="0.547214"/>
      <testcase name="test_query_tag_id" class="Tests_Query_Results" file="/Users/nacin/Sites/develop.svn.wordpress.org/tests/tests/query/results.php" line="111" assertions="5" time="0.533758"/>
      <testcase name="test_query_tag_slug__in" class="Tests_Query_Results" file="/Users/nacin/Sites/develop.svn.wordpress.org/tests/tests/query/results.php" line="123" assertions="7" time="0.568936"/>
      <testcase name="test_query_tag__in" class="Tests_Query_Results" file="/Users/nacin/Sites/develop.svn.wordpress.org/tests/tests/query/results.php" line="137" assertions="7" time="0.563707"/>
      <testcase name="test_query_tag__not_in" class="Tests_Query_Results" file="/Users/nacin/Sites/develop.svn.wordpress.org/tests/tests/query/results.php" line="152" assertions="1" time="0.558401"/>
      <testcase name="test_query_tag__in_but__not_in" class="Tests_Query_Results" file="/Users/nacin/Sites/develop.svn.wordpress.org/tests/tests/query/results.php" line="174" assertions="3" time="0.560603"/>
      <testcase name="test_query_category_name" class="Tests_Query_Results" file="/Users/nacin/Sites/develop.svn.wordpress.org/tests/tests/query/results.php" line="187" assertions="5" time="0.555971"/>
      <testcase name="test_query_cat" class="Tests_Query_Results" file="/Users/nacin/Sites/develop.svn.wordpress.org/tests/tests/query/results.php" line="198" assertions="5" time="0.547470"/>
      <testcase name="test_query_posts_per_page" class="Tests_Query_Results" file="/Users/nacin/Sites/develop.svn.wordpress.org/tests/tests/query/results.php" line="210" assertions="2" time="0.549791"/>
      <testcase name="test_query_offset" class="Tests_Query_Results" file="/Users/nacin/Sites/develop.svn.wordpress.org/tests/tests/query/results.php" line="225" assertions="2" time="0.546371"/>
      <testcase name="test_query_paged" class="Tests_Query_Results" file="/Users/nacin/Sites/develop.svn.wordpress.org/tests/tests/query/results.php" line="245" assertions="3" time="0.575094"/>
      <testcase name="test_query_paged_and_posts_per_page" class="Tests_Query_Results" file="/Users/nacin/Sites/develop.svn.wordpress.org/tests/tests/query/results.php" line="266" assertions="3" time="0.557410"/>
      <testcase name="test_query_post_parent__in" class="Tests_Query_Results" file="/Users/nacin/Sites/develop.svn.wordpress.org/tests/tests/query/results.php" line="308" assertions="4" time="0.559637"/>
      <testcase name="test_query_orderby_post_parent__in" class="Tests_Query_Results" file="/Users/nacin/Sites/develop.svn.wordpress.org/tests/tests/query/results.php" line="358" assertions="1" time="0.548903"/>
    </testsuite>
    <testsuite name="Tests_Query_VerbosePageRules" file="/Users/nacin/Sites/develop.svn.wordpress.org/tests/tests/query/verboseRewriteRules.php" fullPackage="Tests.Query" tests="47" assertions="164" failures="0" errors="0" time="4.900130">
      <testcase name="test_home" class="Tests_Query_VerbosePageRules" file="/Users/nacin/Sites/develop.svn.wordpress.org/tests/tests/query/verboseRewriteRules.php" line="79" assertions="1" time="0.033878"/>
      <testcase name="test_404" class="Tests_Query_VerbosePageRules" file="/Users/nacin/Sites/develop.svn.wordpress.org/tests/tests/query/verboseRewriteRules.php" line="84" assertions="1" time="0.042605"/>
      <testcase name="test_permalink" class="Tests_Query_VerbosePageRules" file="/Users/nacin/Sites/develop.svn.wordpress.org/tests/tests/query/verboseRewriteRules.php" line="89" assertions="1" time="0.059601"/>
      <testcase name="test_post_comments_feed" class="Tests_Query_VerbosePageRules" file="/Users/nacin/Sites/develop.svn.wordpress.org/tests/tests/query/verboseRewriteRules.php" line="95" assertions="1" time="0.072071"/>
      <testcase name="test_post_comments_feed_with_no_comments" class="Tests_Query_VerbosePageRules" file="/Users/nacin/Sites/develop.svn.wordpress.org/tests/tests/query/verboseRewriteRules.php" line="103" assertions="1" time="0.072594"/>
      <testcase name="test_page" class="Tests_Query_VerbosePageRules" file="/Users/nacin/Sites/develop.svn.wordpress.org/tests/tests/query/verboseRewriteRules.php" line="109" assertions="1" time="0.054368"/>
      <testcase name="test_parent_page" class="Tests_Query_VerbosePageRules" file="/Users/nacin/Sites/develop.svn.wordpress.org/tests/tests/query/verboseRewriteRules.php" line="115" assertions="1" time="0.049028"/>
      <testcase name="test_child_page_1" class="Tests_Query_VerbosePageRules" file="/Users/nacin/Sites/develop.svn.wordpress.org/tests/tests/query/verboseRewriteRules.php" line="122" assertions="1" time="0.062928"/>
      <testcase name="test_child_page_2" class="Tests_Query_VerbosePageRules" file="/Users/nacin/Sites/develop.svn.wordpress.org/tests/tests/query/verboseRewriteRules.php" line="130" assertions="1" time="0.062952"/>
      <testcase name="test_page_trackback" class="Tests_Query_VerbosePageRules" file="/Users/nacin/Sites/develop.svn.wordpress.org/tests/tests/query/verboseRewriteRules.php" line="140" assertions="6" time="0.075796"/>
      <testcase name="test_page_feed" class="Tests_Query_VerbosePageRules" file="/Users/nacin/Sites/develop.svn.wordpress.org/tests/tests/query/verboseRewriteRules.php" line="159" assertions="6" time="0.098512"/>
      <testcase name="test_page_feed_with_no_comments" class="Tests_Query_VerbosePageRules" file="/Users/nacin/Sites/develop.svn.wordpress.org/tests/tests/query/verboseRewriteRules.php" line="178" assertions="6" time="0.079265"/>
      <testcase name="test_page_feed_atom" class="Tests_Query_VerbosePageRules" file="/Users/nacin/Sites/develop.svn.wordpress.org/tests/tests/query/verboseRewriteRules.php" line="197" assertions="6" time="0.107230"/>
      <testcase name="test_page_page_2" class="Tests_Query_VerbosePageRules" file="/Users/nacin/Sites/develop.svn.wordpress.org/tests/tests/query/verboseRewriteRules.php" line="218" assertions="2" time="0.044175"/>
      <testcase name="test_page_page_2_no_slash" class="Tests_Query_VerbosePageRules" file="/Users/nacin/Sites/develop.svn.wordpress.org/tests/tests/query/verboseRewriteRules.php" line="231" assertions="2" time="0.043842"/>
      <testcase name="test_pagination_of_posts_page" class="Tests_Query_VerbosePageRules" file="/Users/nacin/Sites/develop.svn.wordpress.org/tests/tests/query/verboseRewriteRules.php" line="245" assertions="2" time="0.046747"/>
      <testcase name="test_main_feed_2" class="Tests_Query_VerbosePageRules" file="/Users/nacin/Sites/develop.svn.wordpress.org/tests/tests/query/verboseRewriteRules.php" line="267" assertions="10" time="0.149683"/>
      <testcase name="test_main_feed" class="Tests_Query_VerbosePageRules" file="/Users/nacin/Sites/develop.svn.wordpress.org/tests/tests/query/verboseRewriteRules.php" line="285" assertions="3" time="0.084057"/>
      <testcase name="test_paged" class="Tests_Query_VerbosePageRules" file="/Users/nacin/Sites/develop.svn.wordpress.org/tests/tests/query/verboseRewriteRules.php" line="295" assertions="2" time="0.316765"/>
      <testcase name="test_main_comments_feed" class="Tests_Query_VerbosePageRules" file="/Users/nacin/Sites/develop.svn.wordpress.org/tests/tests/query/verboseRewriteRules.php" line="305" assertions="11" time="0.151762"/>
      <testcase name="test_search_feed" class="Tests_Query_VerbosePageRules" file="/Users/nacin/Sites/develop.svn.wordpress.org/tests/tests/query/verboseRewriteRules.php" line="331" assertions="10" time="0.086449"/>
      <testcase name="test_search_paged" class="Tests_Query_VerbosePageRules" file="/Users/nacin/Sites/develop.svn.wordpress.org/tests/tests/query/verboseRewriteRules.php" line="348" assertions="1" time="0.217010"/>
      <testcase name="test_search" class="Tests_Query_VerbosePageRules" file="/Users/nacin/Sites/develop.svn.wordpress.org/tests/tests/query/verboseRewriteRules.php" line="355" assertions="1" time="0.034387"/>
      <testcase name="test_search_encoded_chars" class="Tests_Query_VerbosePageRules" file="/Users/nacin/Sites/develop.svn.wordpress.org/tests/tests/query/verboseRewriteRules.php" line="363" assertions="1" time="0.036825"/>
      <testcase name="test_category_feed" class="Tests_Query_VerbosePageRules" file="/Users/nacin/Sites/develop.svn.wordpress.org/tests/tests/query/verboseRewriteRules.php" line="370" assertions="10" time="0.122903"/>
      <testcase name="test_category_paged" class="Tests_Query_VerbosePageRules" file="/Users/nacin/Sites/develop.svn.wordpress.org/tests/tests/query/verboseRewriteRules.php" line="388" assertions="1" time="0.208503"/>
      <testcase name="test_category" class="Tests_Query_VerbosePageRules" file="/Users/nacin/Sites/develop.svn.wordpress.org/tests/tests/query/verboseRewriteRules.php" line="395" assertions="1" time="0.044278"/>
      <testcase name="test_tag_feed" class="Tests_Query_VerbosePageRules" file="/Users/nacin/Sites/develop.svn.wordpress.org/tests/tests/query/verboseRewriteRules.php" line="403" assertions="10" time="0.117198"/>
      <testcase name="test_tag_paged" class="Tests_Query_VerbosePageRules" file="/Users/nacin/Sites/develop.svn.wordpress.org/tests/tests/query/verboseRewriteRules.php" line="421" assertions="1" time="0.224644"/>
      <testcase name="test_tag" class="Tests_Query_VerbosePageRules" file="/Users/nacin/Sites/develop.svn.wordpress.org/tests/tests/query/verboseRewriteRules.php" line="430" assertions="1" time="0.041755"/>
      <testcase name="test_author_feed" class="Tests_Query_VerbosePageRules" file="/Users/nacin/Sites/develop.svn.wordpress.org/tests/tests/query/verboseRewriteRules.php" line="438" assertions="10" time="0.138450"/>
      <testcase name="test_author_paged" class="Tests_Query_VerbosePageRules" file="/Users/nacin/Sites/develop.svn.wordpress.org/tests/tests/query/verboseRewriteRules.php" line="456" assertions="1" time="0.231129"/>
      <testcase name="test_author" class="Tests_Query_VerbosePageRules" file="/Users/nacin/Sites/develop.svn.wordpress.org/tests/tests/query/verboseRewriteRules.php" line="464" assertions="1" time="0.089438"/>
      <testcase name="test_author_with_no_posts" class="Tests_Query_VerbosePageRules" file="/Users/nacin/Sites/develop.svn.wordpress.org/tests/tests/query/verboseRewriteRules.php" line="471" assertions="1" time="0.077965"/>
      <testcase name="test_ymd_feed" class="Tests_Query_VerbosePageRules" file="/Users/nacin/Sites/develop.svn.wordpress.org/tests/tests/query/verboseRewriteRules.php" line="479" assertions="10" time="0.151087"/>
      <testcase name="test_ymd_paged" class="Tests_Query_VerbosePageRules" file="/Users/nacin/Sites/develop.svn.wordpress.org/tests/tests/query/verboseRewriteRules.php" line="497" assertions="1" time="0.209504"/>
      <testcase name="test_ymd" class="Tests_Query_VerbosePageRules" file="/Users/nacin/Sites/develop.svn.wordpress.org/tests/tests/query/verboseRewriteRules.php" line="504" assertions="1" time="0.052471"/>
      <testcase name="test_ym_feed" class="Tests_Query_VerbosePageRules" file="/Users/nacin/Sites/develop.svn.wordpress.org/tests/tests/query/verboseRewriteRules.php" line="512" assertions="10" time="0.141645"/>
      <testcase name="test_ym_paged" class="Tests_Query_VerbosePageRules" file="/Users/nacin/Sites/develop.svn.wordpress.org/tests/tests/query/verboseRewriteRules.php" line="530" assertions="1" time="0.196013"/>
      <testcase name="test_ym" class="Tests_Query_VerbosePageRules" file="/Users/nacin/Sites/develop.svn.wordpress.org/tests/tests/query/verboseRewriteRules.php" line="537" assertions="1" time="0.056153"/>
      <testcase name="test_y_feed" class="Tests_Query_VerbosePageRules" file="/Users/nacin/Sites/develop.svn.wordpress.org/tests/tests/query/verboseRewriteRules.php" line="545" assertions="10" time="0.139676"/>
      <testcase name="test_y_paged" class="Tests_Query_VerbosePageRules" file="/Users/nacin/Sites/develop.svn.wordpress.org/tests/tests/query/verboseRewriteRules.php" line="563" assertions="1" time="0.216670"/>
      <testcase name="test_y" class="Tests_Query_VerbosePageRules" file="/Users/nacin/Sites/develop.svn.wordpress.org/tests/tests/query/verboseRewriteRules.php" line="570" assertions="1" time="0.053180"/>
      <testcase name="test_post_trackback" class="Tests_Query_VerbosePageRules" file="/Users/nacin/Sites/develop.svn.wordpress.org/tests/tests/query/verboseRewriteRules.php" line="577" assertions="1" time="0.056745"/>
      <testcase name="test_post_comment_feed" class="Tests_Query_VerbosePageRules" file="/Users/nacin/Sites/develop.svn.wordpress.org/tests/tests/query/verboseRewriteRules.php" line="586" assertions="10" time="0.148108"/>
      <testcase name="test_post_paged_short" class="Tests_Query_VerbosePageRules" file="/Users/nacin/Sites/develop.svn.wordpress.org/tests/tests/query/verboseRewriteRules.php" line="605" assertions="1" time="0.059537"/>
      <testcase name="test_post_attachment" class="Tests_Query_VerbosePageRules" file="/Users/nacin/Sites/develop.svn.wordpress.org/tests/tests/query/verboseRewriteRules.php" line="618" assertions="1" time="0.040547"/>
    </testsuite>
    <testsuite name="Tests_Shortcode" file="/Users/nacin/Sites/develop.svn.wordpress.org/tests/tests/shortcode.php" fullPackage="Tests" tests="28" assertions="68" failures="0" errors="0" time="0.079838">
      <testcase name="test_noatts" class="Tests_Shortcode" file="/Users/nacin/Sites/develop.svn.wordpress.org/tests/tests/shortcode.php" line="76" assertions="2" time="0.002814"/>
      <testcase name="test_one_att" class="Tests_Shortcode" file="/Users/nacin/Sites/develop.svn.wordpress.org/tests/tests/shortcode.php" line="82" assertions="2" time="0.002175"/>
      <testcase name="test_not_a_tag" class="Tests_Shortcode" file="/Users/nacin/Sites/develop.svn.wordpress.org/tests/tests/shortcode.php" line="88" assertions="1" time="0.001930"/>
      <testcase name="test_tag_hyphen_not_tag" class="Tests_Shortcode" file="/Users/nacin/Sites/develop.svn.wordpress.org/tests/tests/shortcode.php" line="96" assertions="1" time="0.003108"/>
      <testcase name="test_tag_underscore_not_tag" class="Tests_Shortcode" file="/Users/nacin/Sites/develop.svn.wordpress.org/tests/tests/shortcode.php" line="101" assertions="1" time="0.002121"/>
      <testcase name="test_tag_not_tag" class="Tests_Shortcode" file="/Users/nacin/Sites/develop.svn.wordpress.org/tests/tests/shortcode.php" line="106" assertions="1" time="0.002312"/>
      <testcase name="test_tag_hyphen" class="Tests_Shortcode" file="/Users/nacin/Sites/develop.svn.wordpress.org/tests/tests/shortcode.php" line="114" assertions="5" time="0.003736"/>
      <testcase name="test_two_atts" class="Tests_Shortcode" file="/Users/nacin/Sites/develop.svn.wordpress.org/tests/tests/shortcode.php" line="122" assertions="2" time="0.002460"/>
      <testcase name="test_noatts_enclosing" class="Tests_Shortcode" file="/Users/nacin/Sites/develop.svn.wordpress.org/tests/tests/shortcode.php" line="128" assertions="3" time="0.002412"/>
      <testcase name="test_one_att_enclosing" class="Tests_Shortcode" file="/Users/nacin/Sites/develop.svn.wordpress.org/tests/tests/shortcode.php" line="135" assertions="3" time="0.002775"/>
      <testcase name="test_two_atts_enclosing" class="Tests_Shortcode" file="/Users/nacin/Sites/develop.svn.wordpress.org/tests/tests/shortcode.php" line="142" assertions="3" time="0.003236"/>
      <testcase name="test_unclosed" class="Tests_Shortcode" file="/Users/nacin/Sites/develop.svn.wordpress.org/tests/tests/shortcode.php" line="149" assertions="3" time="0.002427"/>
      <testcase name="test_positional_atts_num" class="Tests_Shortcode" file="/Users/nacin/Sites/develop.svn.wordpress.org/tests/tests/shortcode.php" line="156" assertions="3" time="0.002535"/>
      <testcase name="test_positional_atts_url" class="Tests_Shortcode" file="/Users/nacin/Sites/develop.svn.wordpress.org/tests/tests/shortcode.php" line="163" assertions="3" time="0.002237"/>
      <testcase name="test_positional_atts_quotes" class="Tests_Shortcode" file="/Users/nacin/Sites/develop.svn.wordpress.org/tests/tests/shortcode.php" line="170" assertions="3" time="0.002419"/>
      <testcase name="test_positional_atts_mixed" class="Tests_Shortcode" file="/Users/nacin/Sites/develop.svn.wordpress.org/tests/tests/shortcode.php" line="177" assertions="3" time="0.002919"/>
      <testcase name="test_positional_and_named_atts" class="Tests_Shortcode" file="/Users/nacin/Sites/develop.svn.wordpress.org/tests/tests/shortcode.php" line="184" assertions="3" time="0.003000"/>
      <testcase name="test_footag_default" class="Tests_Shortcode" file="/Users/nacin/Sites/develop.svn.wordpress.org/tests/tests/shortcode.php" line="191" assertions="1" time="0.002736"/>
      <testcase name="test_footag_val" class="Tests_Shortcode" file="/Users/nacin/Sites/develop.svn.wordpress.org/tests/tests/shortcode.php" line="196" assertions="1" time="0.002718"/>
      <testcase name="test_nested_tags" class="Tests_Shortcode" file="/Users/nacin/Sites/develop.svn.wordpress.org/tests/tests/shortcode.php" line="202" assertions="1" time="0.002560"/>
      <testcase name="test_tag_escaped" class="Tests_Shortcode" file="/Users/nacin/Sites/develop.svn.wordpress.org/tests/tests/shortcode.php" line="211" assertions="4" time="0.003420"/>
      <testcase name="test_tag_not_escaped" class="Tests_Shortcode" file="/Users/nacin/Sites/develop.svn.wordpress.org/tests/tests/shortcode.php" line="226" assertions="5" time="0.003462"/>
      <testcase name="test_mixed_tags" class="Tests_Shortcode" file="/Users/nacin/Sites/develop.svn.wordpress.org/tests/tests/shortcode.php" line="244" assertions="1" time="0.003162"/>
      <testcase name="test_utf8_whitespace_1" class="Tests_Shortcode" file="/Users/nacin/Sites/develop.svn.wordpress.org/tests/tests/shortcode.php" line="284" assertions="2" time="0.003722"/>
      <testcase name="test_utf8_whitespace_2" class="Tests_Shortcode" file="/Users/nacin/Sites/develop.svn.wordpress.org/tests/tests/shortcode.php" line="294" assertions="2" time="0.003979"/>
      <testcase name="test_strip_shortcodes" class="Tests_Shortcode" file="/Users/nacin/Sites/develop.svn.wordpress.org/tests/tests/shortcode.php" line="323" assertions="3" time="0.003156"/>
      <testcase name="test_shortcode_atts_filter_passes_original_arguments" class="Tests_Shortcode" file="/Users/nacin/Sites/develop.svn.wordpress.org/tests/tests/shortcode.php" line="352" assertions="3" time="0.003493"/>
      <testcase name="test_shortcode_atts_filtering" class="Tests_Shortcode" file="/Users/nacin/Sites/develop.svn.wordpress.org/tests/tests/shortcode.php" line="363" assertions="3" time="0.002815"/>
    </testsuite>
    <testsuite name="Tests_Taxonomy" file="/Users/nacin/Sites/develop.svn.wordpress.org/tests/tests/taxonomy.php" fullPackage="Tests" tests="12" assertions="39" failures="0" errors="0" time="0.035381">
      <testcase name="test_get_post_taxonomies" class="Tests_Taxonomy" file="/Users/nacin/Sites/develop.svn.wordpress.org/tests/tests/taxonomy.php" line="7" assertions="1" time="0.002417"/>
      <testcase name="test_get_link_taxonomies" class="Tests_Taxonomy" file="/Users/nacin/Sites/develop.svn.wordpress.org/tests/tests/taxonomy.php" line="11" assertions="1" time="0.002471"/>
      <testcase name="test_get_unknown_taxonomies" class="Tests_Taxonomy" file="/Users/nacin/Sites/develop.svn.wordpress.org/tests/tests/taxonomy.php" line="18" assertions="4" time="0.003557"/>
      <testcase name="test_get_post_taxonomy" class="Tests_Taxonomy" file="/Users/nacin/Sites/develop.svn.wordpress.org/tests/tests/taxonomy.php" line="26" assertions="9" time="0.002726"/>
      <testcase name="test_get_link_taxonomy" class="Tests_Taxonomy" file="/Users/nacin/Sites/develop.svn.wordpress.org/tests/tests/taxonomy.php" line="36" assertions="3" time="0.002486"/>
      <testcase name="test_taxonomy_exists_known" class="Tests_Taxonomy" file="/Users/nacin/Sites/develop.svn.wordpress.org/tests/tests/taxonomy.php" line="46" assertions="3" time="0.002318"/>
      <testcase name="test_taxonomy_exists_unknown" class="Tests_Taxonomy" file="/Users/nacin/Sites/develop.svn.wordpress.org/tests/tests/taxonomy.php" line="52" assertions="4" time="0.002397"/>
      <testcase name="test_is_taxonomy_hierarchical" class="Tests_Taxonomy" file="/Users/nacin/Sites/develop.svn.wordpress.org/tests/tests/taxonomy.php" line="59" assertions="3" time="0.002045"/>
      <testcase name="test_is_taxonomy_hierarchical_unknown" class="Tests_Taxonomy" file="/Users/nacin/Sites/develop.svn.wordpress.org/tests/tests/taxonomy.php" line="65" assertions="4" time="0.002583"/>
      <testcase name="test_register_taxonomy" class="Tests_Taxonomy" file="/Users/nacin/Sites/develop.svn.wordpress.org/tests/tests/taxonomy.php" line="72" assertions="3" time="0.004957"/>
      <testcase name="test_register_hierarchical_taxonomy" class="Tests_Taxonomy" file="/Users/nacin/Sites/develop.svn.wordpress.org/tests/tests/taxonomy.php" line="86" assertions="3" time="0.005009"/>
      <testcase name="test_register_long_taxonomy" class="Tests_Taxonomy" file="/Users/nacin/Sites/develop.svn.wordpress.org/tests/tests/taxonomy.php" line="103" assertions="1" time="0.002415"/>
    </testsuite>
    <testsuite name="Tests_Term" file="/Users/nacin/Sites/develop.svn.wordpress.org/tests/tests/term.php" fullPackage="Tests" tests="15" assertions="124" failures="0" errors="0" time="1.123501">
      <testcase name="test_wp_insert_delete_term" class="Tests_Term" file="/Users/nacin/Sites/develop.svn.wordpress.org/tests/tests/term.php" line="27" assertions="17" time="0.080546"/>
      <testcase name="test_term_exists_known" class="Tests_Term" file="/Users/nacin/Sites/develop.svn.wordpress.org/tests/tests/term.php" line="54" assertions="4" time="0.027015"/>
      <testcase name="test_term_exists_unknown" class="Tests_Term" file="/Users/nacin/Sites/develop.svn.wordpress.org/tests/tests/term.php" line="66" assertions="4" time="0.014582"/>
      <testcase name="test_is_term_type" class="Tests_Term" file="/Users/nacin/Sites/develop.svn.wordpress.org/tests/tests/term.php" line="76" assertions="3" time="0.026149"/>
      <testcase name="test_set_object_terms_by_id" class="Tests_Term" file="/Users/nacin/Sites/develop.svn.wordpress.org/tests/tests/term.php" line="88" assertions="14" time="0.158676"/>
      <testcase name="test_set_object_terms_by_name" class="Tests_Term" file="/Users/nacin/Sites/develop.svn.wordpress.org/tests/tests/term.php" line="118" assertions="11" time="0.173461"/>
      <testcase name="test_change_object_terms_by_name" class="Tests_Term" file="/Users/nacin/Sites/develop.svn.wordpress.org/tests/tests/term.php" line="150" assertions="5" time="0.065493"/>
      <testcase name="test_object_term_cache" class="Tests_Term" file="/Users/nacin/Sites/develop.svn.wordpress.org/tests/tests/term.php" line="182" assertions="6" time="0.067089"/>
      <testcase name="test_change_object_terms_by_id" class="Tests_Term" file="/Users/nacin/Sites/develop.svn.wordpress.org/tests/tests/term.php" line="208" assertions="8" time="0.064531"/>
      <testcase name="test_get_object_terms_by_slug" class="Tests_Term" file="/Users/nacin/Sites/develop.svn.wordpress.org/tests/tests/term.php" line="252" assertions="2" time="0.052235"/>
      <testcase name="test_set_object_terms_invalid" class="Tests_Term" file="/Users/nacin/Sites/develop.svn.wordpress.org/tests/tests/term.php" line="267" assertions="1" time="0.030188"/>
      <testcase name="test_wp_add_remove_object_terms" class="Tests_Term" file="/Users/nacin/Sites/develop.svn.wordpress.org/tests/tests/term.php" line="278" assertions="19" time="0.213927"/>
      <testcase name="test_term_is_ancestor_of" class="Tests_Term" file="/Users/nacin/Sites/develop.svn.wordpress.org/tests/tests/term.php" line="304" assertions="6" time="0.041287"/>
      <testcase name="test_wp_insert_delete_category" class="Tests_Term" file="/Users/nacin/Sites/develop.svn.wordpress.org/tests/tests/term.php" line="323" assertions="11" time="0.031754"/>
      <testcase name="test_wp_unique_term_slug" class="Tests_Term" file="/Users/nacin/Sites/develop.svn.wordpress.org/tests/tests/term.php" line="346" assertions="13" time="0.076568"/>
    </testsuite>
    <testsuite name="Tests_Term_getTerms" file="/Users/nacin/Sites/develop.svn.wordpress.org/tests/tests/term/getTerms.php" fullPackage="Tests.Term" tests="1" assertions="20" failures="0" errors="0" time="0.357627">
      <testcase name="test_get_terms_cache" class="Tests_Term_getTerms" file="/Users/nacin/Sites/develop.svn.wordpress.org/tests/tests/term/getTerms.php" line="16" assertions="20" time="0.357627"/>
    </testsuite>
    <testsuite name="Tests_Term_Slashes" file="/Users/nacin/Sites/develop.svn.wordpress.org/tests/tests/term/slashes.php" fullPackage="Tests.Term" tests="2" assertions="24" failures="0" errors="0" time="0.299334">
      <testcase name="test_wp_insert_term" class="Tests_Term_Slashes" file="/Users/nacin/Sites/develop.svn.wordpress.org/tests/tests/term/slashes.php" line="33" assertions="12" time="0.148023"/>
      <testcase name="test_wp_update_term" class="Tests_Term_Slashes" file="/Users/nacin/Sites/develop.svn.wordpress.org/tests/tests/term/slashes.php" line="81" assertions="12" time="0.151311"/>
    </testsuite>
    <testsuite name="Tests_Theme" file="/Users/nacin/Sites/develop.svn.wordpress.org/tests/tests/theme.php" fullPackage="Tests" tests="9" assertions="898" failures="0" errors="0" time="0.309466">
      <testcase name="test_wp_get_themes_default" class="Tests_Theme" file="/Users/nacin/Sites/develop.svn.wordpress.org/tests/tests/theme.php" line="27" assertions="4" time="0.018143"/>
      <testcase name="test_get_themes_default" class="Tests_Theme" file="/Users/nacin/Sites/develop.svn.wordpress.org/tests/tests/theme.php" line="37" assertions="5" time="0.015216"/>
      <testcase name="test_get_theme" class="Tests_Theme" file="/Users/nacin/Sites/develop.svn.wordpress.org/tests/tests/theme.php" line="47" assertions="15" time="0.015070"/>
      <testcase name="test_wp_get_theme" class="Tests_Theme" file="/Users/nacin/Sites/develop.svn.wordpress.org/tests/tests/theme.php" line="58" assertions="20" time="0.024172"/>
      <testcase name="test_get_themes_contents" class="Tests_Theme" file="/Users/nacin/Sites/develop.svn.wordpress.org/tests/tests/theme.php" line="70" assertions="455" time="0.036550"/>
      <testcase name="test_wp_get_theme_contents" class="Tests_Theme" file="/Users/nacin/Sites/develop.svn.wordpress.org/tests/tests/theme.php" line="135" assertions="13" time="0.016111"/>
      <testcase name="test_extra_theme_headers" class="Tests_Theme" file="/Users/nacin/Sites/develop.svn.wordpress.org/tests/tests/theme.php" line="158" assertions="6" time="0.015563"/>
      <testcase name="test_switch_theme" class="Tests_Theme" file="/Users/nacin/Sites/develop.svn.wordpress.org/tests/tests/theme.php" line="174" assertions="375" time="0.152126"/>
      <testcase name="test_switch_theme_bogus" class="Tests_Theme" file="/Users/nacin/Sites/develop.svn.wordpress.org/tests/tests/theme.php" line="248" assertions="5" time="0.016515"/>
    </testsuite>
    <testsuite name="Tests_Theme_WPTheme" file="/Users/nacin/Sites/develop.svn.wordpress.org/tests/tests/theme/WPTheme.php" fullPackage="Tests.Theme" tests="4" assertions="37" failures="0" errors="0" time="0.067509">
      <testcase name="test_new_WP_Theme_top_level" class="Tests_Theme_WPTheme" file="/Users/nacin/Sites/develop.svn.wordpress.org/tests/tests/theme/WPTheme.php" line="35" assertions="11" time="0.019756"/>
      <testcase name="test_new_WP_Theme_subdir" class="Tests_Theme_WPTheme" file="/Users/nacin/Sites/develop.svn.wordpress.org/tests/tests/theme/WPTheme.php" line="54" assertions="11" time="0.014554"/>
      <testcase name="test_new_WP_Theme_subdir_bad_root" class="Tests_Theme_WPTheme" file="/Users/nacin/Sites/develop.svn.wordpress.org/tests/tests/theme/WPTheme.php" line="76" assertions="11" time="0.015611"/>
      <testcase name="test_wp_theme_uris_with_spaces" class="Tests_Theme_WPTheme" file="/Users/nacin/Sites/develop.svn.wordpress.org/tests/tests/theme/WPTheme.php" line="99" assertions="4" time="0.017588"/>
    </testsuite>
    <testsuite name="Tests_Theme_Support" file="/Users/nacin/Sites/develop.svn.wordpress.org/tests/tests/theme/support.php" fullPackage="Tests.Theme" tests="4" assertions="22" failures="0" errors="0" time="0.008149">
      <testcase name="test_the_basics" class="Tests_Theme_Support" file="/Users/nacin/Sites/develop.svn.wordpress.org/tests/tests/theme/support.php" line="8" assertions="3" time="0.002014"/>
      <testcase name="test_admin_bar" class="Tests_Theme_Support" file="/Users/nacin/Sites/develop.svn.wordpress.org/tests/tests/theme/support.php" line="17" assertions="7" time="0.002329"/>
      <testcase name="test_post_thumbnails" class="Tests_Theme_Support" file="/Users/nacin/Sites/develop.svn.wordpress.org/tests/tests/theme/support.php" line="37" assertions="7" time="0.001700"/>
      <testcase name="test_plugin_hook" class="Tests_Theme_Support" file="/Users/nacin/Sites/develop.svn.wordpress.org/tests/tests/theme/support.php" line="87" assertions="5" time="0.002106"/>
    </testsuite>
    <testsuite name="Tests_Theme_ThemeDir" file="/Users/nacin/Sites/develop.svn.wordpress.org/tests/tests/theme/themeDir.php" fullPackage="Tests.Theme" tests="9" assertions="74" failures="0" errors="0" time="0.209697">
      <testcase name="test_theme_default" class="Tests_Theme_ThemeDir" file="/Users/nacin/Sites/develop.svn.wordpress.org/tests/tests/theme/themeDir.php" line="41" assertions="16" time="0.027855"/>
      <testcase name="test_theme_sandbox" class="Tests_Theme_ThemeDir" file="/Users/nacin/Sites/develop.svn.wordpress.org/tests/tests/theme/themeDir.php" line="68" assertions="15" time="0.023283"/>
      <testcase name="test_theme_stylesheet_only" class="Tests_Theme_ThemeDir" file="/Users/nacin/Sites/develop.svn.wordpress.org/tests/tests/theme/themeDir.php" line="95" assertions="15" time="0.025193"/>
      <testcase name="test_theme_list" class="Tests_Theme_ThemeDir" file="/Users/nacin/Sites/develop.svn.wordpress.org/tests/tests/theme/themeDir.php" line="122" assertions="1" time="0.020426"/>
      <testcase name="test_broken_themes" class="Tests_Theme_ThemeDir" file="/Users/nacin/Sites/develop.svn.wordpress.org/tests/tests/theme/themeDir.php" line="149" assertions="1" time="0.021326"/>
      <testcase name="test_wp_get_theme_with_non_default_theme_root" class="Tests_Theme_ThemeDir" file="/Users/nacin/Sites/develop.svn.wordpress.org/tests/tests/theme/themeDir.php" line="156" assertions="2" time="0.027908"/>
      <testcase name="test_page_templates" class="Tests_Theme_ThemeDir" file="/Users/nacin/Sites/develop.svn.wordpress.org/tests/tests/theme/themeDir.php" line="161" assertions="2" time="0.021689"/>
      <testcase name="test_get_theme_data_top_level" class="Tests_Theme_ThemeDir" file="/Users/nacin/Sites/develop.svn.wordpress.org/tests/tests/theme/themeDir.php" line="171" assertions="11" time="0.019266"/>
      <testcase name="test_get_theme_data_subdir" class="Tests_Theme_ThemeDir" file="/Users/nacin/Sites/develop.svn.wordpress.org/tests/tests/theme/themeDir.php" line="187" assertions="11" time="0.022751"/>
    </testsuite>
    <testsuite name="Tests_Theme_ThemeDirLarge" file="/Users/nacin/Sites/develop.svn.wordpress.org/tests/tests/theme/themeDirLarge.php" fullPackage="Tests.Theme" tests="2" assertions="12" failures="0" errors="0" time="0.188767">
      <testcase name="test_theme_list" class="Tests_Theme_ThemeDirLarge" file="/Users/nacin/Sites/develop.svn.wordpress.org/tests/tests/theme/themeDirLarge.php" line="41" assertions="9" time="0.108824"/>
      <testcase name="test_smaller_storage" class="Tests_Theme_ThemeDirLarge" file="/Users/nacin/Sites/develop.svn.wordpress.org/tests/tests/theme/themeDirLarge.php" line="63" assertions="3" time="0.079943"/>
    </testsuite>
    <testsuite name="Tests_Upload" file="/Users/nacin/Sites/develop.svn.wordpress.org/tests/tests/upload.php" fullPackage="Tests" tests="5" assertions="20" failures="0" errors="0" time="0.026795">
      <testcase name="test_upload_dir_default" class="Tests_Upload" file="/Users/nacin/Sites/develop.svn.wordpress.org/tests/tests/upload.php" line="34" assertions="4" time="0.004788"/>
      <testcase name="test_upload_dir_relative" class="Tests_Upload" file="/Users/nacin/Sites/develop.svn.wordpress.org/tests/tests/upload.php" line="43" assertions="4" time="0.006335"/>
      <testcase name="test_upload_dir_no_yearnum" class="Tests_Upload" file="/Users/nacin/Sites/develop.svn.wordpress.org/tests/tests/upload.php" line="69" assertions="4" time="0.005237"/>
      <testcase name="test_upload_path_absolute" class="Tests_Upload" file="/Users/nacin/Sites/develop.svn.wordpress.org/tests/tests/upload.php" line="78" assertions="4" time="0.005872"/>
      <testcase name="test_upload_dir_empty" class="Tests_Upload" file="/Users/nacin/Sites/develop.svn.wordpress.org/tests/tests/upload.php" line="87" assertions="4" time="0.004563"/>
    </testsuite>
    <testsuite name="Tests_URL" file="/Users/nacin/Sites/develop.svn.wordpress.org/tests/tests/url.php" fullPackage="Tests" tests="11" assertions="165" failures="0" errors="0" time="1.112740">
      <testcase name="test_is_ssl_positive" class="Tests_URL" file="/Users/nacin/Sites/develop.svn.wordpress.org/tests/tests/url.php" line="16" assertions="4" time="0.002145"/>
      <testcase name="test_is_ssl_negative" class="Tests_URL" file="/Users/nacin/Sites/develop.svn.wordpress.org/tests/tests/url.php" line="31" assertions="3" time="0.001936"/>
      <testcase name="test_admin_url_valid" class="Tests_URL" file="/Users/nacin/Sites/develop.svn.wordpress.org/tests/tests/url.php" line="42" assertions="14" time="0.005503"/>
      <testcase name="test_admin_url_invalid" class="Tests_URL" file="/Users/nacin/Sites/develop.svn.wordpress.org/tests/tests/url.php" line="66" assertions="8" time="0.004333"/>
      <testcase name="test_home_url_valid" class="Tests_URL" file="/Users/nacin/Sites/develop.svn.wordpress.org/tests/tests/url.php" line="87" assertions="14" time="0.005559"/>
      <testcase name="test_home_url_invalid" class="Tests_URL" file="/Users/nacin/Sites/develop.svn.wordpress.org/tests/tests/url.php" line="111" assertions="8" time="0.004541"/>
      <testcase name="test_home_url_from_admin" class="Tests_URL" file="/Users/nacin/Sites/develop.svn.wordpress.org/tests/tests/url.php" line="132" assertions="9" time="0.019908"/>
      <testcase name="test_network_home_url_from_admin" class="Tests_URL" file="/Users/nacin/Sites/develop.svn.wordpress.org/tests/tests/url.php" line="181" assertions="5" time="0.004847"/>
      <testcase name="test_set_url_scheme" class="Tests_URL" file="/Users/nacin/Sites/develop.svn.wordpress.org/tests/tests/url.php" line="206" assertions="68" time="0.005030"/>
      <testcase name="test_get_adjacent_post" class="Tests_URL" file="/Users/nacin/Sites/develop.svn.wordpress.org/tests/tests/url.php" line="278" assertions="6" time="1.044439"/>
      <testcase name="test_url_functions_for_dots_in_paths" class="Tests_URL" file="/Users/nacin/Sites/develop.svn.wordpress.org/tests/tests/url.php" line="313" assertions="26" time="0.014499"/>
    </testsuite>
    <testsuite name="Tests_User" file="/Users/nacin/Sites/develop.svn.wordpress.org/tests/tests/user.php" fullPackage="Tests" tests="24" assertions="156" failures="0" errors="0" time="1.694175">
      <testcase name="test_get_users_of_blog" class="Tests_User" file="/Users/nacin/Sites/develop.svn.wordpress.org/tests/tests/user.php" line="28" assertions="1" time="0.208035"/>
      <testcase name="test_user_option" class="Tests_User" file="/Users/nacin/Sites/develop.svn.wordpress.org/tests/tests/user.php" line="52" assertions="3" time="0.046301"/>
      <testcase name="test_usermeta" class="Tests_User" file="/Users/nacin/Sites/develop.svn.wordpress.org/tests/tests/user.php" line="73" assertions="6" time="0.050094"/>
      <testcase name="test_usermeta_array" class="Tests_User" file="/Users/nacin/Sites/develop.svn.wordpress.org/tests/tests/user.php" line="108" assertions="7" time="0.046756"/>
      <testcase name="test_user_properties" class="Tests_User" file="/Users/nacin/Sites/develop.svn.wordpress.org/tests/tests/user.php" line="146" assertions="21" time="0.046173"/>
      <testcase name="test_user_meta_properties" class="Tests_User" file="/Users/nacin/Sites/develop.svn.wordpress.org/tests/tests/user.php" line="199" assertions="2" time="0.044483"/>
      <testcase name="test_id_property_back_compat" class="Tests_User" file="/Users/nacin/Sites/develop.svn.wordpress.org/tests/tests/user.php" line="212" assertions="3" time="0.043239"/>
      <testcase name="test_user_level_property_back_compat" class="Tests_User" file="/Users/nacin/Sites/develop.svn.wordpress.org/tests/tests/user.php" line="227" assertions="10" time="0.241560"/>
      <testcase name="test_construction" class="Tests_User" file="/Users/nacin/Sites/develop.svn.wordpress.org/tests/tests/user.php" line="245" assertions="21" time="0.046435"/>
      <testcase name="test_get" class="Tests_User" file="/Users/nacin/Sites/develop.svn.wordpress.org/tests/tests/user.php" line="286" assertions="5" time="0.045998"/>
      <testcase name="test_has_prop" class="Tests_User" file="/Users/nacin/Sites/develop.svn.wordpress.org/tests/tests/user.php" line="304" assertions="4" time="0.056935"/>
      <testcase name="test_update_user" class="Tests_User" file="/Users/nacin/Sites/develop.svn.wordpress.org/tests/tests/user.php" line="321" assertions="15" time="0.104200"/>
      <testcase name="test_get_blogs_of_user" class="Tests_User" file="/Users/nacin/Sites/develop.svn.wordpress.org/tests/tests/user.php" line="374" assertions="3" time="0.058892"/>
      <testcase name="test_is_user_member_of_blog" class="Tests_User" file="/Users/nacin/Sites/develop.svn.wordpress.org/tests/tests/user.php" line="395" assertions="7" time="0.061875"/>
      <testcase name="test_global_userdata" class="Tests_User" file="/Users/nacin/Sites/develop.svn.wordpress.org/tests/tests/user.php" line="420" assertions="4" time="0.044608"/>
      <testcase name="test_global_userdata_is_null_when_logged_out" class="Tests_User" file="/Users/nacin/Sites/develop.svn.wordpress.org/tests/tests/user.php" line="437" assertions="1" time="0.002742"/>
      <testcase name="test_exists" class="Tests_User" file="/Users/nacin/Sites/develop.svn.wordpress.org/tests/tests/user.php" line="443" assertions="3" time="0.044074"/>
      <testcase name="test_global_authordata" class="Tests_User" file="/Users/nacin/Sites/develop.svn.wordpress.org/tests/tests/user.php" line="458" assertions="4" time="0.054827"/>
      <testcase name="test_delete_user" class="Tests_User" file="/Users/nacin/Sites/develop.svn.wordpress.org/tests/tests/user.php" line="488" assertions="13" time="0.134692"/>
      <testcase name="test_get_userdata" class="Tests_User" file="/Users/nacin/Sites/develop.svn.wordpress.org/tests/tests/user.php" line="545" assertions="4" time="0.002510"/>
      <testcase name="test_user_get_data_by_id" class="Tests_User" file="/Users/nacin/Sites/develop.svn.wordpress.org/tests/tests/user.php" line="552" assertions="9" time="0.049682"/>
      <testcase name="test_wp_delete_user_reassignment_clears_post_caches" class="Tests_User" file="/Users/nacin/Sites/develop.svn.wordpress.org/tests/tests/user.php" line="585" assertions="1" time="0.118343"/>
      <testcase name="test_count_many_users_posts" class="Tests_User" file="/Users/nacin/Sites/develop.svn.wordpress.org/tests/tests/user.php" line="601" assertions="8" time="0.136940"/>
      <testcase name="test_wp_update_user_on_nonexistent_users" class="Tests_User" file="/Users/nacin/Sites/develop.svn.wordpress.org/tests/tests/user.php" line="630" assertions="1" time="0.004781"/>
    </testsuite>
    <testsuite name="Tests_User_Author" file="/Users/nacin/Sites/develop.svn.wordpress.org/tests/tests/user/author.php" fullPackage="Tests.User" tests="3" assertions="17" failures="0" errors="0" time="0.173525">
      <testcase name="test_get_the_author" class="Tests_User_Author" file="/Users/nacin/Sites/develop.svn.wordpress.org/tests/tests/user/author.php" line="43" assertions="2" time="0.056958"/>
      <testcase name="test_get_the_author_meta" class="Tests_User_Author" file="/Users/nacin/Sites/develop.svn.wordpress.org/tests/tests/user/author.php" line="51" assertions="12" time="0.060611"/>
      <testcase name="test_get_the_author_meta_no_authordata" class="Tests_User_Author" file="/Users/nacin/Sites/develop.svn.wordpress.org/tests/tests/user/author.php" line="72" assertions="3" time="0.055956"/>
    </testsuite>
    <testsuite name="Tests_User_Capabilities" file="/Users/nacin/Sites/develop.svn.wordpress.org/tests/tests/user/capabilities.php" fullPackage="Tests.User" tests="21" assertions="212" failures="0" errors="0" time="1.635757">
      <testcase name="test_user_administrator" class="Tests_User_Capabilities" file="/Users/nacin/Sites/develop.svn.wordpress.org/tests/tests/user/capabilities.php" line="43" assertions="6" time="0.047577"/>
      <testcase name="test_user_editor" class="Tests_User_Capabilities" file="/Users/nacin/Sites/develop.svn.wordpress.org/tests/tests/user/capabilities.php" line="58" assertions="9" time="0.042308"/>
      <testcase name="test_user_author" class="Tests_User_Capabilities" file="/Users/nacin/Sites/develop.svn.wordpress.org/tests/tests/user/capabilities.php" line="78" assertions="9" time="0.045658"/>
      <testcase name="test_user_contributor" class="Tests_User_Capabilities" file="/Users/nacin/Sites/develop.svn.wordpress.org/tests/tests/user/capabilities.php" line="98" assertions="9" time="0.044245"/>
      <testcase name="test_user_subscriber" class="Tests_User_Capabilities" file="/Users/nacin/Sites/develop.svn.wordpress.org/tests/tests/user/capabilities.php" line="118" assertions="7" time="0.052139"/>
      <testcase name="test_bogus_role" class="Tests_User_Capabilities" file="/Users/nacin/Sites/develop.svn.wordpress.org/tests/tests/user/capabilities.php" line="137" assertions="3" time="0.047296"/>
      <testcase name="test_user_subscriber_contributor" class="Tests_User_Capabilities" file="/Users/nacin/Sites/develop.svn.wordpress.org/tests/tests/user/capabilities.php" line="150" assertions="10" time="0.052003"/>
      <testcase name="test_add_empty_role" class="Tests_User_Capabilities" file="/Users/nacin/Sites/develop.svn.wordpress.org/tests/tests/user/capabilities.php" line="176" assertions="8" time="0.050021"/>
      <testcase name="test_add_role" class="Tests_User_Capabilities" file="/Users/nacin/Sites/develop.svn.wordpress.org/tests/tests/user/capabilities.php" line="205" assertions="14" time="0.050180"/>
      <testcase name="test_role_add_cap" class="Tests_User_Capabilities" file="/Users/nacin/Sites/develop.svn.wordpress.org/tests/tests/user/capabilities.php" line="241" assertions="11" time="0.048098"/>
      <testcase name="test_role_remove_cap" class="Tests_User_Capabilities" file="/Users/nacin/Sites/develop.svn.wordpress.org/tests/tests/user/capabilities.php" line="279" assertions="8" time="0.054072"/>
      <testcase name="test_user_add_cap" class="Tests_User_Capabilities" file="/Users/nacin/Sites/develop.svn.wordpress.org/tests/tests/user/capabilities.php" line="314" assertions="14" time="0.087102"/>
      <testcase name="test_user_remove_cap" class="Tests_User_Capabilities" file="/Users/nacin/Sites/develop.svn.wordpress.org/tests/tests/user/capabilities.php" line="351" assertions="7" time="0.093422"/>
      <testcase name="test_user_level_update" class="Tests_User_Capabilities" file="/Users/nacin/Sites/develop.svn.wordpress.org/tests/tests/user/capabilities.php" line="382" assertions="6" time="0.056582"/>
      <testcase name="test_user_remove_all_caps" class="Tests_User_Capabilities" file="/Users/nacin/Sites/develop.svn.wordpress.org/tests/tests/user/capabilities.php" line="407" assertions="8" time="0.051545"/>
      <testcase name="test_post_meta_caps" class="Tests_User_Capabilities" file="/Users/nacin/Sites/develop.svn.wordpress.org/tests/tests/user/capabilities.php" line="447" assertions="35" time="0.244557"/>
      <testcase name="test_create_posts_caps" class="Tests_User_Capabilities" file="/Users/nacin/Sites/develop.svn.wordpress.org/tests/tests/user/capabilities.php" line="530" assertions="29" time="0.215004"/>
      <testcase name="test_page_meta_caps" class="Tests_User_Capabilities" file="/Users/nacin/Sites/develop.svn.wordpress.org/tests/tests/user/capabilities.php" line="592" assertions="11" time="0.216192"/>
      <testcase name="test_negative_caps" class="Tests_User_Capabilities" file="/Users/nacin/Sites/develop.svn.wordpress.org/tests/tests/user/capabilities.php" line="630" assertions="2" time="0.047549"/>
      <testcase name="test_set_role_same_role" class="Tests_User_Capabilities" file="/Users/nacin/Sites/develop.svn.wordpress.org/tests/tests/user/capabilities.php" line="641" assertions="3" time="0.045754"/>
      <testcase name="test_current_user_can_for_blog" class="Tests_User_Capabilities" file="/Users/nacin/Sites/develop.svn.wordpress.org/tests/tests/user/capabilities.php" line="650" assertions="3" time="0.044453"/>
    </testsuite>
    <testsuite name="Tests_User_MapMetaCap" file="/Users/nacin/Sites/develop.svn.wordpress.org/tests/tests/user/mapMetaCap.php" fullPackage="Tests.User" tests="8" assertions="44" failures="0" errors="0" time="0.757125">
      <testcase name="test_capability_type_post_with_no_extra_caps" class="Tests_User_MapMetaCap" file="/Users/nacin/Sites/develop.svn.wordpress.org/tests/tests/user/mapMetaCap.php" line="41" assertions="7" time="0.102209"/>
      <testcase name="test_custom_capability_type_with_map_meta_cap" class="Tests_User_MapMetaCap" file="/Users/nacin/Sites/develop.svn.wordpress.org/tests/tests/user/mapMetaCap.php" line="66" assertions="6" time="0.087505"/>
      <testcase name="test_capability_type_post_with_one_renamed_cap" class="Tests_User_MapMetaCap" file="/Users/nacin/Sites/develop.svn.wordpress.org/tests/tests/user/mapMetaCap.php" line="90" assertions="7" time="0.086753"/>
      <testcase name="test_capability_type_post_map_meta_cap_true_with_renamed_cap" class="Tests_User_MapMetaCap" file="/Users/nacin/Sites/develop.svn.wordpress.org/tests/tests/user/mapMetaCap.php" line="116" assertions="7" time="0.094741"/>
      <testcase name="test_capability_type_post_with_all_meta_caps_renamed" class="Tests_User_MapMetaCap" file="/Users/nacin/Sites/develop.svn.wordpress.org/tests/tests/user/mapMetaCap.php" line="146" assertions="7" time="0.104092"/>
      <testcase name="test_capability_type_post_with_all_meta_caps_renamed_mapped" class="Tests_User_MapMetaCap" file="/Users/nacin/Sites/develop.svn.wordpress.org/tests/tests/user/mapMetaCap.php" line="176" assertions="7" time="0.105658"/>
      <testcase name="test_unfiltered_html_cap" class="Tests_User_MapMetaCap" file="/Users/nacin/Sites/develop.svn.wordpress.org/tests/tests/user/mapMetaCap.php" line="207" assertions="1" time="0.088051"/>
      <testcase name="test_file_edit_caps_not_reliant_on_unfiltered_html_constant" class="Tests_User_MapMetaCap" file="/Users/nacin/Sites/develop.svn.wordpress.org/tests/tests/user/mapMetaCap.php" line="221" assertions="2" time="0.088116"/>
    </testsuite>
    <testsuite name="Tests_User_Query" file="/Users/nacin/Sites/develop.svn.wordpress.org/tests/tests/user/query.php" fullPackage="Tests.User" tests="4" assertions="35" failures="0" errors="0" time="0.583934">
      <testcase name="test_get_and_set" class="Tests_User_Query" file="/Users/nacin/Sites/develop.svn.wordpress.org/tests/tests/user/query.php" line="19" assertions="7" time="0.039975"/>
      <testcase name="test_include" class="Tests_User_Query" file="/Users/nacin/Sites/develop.svn.wordpress.org/tests/tests/user/query.php" line="37" assertions="1" time="0.042947"/>
      <testcase name="test_exclude" class="Tests_User_Query" file="/Users/nacin/Sites/develop.svn.wordpress.org/tests/tests/user/query.php" line="49" assertions="1" time="0.041581"/>
      <testcase name="test_get_all" class="Tests_User_Query" file="/Users/nacin/Sites/develop.svn.wordpress.org/tests/tests/user/query.php" line="60" assertions="26" time="0.459431"/>
    </testsuite>
    <testsuite name="Tests_User_Slashes" file="/Users/nacin/Sites/develop.svn.wordpress.org/tests/tests/user/slashes.php" fullPackage="Tests.User" tests="4" assertions="40" failures="0" errors="0" time="0.527536">
      <testcase name="test_add_user" class="Tests_User_Slashes" file="/Users/nacin/Sites/develop.svn.wordpress.org/tests/tests/user/slashes.php" line="35" assertions="10" time="0.139391"/>
      <testcase name="test_edit_user" class="Tests_User_Slashes" file="/Users/nacin/Sites/develop.svn.wordpress.org/tests/tests/user/slashes.php" line="85" assertions="10" time="0.136229"/>
      <testcase name="test_wp_insert_user" class="Tests_User_Slashes" file="/Users/nacin/Sites/develop.svn.wordpress.org/tests/tests/user/slashes.php" line="131" assertions="10" time="0.137987"/>
      <testcase name="test_wp_update_user" class="Tests_User_Slashes" file="/Users/nacin/Sites/develop.svn.wordpress.org/tests/tests/user/slashes.php" line="173" assertions="10" time="0.113929"/>
    </testsuite>
    <testsuite name="Tests_Widgets" file="/Users/nacin/Sites/develop.svn.wordpress.org/tests/tests/widgets.php" fullPackage="Tests" tests="6" assertions="6" failures="0" errors="0" time="0.013530">
      <testcase name="test_register_widget_core_widget" class="Tests_Widgets" file="/Users/nacin/Sites/develop.svn.wordpress.org/tests/tests/widgets.php" line="10" assertions="1" time="0.002387"/>
      <testcase name="test_unregister_widget_core_widget" class="Tests_Widgets" file="/Users/nacin/Sites/develop.svn.wordpress.org/tests/tests/widgets.php" line="21" assertions="1" time="0.001658"/>
      <testcase name="test_register_sidebars_single" class="Tests_Widgets" file="/Users/nacin/Sites/develop.svn.wordpress.org/tests/tests/widgets.php" line="31" assertions="1" time="0.002211"/>
      <testcase name="test_register_sidebars_multiple" class="Tests_Widgets" file="/Users/nacin/Sites/develop.svn.wordpress.org/tests/tests/widgets.php" line="41" assertions="1" time="0.002439"/>
      <testcase name="test_register_sidebar" class="Tests_Widgets" file="/Users/nacin/Sites/develop.svn.wordpress.org/tests/tests/widgets.php" line="59" assertions="1" time="0.002407"/>
      <testcase name="test_unregister_sidebar" class="Tests_Widgets" file="/Users/nacin/Sites/develop.svn.wordpress.org/tests/tests/widgets.php" line="69" assertions="1" time="0.002428"/>
    </testsuite>
    <testsuite name="Tests_XMLRPC_Basic" file="/Users/nacin/Sites/develop.svn.wordpress.org/tests/tests/xmlrpc/basic.php" fullPackage="Tests.XMLRPC" tests="2" assertions="6" failures="0" errors="0" time="0.082947">
      <testcase name="test_enabled" class="Tests_XMLRPC_Basic" file="/Users/nacin/Sites/develop.svn.wordpress.org/tests/tests/xmlrpc/basic.php" line="11" assertions="2" time="0.005837"/>
      <testcase name="test_login_pass_ok" class="Tests_XMLRPC_Basic" file="/Users/nacin/Sites/develop.svn.wordpress.org/tests/tests/xmlrpc/basic.php" line="19" assertions="4" time="0.077110"/>
    </testsuite>
    <testsuite name="Tests_XMLRPC_mt_getRecentPostTitles" file="/Users/nacin/Sites/develop.svn.wordpress.org/tests/tests/xmlrpc/mt/getRecentPostTitles.php" fullPackage="Tests.XMLRPC.mt" tests="4" assertions="7" failures="0" errors="0" time="0.273798">
      <testcase name="test_invalid_username_password" class="Tests_XMLRPC_mt_getRecentPostTitles" file="/Users/nacin/Sites/develop.svn.wordpress.org/tests/tests/xmlrpc/mt/getRecentPostTitles.php" line="8" assertions="2" time="0.005268"/>
      <testcase name="test_no_posts" class="Tests_XMLRPC_mt_getRecentPostTitles" file="/Users/nacin/Sites/develop.svn.wordpress.org/tests/tests/xmlrpc/mt/getRecentPostTitles.php" line="14" assertions="2" time="0.059611"/>
      <testcase name="test_no_editable_posts" class="Tests_XMLRPC_mt_getRecentPostTitles" file="/Users/nacin/Sites/develop.svn.wordpress.org/tests/tests/xmlrpc/mt/getRecentPostTitles.php" line="22" assertions="2" time="0.128496"/>
      <testcase name="test_date" class="Tests_XMLRPC_mt_getRecentPostTitles" file="/Users/nacin/Sites/develop.svn.wordpress.org/tests/tests/xmlrpc/mt/getRecentPostTitles.php" line="32" assertions="1" time="0.080423"/>
    </testsuite>
    <testsuite name="Tests_XMLRPC_mw_editPost" file="/Users/nacin/Sites/develop.svn.wordpress.org/tests/tests/xmlrpc/mw/editPost.php" fullPackage="Tests.XMLRPC.mw" tests="9" assertions="41" failures="0" errors="0" time="1.223612">
      <testcase name="test_invalid_username_password" class="Tests_XMLRPC_mw_editPost" file="/Users/nacin/Sites/develop.svn.wordpress.org/tests/tests/xmlrpc/mw/editPost.php" line="8" assertions="2" time="0.005642"/>
      <testcase name="test_edit_own_post" class="Tests_XMLRPC_mw_editPost" file="/Users/nacin/Sites/develop.svn.wordpress.org/tests/tests/xmlrpc/mw/editPost.php" line="15" assertions="3" time="0.096282"/>
      <testcase name="test_capable_edit_others_post" class="Tests_XMLRPC_mw_editPost" file="/Users/nacin/Sites/develop.svn.wordpress.org/tests/tests/xmlrpc/mw/editPost.php" line="30" assertions="3" time="0.150907"/>
      <testcase name="test_incapable_edit_others_post" class="Tests_XMLRPC_mw_editPost" file="/Users/nacin/Sites/develop.svn.wordpress.org/tests/tests/xmlrpc/mw/editPost.php" line="47" assertions="3" time="0.113272"/>
      <testcase name="test_capable_reassign_author" class="Tests_XMLRPC_mw_editPost" file="/Users/nacin/Sites/develop.svn.wordpress.org/tests/tests/xmlrpc/mw/editPost.php" line="65" assertions="3" time="0.195455"/>
      <testcase name="test_incapable_reassign_author" class="Tests_XMLRPC_mw_editPost" file="/Users/nacin/Sites/develop.svn.wordpress.org/tests/tests/xmlrpc/mw/editPost.php" line="82" assertions="3" time="0.125139"/>
      <testcase name="test_post_thumbnail" class="Tests_XMLRPC_mw_editPost" file="/Users/nacin/Sites/develop.svn.wordpress.org/tests/tests/xmlrpc/mw/editPost.php" line="98" assertions="10" time="0.232468"/>
      <testcase name="test_edit_basic_post_info" class="Tests_XMLRPC_mw_editPost" file="/Users/nacin/Sites/develop.svn.wordpress.org/tests/tests/xmlrpc/mw/editPost.php" line="153" assertions="12" time="0.223621"/>
      <testcase name="test_change_post_type" class="Tests_XMLRPC_mw_editPost" file="/Users/nacin/Sites/develop.svn.wordpress.org/tests/tests/xmlrpc/mw/editPost.php" line="188" assertions="2" time="0.080826"/>
    </testsuite>
    <testsuite name="Tests_XMLRPC_mw_getPost" file="/Users/nacin/Sites/develop.svn.wordpress.org/tests/tests/xmlrpc/mw/getPost.php" fullPackage="Tests.XMLRPC.mw" tests="6" assertions="49" failures="0" errors="0" time="0.628799">
      <testcase name="test_invalid_username_password" class="Tests_XMLRPC_mw_getPost" file="/Users/nacin/Sites/develop.svn.wordpress.org/tests/tests/xmlrpc/mw/getPost.php" line="26" assertions="2" time="0.058847"/>
      <testcase name="test_incapable_user" class="Tests_XMLRPC_mw_getPost" file="/Users/nacin/Sites/develop.svn.wordpress.org/tests/tests/xmlrpc/mw/getPost.php" line="32" assertions="2" time="0.152510"/>
      <testcase name="test_invalid_postid" class="Tests_XMLRPC_mw_getPost" file="/Users/nacin/Sites/develop.svn.wordpress.org/tests/tests/xmlrpc/mw/getPost.php" line="43" assertions="2" time="0.084735"/>
      <testcase name="test_valid_post" class="Tests_XMLRPC_mw_getPost" file="/Users/nacin/Sites/develop.svn.wordpress.org/tests/tests/xmlrpc/mw/getPost.php" line="49" assertions="29" time="0.122033"/>
      <testcase name="test_post_thumbnail" class="Tests_XMLRPC_mw_getPost" file="/Users/nacin/Sites/develop.svn.wordpress.org/tests/tests/xmlrpc/mw/getPost.php" line="93" assertions="5" time="0.102215"/>
      <testcase name="test_date" class="Tests_XMLRPC_mw_getPost" file="/Users/nacin/Sites/develop.svn.wordpress.org/tests/tests/xmlrpc/mw/getPost.php" line="123" assertions="9" time="0.108459"/>
    </testsuite>
    <testsuite name="Tests_XMLRPC_mw_getRecentPosts" file="/Users/nacin/Sites/develop.svn.wordpress.org/tests/tests/xmlrpc/mw/getRecentPosts.php" fullPackage="Tests.XMLRPC.mw" tests="6" assertions="49" failures="0" errors="0" time="0.601807">
      <testcase name="test_invalid_username_password" class="Tests_XMLRPC_mw_getRecentPosts" file="/Users/nacin/Sites/develop.svn.wordpress.org/tests/tests/xmlrpc/mw/getRecentPosts.php" line="26" assertions="2" time="0.081489"/>
      <testcase name="test_no_editing_privileges" class="Tests_XMLRPC_mw_getRecentPosts" file="/Users/nacin/Sites/develop.svn.wordpress.org/tests/tests/xmlrpc/mw/getRecentPosts.php" line="35" assertions="2" time="0.120358"/>
      <testcase name="test_no_editable_posts" class="Tests_XMLRPC_mw_getRecentPosts" file="/Users/nacin/Sites/develop.svn.wordpress.org/tests/tests/xmlrpc/mw/getRecentPosts.php" line="43" assertions="2" time="0.095521"/>
      <testcase name="test_valid_post" class="Tests_XMLRPC_mw_getRecentPosts" file="/Users/nacin/Sites/develop.svn.wordpress.org/tests/tests/xmlrpc/mw/getRecentPosts.php" line="51" assertions="29" time="0.083973"/>
      <testcase name="test_post_thumbnail" class="Tests_XMLRPC_mw_getRecentPosts" file="/Users/nacin/Sites/develop.svn.wordpress.org/tests/tests/xmlrpc/mw/getRecentPosts.php" line="98" assertions="5" time="0.087274"/>
      <testcase name="test_date" class="Tests_XMLRPC_mw_getRecentPosts" file="/Users/nacin/Sites/develop.svn.wordpress.org/tests/tests/xmlrpc/mw/getRecentPosts.php" line="133" assertions="9" time="0.133192"/>
    </testsuite>
    <testsuite name="Tests_XMLRPC_mw_newPost" file="/Users/nacin/Sites/develop.svn.wordpress.org/tests/tests/xmlrpc/mw/newPost.php" fullPackage="Tests.XMLRPC.mw" tests="14" assertions="32" failures="0" errors="0" time="1.122452">
      <testcase name="test_invalid_username_password" class="Tests_XMLRPC_mw_newPost" file="/Users/nacin/Sites/develop.svn.wordpress.org/tests/tests/xmlrpc/mw/newPost.php" line="8" assertions="2" time="0.007232"/>
      <testcase name="test_incapable_user" class="Tests_XMLRPC_mw_newPost" file="/Users/nacin/Sites/develop.svn.wordpress.org/tests/tests/xmlrpc/mw/newPost.php" line="15" assertions="2" time="0.064305"/>
      <testcase name="test_no_content" class="Tests_XMLRPC_mw_newPost" file="/Users/nacin/Sites/develop.svn.wordpress.org/tests/tests/xmlrpc/mw/newPost.php" line="24" assertions="3" time="0.070687"/>
      <testcase name="test_basic_content" class="Tests_XMLRPC_mw_newPost" file="/Users/nacin/Sites/develop.svn.wordpress.org/tests/tests/xmlrpc/mw/newPost.php" line="34" assertions="2" time="0.100163"/>
      <testcase name="test_ignore_id" class="Tests_XMLRPC_mw_newPost" file="/Users/nacin/Sites/develop.svn.wordpress.org/tests/tests/xmlrpc/mw/newPost.php" line="43" assertions="2" time="0.107907"/>
      <testcase name="test_capable_publish" class="Tests_XMLRPC_mw_newPost" file="/Users/nacin/Sites/develop.svn.wordpress.org/tests/tests/xmlrpc/mw/newPost.php" line="52" assertions="1" time="0.091187"/>
      <testcase name="test_incapable_publish" class="Tests_XMLRPC_mw_newPost" file="/Users/nacin/Sites/develop.svn.wordpress.org/tests/tests/xmlrpc/mw/newPost.php" line="60" assertions="2" time="0.065717"/>
      <testcase name="test_capable_other_author" class="Tests_XMLRPC_mw_newPost" file="/Users/nacin/Sites/develop.svn.wordpress.org/tests/tests/xmlrpc/mw/newPost.php" line="69" assertions="1" time="0.128104"/>
      <testcase name="test_incapable_other_author" class="Tests_XMLRPC_mw_newPost" file="/Users/nacin/Sites/develop.svn.wordpress.org/tests/tests/xmlrpc/mw/newPost.php" line="78" assertions="2" time="0.096098"/>
      <testcase name="test_invalid_author" class="Tests_XMLRPC_mw_newPost" file="/Users/nacin/Sites/develop.svn.wordpress.org/tests/tests/xmlrpc/mw/newPost.php" line="91" assertions="2" time="0.060739"/>
      <testcase name="test_empty_author" class="Tests_XMLRPC_mw_newPost" file="/Users/nacin/Sites/develop.svn.wordpress.org/tests/tests/xmlrpc/mw/newPost.php" line="100" assertions="4" time="0.087545"/>
      <testcase name="test_post_thumbnail" class="Tests_XMLRPC_mw_newPost" file="/Users/nacin/Sites/develop.svn.wordpress.org/tests/tests/xmlrpc/mw/newPost.php" line="113" assertions="3" time="0.106412"/>
      <testcase name="test_incapable_set_post_type_as_page" class="Tests_XMLRPC_mw_newPost" file="/Users/nacin/Sites/develop.svn.wordpress.org/tests/tests/xmlrpc/mw/newPost.php" line="140" assertions="2" time="0.058298"/>
      <testcase name="test_capable_set_post_type_as_page" class="Tests_XMLRPC_mw_newPost" file="/Users/nacin/Sites/develop.svn.wordpress.org/tests/tests/xmlrpc/mw/newPost.php" line="149" assertions="4" time="0.078058"/>
    </testsuite>
    <testsuite name="Tests_XMLRPC_wp_deletePost" file="/Users/nacin/Sites/develop.svn.wordpress.org/tests/tests/xmlrpc/wp/deletePost.php" fullPackage="Tests.XMLRPC.wp" tests="4" assertions="9" failures="0" errors="0" time="0.240442">
      <testcase name="test_invalid_username_password" class="Tests_XMLRPC_wp_deletePost" file="/Users/nacin/Sites/develop.svn.wordpress.org/tests/tests/xmlrpc/wp/deletePost.php" line="8" assertions="2" time="0.006033"/>
      <testcase name="test_invalid_post" class="Tests_XMLRPC_wp_deletePost" file="/Users/nacin/Sites/develop.svn.wordpress.org/tests/tests/xmlrpc/wp/deletePost.php" line="14" assertions="2" time="0.056797"/>
      <testcase name="test_incapable_user" class="Tests_XMLRPC_wp_deletePost" file="/Users/nacin/Sites/develop.svn.wordpress.org/tests/tests/xmlrpc/wp/deletePost.php" line="22" assertions="2" time="0.074201"/>
      <testcase name="test_post_deleted" class="Tests_XMLRPC_wp_deletePost" file="/Users/nacin/Sites/develop.svn.wordpress.org/tests/tests/xmlrpc/wp/deletePost.php" line="31" assertions="3" time="0.103411"/>
    </testsuite>
    <testsuite name="Tests_XMLRPC_wp_deleteTerm" file="/Users/nacin/Sites/develop.svn.wordpress.org/tests/tests/xmlrpc/wp/deleteTerm.php" fullPackage="Tests.XMLRPC.wp" tests="7" assertions="26" failures="0" errors="0" time="0.404288">
      <testcase name="test_invalid_username_password" class="Tests_XMLRPC_wp_deleteTerm" file="/Users/nacin/Sites/develop.svn.wordpress.org/tests/tests/xmlrpc/wp/deleteTerm.php" line="16" assertions="3" time="0.011433"/>
      <testcase name="test_empty_taxonomy" class="Tests_XMLRPC_wp_deleteTerm" file="/Users/nacin/Sites/develop.svn.wordpress.org/tests/tests/xmlrpc/wp/deleteTerm.php" line="22" assertions="4" time="0.061506"/>
      <testcase name="test_invalid_taxonomy" class="Tests_XMLRPC_wp_deleteTerm" file="/Users/nacin/Sites/develop.svn.wordpress.org/tests/tests/xmlrpc/wp/deleteTerm.php" line="31" assertions="4" time="0.060415"/>
      <testcase name="test_incapable_user" class="Tests_XMLRPC_wp_deleteTerm" file="/Users/nacin/Sites/develop.svn.wordpress.org/tests/tests/xmlrpc/wp/deleteTerm.php" line="40" assertions="4" time="0.062993"/>
      <testcase name="test_empty_term" class="Tests_XMLRPC_wp_deleteTerm" file="/Users/nacin/Sites/develop.svn.wordpress.org/tests/tests/xmlrpc/wp/deleteTerm.php" line="49" assertions="4" time="0.070759"/>
      <testcase name="test_invalid_term" class="Tests_XMLRPC_wp_deleteTerm" file="/Users/nacin/Sites/develop.svn.wordpress.org/tests/tests/xmlrpc/wp/deleteTerm.php" line="58" assertions="4" time="0.062845"/>
      <testcase name="test_term_deleted" class="Tests_XMLRPC_wp_deleteTerm" file="/Users/nacin/Sites/develop.svn.wordpress.org/tests/tests/xmlrpc/wp/deleteTerm.php" line="67" assertions="3" time="0.074337"/>
    </testsuite>
    <testsuite name="Tests_XMLRPC_wp_editPost" file="/Users/nacin/Sites/develop.svn.wordpress.org/tests/tests/xmlrpc/wp/editPost.php" fullPackage="Tests.XMLRPC.wp" tests="15" assertions="62" failures="0" errors="0" time="1.756621">
      <testcase name="test_invalid_username_password" class="Tests_XMLRPC_wp_editPost" file="/Users/nacin/Sites/develop.svn.wordpress.org/tests/tests/xmlrpc/wp/editPost.php" line="8" assertions="2" time="0.005843"/>
      <testcase name="test_edit_own_post" class="Tests_XMLRPC_wp_editPost" file="/Users/nacin/Sites/develop.svn.wordpress.org/tests/tests/xmlrpc/wp/editPost.php" line="14" assertions="3" time="0.160050"/>
      <testcase name="test_capable_edit_others_post" class="Tests_XMLRPC_wp_editPost" file="/Users/nacin/Sites/develop.svn.wordpress.org/tests/tests/xmlrpc/wp/editPost.php" line="30" assertions="3" time="0.140396"/>
      <testcase name="test_incapable_edit_others_post" class="Tests_XMLRPC_wp_editPost" file="/Users/nacin/Sites/develop.svn.wordpress.org/tests/tests/xmlrpc/wp/editPost.php" line="47" assertions="3" time="0.115252"/>
      <testcase name="test_capable_reassign_author" class="Tests_XMLRPC_wp_editPost" file="/Users/nacin/Sites/develop.svn.wordpress.org/tests/tests/xmlrpc/wp/editPost.php" line="65" assertions="3" time="0.185465"/>
      <testcase name="test_incapable_reassign_author" class="Tests_XMLRPC_wp_editPost" file="/Users/nacin/Sites/develop.svn.wordpress.org/tests/tests/xmlrpc/wp/editPost.php" line="82" assertions="3" time="0.115755"/>
      <testcase name="test_post_thumbnail" class="Tests_XMLRPC_wp_editPost" file="/Users/nacin/Sites/develop.svn.wordpress.org/tests/tests/xmlrpc/wp/editPost.php" line="98" assertions="16" time="0.269514"/>
      <testcase name="test_edit_custom_fields" class="Tests_XMLRPC_wp_editPost" file="/Users/nacin/Sites/develop.svn.wordpress.org/tests/tests/xmlrpc/wp/editPost.php" line="166" assertions="6" time="0.109265"/>
      <testcase name="test_capable_unsticky" class="Tests_XMLRPC_wp_editPost" file="/Users/nacin/Sites/develop.svn.wordpress.org/tests/tests/xmlrpc/wp/editPost.php" line="200" assertions="2" time="0.098414"/>
      <testcase name="test_password_transition_unsticky" class="Tests_XMLRPC_wp_editPost" file="/Users/nacin/Sites/develop.svn.wordpress.org/tests/tests/xmlrpc/wp/editPost.php" line="212" assertions="2" time="0.101726"/>
      <testcase name="test_if_not_modified_since" class="Tests_XMLRPC_wp_editPost" file="/Users/nacin/Sites/develop.svn.wordpress.org/tests/tests/xmlrpc/wp/editPost.php" line="224" assertions="5" time="0.111258"/>
      <testcase name="test_edit_attachment" class="Tests_XMLRPC_wp_editPost" file="/Users/nacin/Sites/develop.svn.wordpress.org/tests/tests/xmlrpc/wp/editPost.php" line="255" assertions="2" time="0.074038"/>
      <testcase name="test_use_invalid_post_status" class="Tests_XMLRPC_wp_editPost" file="/Users/nacin/Sites/develop.svn.wordpress.org/tests/tests/xmlrpc/wp/editPost.php" line="274" assertions="2" time="0.100749"/>
      <testcase name="test_loss_of_categories_on_edit" class="Tests_XMLRPC_wp_editPost" file="/Users/nacin/Sites/develop.svn.wordpress.org/tests/tests/xmlrpc/wp/editPost.php" line="294" assertions="4" time="0.103096"/>
      <testcase name="test_add_enclosure_if_new" class="Tests_XMLRPC_wp_editPost" file="/Users/nacin/Sites/develop.svn.wordpress.org/tests/tests/xmlrpc/wp/editPost.php" line="314" assertions="6" time="0.065800"/>
    </testsuite>
    <testsuite name="Tests_XMLRPC_wp_editProfile" file="/Users/nacin/Sites/develop.svn.wordpress.org/tests/tests/xmlrpc/wp/editProfile.php" fullPackage="Tests.XMLRPC.wp" tests="4" assertions="18" failures="0" errors="0" time="0.241133">
      <testcase name="test_invalid_username_password" class="Tests_XMLRPC_wp_editProfile" file="/Users/nacin/Sites/develop.svn.wordpress.org/tests/tests/xmlrpc/wp/editProfile.php" line="9" assertions="2" time="0.006412"/>
      <testcase name="test_subscriber_profile" class="Tests_XMLRPC_wp_editProfile" file="/Users/nacin/Sites/develop.svn.wordpress.org/tests/tests/xmlrpc/wp/editProfile.php" line="15" assertions="9" time="0.070796"/>
      <testcase name="test_ignore_password_change" class="Tests_XMLRPC_wp_editProfile" file="/Users/nacin/Sites/develop.svn.wordpress.org/tests/tests/xmlrpc/wp/editProfile.php" line="42" assertions="4" time="0.094976"/>
      <testcase name="test_ignore_email_change" class="Tests_XMLRPC_wp_editProfile" file="/Users/nacin/Sites/develop.svn.wordpress.org/tests/tests/xmlrpc/wp/editProfile.php" line="57" assertions="3" time="0.068949"/>
    </testsuite>
    <testsuite name="Tests_XMLRPC_wp_editTerm" file="/Users/nacin/Sites/develop.svn.wordpress.org/tests/tests/xmlrpc/wp/editTerm.php" fullPackage="Tests.XMLRPC.wp" tests="13" assertions="75" failures="0" errors="0" time="0.941884">
      <testcase name="test_invalid_username_password" class="Tests_XMLRPC_wp_editTerm" file="/Users/nacin/Sites/develop.svn.wordpress.org/tests/tests/xmlrpc/wp/editTerm.php" line="22" assertions="5" time="0.017491"/>
      <testcase name="test_empty_taxonomy" class="Tests_XMLRPC_wp_editTerm" file="/Users/nacin/Sites/develop.svn.wordpress.org/tests/tests/xmlrpc/wp/editTerm.php" line="28" assertions="6" time="0.073761"/>
      <testcase name="test_invalid_taxonomy" class="Tests_XMLRPC_wp_editTerm" file="/Users/nacin/Sites/develop.svn.wordpress.org/tests/tests/xmlrpc/wp/editTerm.php" line="37" assertions="6" time="0.067223"/>
      <testcase name="test_incapable_user" class="Tests_XMLRPC_wp_editTerm" file="/Users/nacin/Sites/develop.svn.wordpress.org/tests/tests/xmlrpc/wp/editTerm.php" line="46" assertions="6" time="0.070978"/>
      <testcase name="test_term_not_exists" class="Tests_XMLRPC_wp_editTerm" file="/Users/nacin/Sites/develop.svn.wordpress.org/tests/tests/xmlrpc/wp/editTerm.php" line="55" assertions="6" time="0.076170"/>
      <testcase name="test_empty_term" class="Tests_XMLRPC_wp_editTerm" file="/Users/nacin/Sites/develop.svn.wordpress.org/tests/tests/xmlrpc/wp/editTerm.php" line="64" assertions="6" time="0.072849"/>
      <testcase name="test_empty_term_name" class="Tests_XMLRPC_wp_editTerm" file="/Users/nacin/Sites/develop.svn.wordpress.org/tests/tests/xmlrpc/wp/editTerm.php" line="73" assertions="6" time="0.066290"/>
      <testcase name="test_parent_for_nonhierarchical" class="Tests_XMLRPC_wp_editTerm" file="/Users/nacin/Sites/develop.svn.wordpress.org/tests/tests/xmlrpc/wp/editTerm.php" line="82" assertions="6" time="0.108263"/>
      <testcase name="test_parent_empty" class="Tests_XMLRPC_wp_editTerm" file="/Users/nacin/Sites/develop.svn.wordpress.org/tests/tests/xmlrpc/wp/editTerm.php" line="91" assertions="6" time="0.095689"/>
      <testcase name="test_parent_invalid" class="Tests_XMLRPC_wp_editTerm" file="/Users/nacin/Sites/develop.svn.wordpress.org/tests/tests/xmlrpc/wp/editTerm.php" line="100" assertions="5" time="0.072253"/>
      <testcase name="test_parent_not_existing" class="Tests_XMLRPC_wp_editTerm" file="/Users/nacin/Sites/develop.svn.wordpress.org/tests/tests/xmlrpc/wp/editTerm.php" line="108" assertions="6" time="0.071674"/>
      <testcase name="test_parent_duplicate_slug" class="Tests_XMLRPC_wp_editTerm" file="/Users/nacin/Sites/develop.svn.wordpress.org/tests/tests/xmlrpc/wp/editTerm.php" line="117" assertions="6" time="0.078311"/>
      <testcase name="test_edit_all_fields" class="Tests_XMLRPC_wp_editTerm" file="/Users/nacin/Sites/develop.svn.wordpress.org/tests/tests/xmlrpc/wp/editTerm.php" line="127" assertions="5" time="0.070932"/>
    </testsuite>
    <testsuite name="Tests_XMLRPC_wp_getComment" file="/Users/nacin/Sites/develop.svn.wordpress.org/tests/tests/xmlrpc/wp/getComment.php" fullPackage="Tests.XMLRPC.wp" tests="5" assertions="35" failures="0" errors="0" time="0.353359">
      <testcase name="test_invalid_username_password" class="Tests_XMLRPC_wp_getComment" file="/Users/nacin/Sites/develop.svn.wordpress.org/tests/tests/xmlrpc/wp/getComment.php" line="38" assertions="2" time="0.026799"/>
      <testcase name="test_incapable_user" class="Tests_XMLRPC_wp_getComment" file="/Users/nacin/Sites/develop.svn.wordpress.org/tests/tests/xmlrpc/wp/getComment.php" line="44" assertions="2" time="0.078605"/>
      <testcase name="test_valid_comment" class="Tests_XMLRPC_wp_getComment" file="/Users/nacin/Sites/develop.svn.wordpress.org/tests/tests/xmlrpc/wp/getComment.php" line="52" assertions="26" time="0.083051"/>
      <testcase name="test_valid_child_comment" class="Tests_XMLRPC_wp_getComment" file="/Users/nacin/Sites/develop.svn.wordpress.org/tests/tests/xmlrpc/wp/getComment.php" line="88" assertions="3" time="0.083324"/>
      <testcase name="test_invalid_id" class="Tests_XMLRPC_wp_getComment" file="/Users/nacin/Sites/develop.svn.wordpress.org/tests/tests/xmlrpc/wp/getComment.php" line="98" assertions="2" time="0.081580"/>
    </testsuite>
    <testsuite name="Tests_XMLRPC_wp_getComments" file="/Users/nacin/Sites/develop.svn.wordpress.org/tests/tests/xmlrpc/wp/getComments.php" fullPackage="Tests.XMLRPC.wp" tests="5" assertions="30" failures="0" errors="0" time="0.623880">
      <testcase name="test_invalid_username_password" class="Tests_XMLRPC_wp_getComments" file="/Users/nacin/Sites/develop.svn.wordpress.org/tests/tests/xmlrpc/wp/getComments.php" line="16" assertions="2" time="0.068852"/>
      <testcase name="test_incapable_user" class="Tests_XMLRPC_wp_getComments" file="/Users/nacin/Sites/develop.svn.wordpress.org/tests/tests/xmlrpc/wp/getComments.php" line="22" assertions="2" time="0.132103"/>
      <testcase name="test_capable_user" class="Tests_XMLRPC_wp_getComments" file="/Users/nacin/Sites/develop.svn.wordpress.org/tests/tests/xmlrpc/wp/getComments.php" line="30" assertions="11" time="0.132606"/>
      <testcase name="test_post_filter" class="Tests_XMLRPC_wp_getComments" file="/Users/nacin/Sites/develop.svn.wordpress.org/tests/tests/xmlrpc/wp/getComments.php" line="42" assertions="11" time="0.132918"/>
      <testcase name="test_number_filter" class="Tests_XMLRPC_wp_getComments" file="/Users/nacin/Sites/develop.svn.wordpress.org/tests/tests/xmlrpc/wp/getComments.php" line="56" assertions="4" time="0.157401"/>
    </testsuite>
    <testsuite name="Tests_XMLRPC_wp_getMediaItem" file="/Users/nacin/Sites/develop.svn.wordpress.org/tests/tests/xmlrpc/wp/getMediaItem.php" fullPackage="Tests.XMLRPC.wp" tests="2" assertions="16" failures="0" errors="0" time="0.275056">
      <testcase name="test_invalid_username_password" class="Tests_XMLRPC_wp_getMediaItem" file="/Users/nacin/Sites/develop.svn.wordpress.org/tests/tests/xmlrpc/wp/getMediaItem.php" line="48" assertions="2" time="0.113463"/>
      <testcase name="test_valid_media_item" class="Tests_XMLRPC_wp_getMediaItem" file="/Users/nacin/Sites/develop.svn.wordpress.org/tests/tests/xmlrpc/wp/getMediaItem.php" line="54" assertions="14" time="0.161593"/>
    </testsuite>
    <testsuite name="Tests_XMLRPC_wp_getOptions" file="/Users/nacin/Sites/develop.svn.wordpress.org/tests/tests/xmlrpc/wp/getOptions.php" fullPackage="Tests.XMLRPC.wp" tests="5" assertions="113" failures="0" errors="0" time="0.246527">
      <testcase name="test_invalid_username_password" class="Tests_XMLRPC_wp_getOptions" file="/Users/nacin/Sites/develop.svn.wordpress.org/tests/tests/xmlrpc/wp/getOptions.php" line="8" assertions="2" time="0.006003"/>
      <testcase name="test_valid_username_password" class="Tests_XMLRPC_wp_getOptions" file="/Users/nacin/Sites/develop.svn.wordpress.org/tests/tests/xmlrpc/wp/getOptions.php" line="14" assertions="2" time="0.058472"/>
      <testcase name="test_option_value" class="Tests_XMLRPC_wp_getOptions" file="/Users/nacin/Sites/develop.svn.wordpress.org/tests/tests/xmlrpc/wp/getOptions.php" line="22" assertions="3" time="0.058436"/>
      <testcase name="test_option_values_subscriber" class="Tests_XMLRPC_wp_getOptions" file="/Users/nacin/Sites/develop.svn.wordpress.org/tests/tests/xmlrpc/wp/getOptions.php" line="35" assertions="53" time="0.061020"/>
      <testcase name="test_option_values_admin" class="Tests_XMLRPC_wp_getOptions" file="/Users/nacin/Sites/develop.svn.wordpress.org/tests/tests/xmlrpc/wp/getOptions.php" line="123" assertions="53" time="0.062596"/>
    </testsuite>
    <testsuite name="Tests_XMLRPC_wp_getPage" file="/Users/nacin/Sites/develop.svn.wordpress.org/tests/tests/xmlrpc/wp/getPage.php" fullPackage="Tests.XMLRPC.wp" tests="4" assertions="38" failures="0" errors="0" time="0.392352">
      <testcase name="test_invalid_username_password" class="Tests_XMLRPC_wp_getPage" file="/Users/nacin/Sites/develop.svn.wordpress.org/tests/tests/xmlrpc/wp/getPage.php" line="32" assertions="2" time="0.050826"/>
      <testcase name="test_invalid_pageid" class="Tests_XMLRPC_wp_getPage" file="/Users/nacin/Sites/develop.svn.wordpress.org/tests/tests/xmlrpc/wp/getPage.php" line="41" assertions="2" time="0.111746"/>
      <testcase name="test_valid_page" class="Tests_XMLRPC_wp_getPage" file="/Users/nacin/Sites/develop.svn.wordpress.org/tests/tests/xmlrpc/wp/getPage.php" line="49" assertions="29" time="0.113583"/>
      <testcase name="test_date" class="Tests_XMLRPC_wp_getPage" file="/Users/nacin/Sites/develop.svn.wordpress.org/tests/tests/xmlrpc/wp/getPage.php" line="88" assertions="5" time="0.116197"/>
    </testsuite>
    <testsuite name="Tests_XMLRPC_wp_getPageList" file="/Users/nacin/Sites/develop.svn.wordpress.org/tests/tests/xmlrpc/wp/getPageList.php" fullPackage="Tests.XMLRPC.wp" tests="3" assertions="9" failures="0" errors="0" time="0.255000">
      <testcase name="test_invalid_username_password" class="Tests_XMLRPC_wp_getPageList" file="/Users/nacin/Sites/develop.svn.wordpress.org/tests/tests/xmlrpc/wp/getPageList.php" line="26" assertions="2" time="0.047259"/>
      <testcase name="test_incapable_user" class="Tests_XMLRPC_wp_getPageList" file="/Users/nacin/Sites/develop.svn.wordpress.org/tests/tests/xmlrpc/wp/getPageList.php" line="32" assertions="2" time="0.103561"/>
      <testcase name="test_date" class="Tests_XMLRPC_wp_getPageList" file="/Users/nacin/Sites/develop.svn.wordpress.org/tests/tests/xmlrpc/wp/getPageList.php" line="40" assertions="5" time="0.104180"/>
    </testsuite>
    <testsuite name="Tests_XMLRPC_wp_getPages" file="/Users/nacin/Sites/develop.svn.wordpress.org/tests/tests/xmlrpc/wp/getPages.php" fullPackage="Tests.XMLRPC.wp" tests="4" assertions="8" failures="0" errors="0" time="0.463016">
      <testcase name="test_invalid_username_password" class="Tests_XMLRPC_wp_getPages" file="/Users/nacin/Sites/develop.svn.wordpress.org/tests/tests/xmlrpc/wp/getPages.php" line="28" assertions="2" time="0.086573"/>
      <testcase name="test_incapable_user" class="Tests_XMLRPC_wp_getPages" file="/Users/nacin/Sites/develop.svn.wordpress.org/tests/tests/xmlrpc/wp/getPages.php" line="34" assertions="2" time="0.151910"/>
      <testcase name="test_capable_user" class="Tests_XMLRPC_wp_getPages" file="/Users/nacin/Sites/develop.svn.wordpress.org/tests/tests/xmlrpc/wp/getPages.php" line="42" assertions="2" time="0.111070"/>
      <testcase name="test_semi_capable_user" class="Tests_XMLRPC_wp_getPages" file="/Users/nacin/Sites/develop.svn.wordpress.org/tests/tests/xmlrpc/wp/getPages.php" line="65" assertions="2" time="0.113463"/>
    </testsuite>
    <testsuite name="Tests_XMLRPC_wp_getPost" file="/Users/nacin/Sites/develop.svn.wordpress.org/tests/tests/xmlrpc/wp/getPost.php" fullPackage="Tests.XMLRPC.wp" tests="6" assertions="60" failures="0" errors="0" time="0.532158">
      <testcase name="test_invalid_username_password" class="Tests_XMLRPC_wp_getPost" file="/Users/nacin/Sites/develop.svn.wordpress.org/tests/tests/xmlrpc/wp/getPost.php" line="28" assertions="2" time="0.061893"/>
      <testcase name="test_valid_post" class="Tests_XMLRPC_wp_getPost" file="/Users/nacin/Sites/develop.svn.wordpress.org/tests/tests/xmlrpc/wp/getPost.php" line="34" assertions="32" time="0.081881"/>
      <testcase name="test_no_fields" class="Tests_XMLRPC_wp_getPost" file="/Users/nacin/Sites/develop.svn.wordpress.org/tests/tests/xmlrpc/wp/getPost.php" line="79" assertions="3" time="0.076393"/>
      <testcase name="test_default_fields" class="Tests_XMLRPC_wp_getPost" file="/Users/nacin/Sites/develop.svn.wordpress.org/tests/tests/xmlrpc/wp/getPost.php" line="89" assertions="5" time="0.089711"/>
      <testcase name="test_date" class="Tests_XMLRPC_wp_getPost" file="/Users/nacin/Sites/develop.svn.wordpress.org/tests/tests/xmlrpc/wp/getPost.php" line="99" assertions="9" time="0.081748"/>
      <testcase name="test_valid_page" class="Tests_XMLRPC_wp_getPost" file="/Users/nacin/Sites/develop.svn.wordpress.org/tests/tests/xmlrpc/wp/getPost.php" line="122" assertions="9" time="0.140532"/>
    </testsuite>
    <testsuite name="Tests_XMLRPC_wp_getPostType" file="/Users/nacin/Sites/develop.svn.wordpress.org/tests/tests/xmlrpc/wp/getPostType.php" fullPackage="Tests.XMLRPC.wp" tests="5" assertions="64" failures="0" errors="0" time="0.259795">
      <testcase name="test_invalid_username_password" class="Tests_XMLRPC_wp_getPostType" file="/Users/nacin/Sites/develop.svn.wordpress.org/tests/tests/xmlrpc/wp/getPostType.php" line="32" assertions="2" time="0.011243"/>
      <testcase name="test_invalid_post_type_name" class="Tests_XMLRPC_wp_getPostType" file="/Users/nacin/Sites/develop.svn.wordpress.org/tests/tests/xmlrpc/wp/getPostType.php" line="38" assertions="2" time="0.061119"/>
      <testcase name="test_valid_post_type_name" class="Tests_XMLRPC_wp_getPostType" file="/Users/nacin/Sites/develop.svn.wordpress.org/tests/tests/xmlrpc/wp/getPostType.php" line="46" assertions="1" time="0.059514"/>
      <testcase name="test_incapable_user" class="Tests_XMLRPC_wp_getPostType" file="/Users/nacin/Sites/develop.svn.wordpress.org/tests/tests/xmlrpc/wp/getPostType.php" line="53" assertions="2" time="0.062532"/>
      <testcase name="test_valid_type" class="Tests_XMLRPC_wp_getPostType" file="/Users/nacin/Sites/develop.svn.wordpress.org/tests/tests/xmlrpc/wp/getPostType.php" line="61" assertions="57" time="0.065387"/>
    </testsuite>
    <testsuite name="Tests_XMLRPC_wp_getPostTypes" file="/Users/nacin/Sites/develop.svn.wordpress.org/tests/tests/xmlrpc/wp/getPostTypes.php" fullPackage="Tests.XMLRPC.wp" tests="4" assertions="12" failures="0" errors="0" time="0.199953">
      <testcase name="test_invalid_username_password" class="Tests_XMLRPC_wp_getPostTypes" file="/Users/nacin/Sites/develop.svn.wordpress.org/tests/tests/xmlrpc/wp/getPostTypes.php" line="7" assertions="2" time="0.005306"/>
      <testcase name="test_incapable_user" class="Tests_XMLRPC_wp_getPostTypes" file="/Users/nacin/Sites/develop.svn.wordpress.org/tests/tests/xmlrpc/wp/getPostTypes.php" line="13" assertions="3" time="0.060909"/>
      <testcase name="test_capable_user" class="Tests_XMLRPC_wp_getPostTypes" file="/Users/nacin/Sites/develop.svn.wordpress.org/tests/tests/xmlrpc/wp/getPostTypes.php" line="22" assertions="3" time="0.062510"/>
      <testcase name="test_simple_filter" class="Tests_XMLRPC_wp_getPostTypes" file="/Users/nacin/Sites/develop.svn.wordpress.org/tests/tests/xmlrpc/wp/getPostTypes.php" line="31" assertions="4" time="0.071228"/>
    </testsuite>
    <testsuite name="Tests_XMLRPC_wp_getPosts" file="/Users/nacin/Sites/develop.svn.wordpress.org/tests/tests/xmlrpc/wp/getPosts.php" fullPackage="Tests.XMLRPC.wp" tests="7" assertions="64" failures="0" errors="0" time="1.321393">
      <testcase name="test_invalid_username_password" class="Tests_XMLRPC_wp_getPosts" file="/Users/nacin/Sites/develop.svn.wordpress.org/tests/tests/xmlrpc/wp/getPosts.php" line="8" assertions="2" time="0.005352"/>
      <testcase name="test_incapable_user" class="Tests_XMLRPC_wp_getPosts" file="/Users/nacin/Sites/develop.svn.wordpress.org/tests/tests/xmlrpc/wp/getPosts.php" line="17" assertions="4" time="0.077795"/>
      <testcase name="test_capable_user" class="Tests_XMLRPC_wp_getPosts" file="/Users/nacin/Sites/develop.svn.wordpress.org/tests/tests/xmlrpc/wp/getPosts.php" line="30" assertions="1" time="0.060770"/>
      <testcase name="test_invalid_post_type" class="Tests_XMLRPC_wp_getPosts" file="/Users/nacin/Sites/develop.svn.wordpress.org/tests/tests/xmlrpc/wp/getPosts.php" line="37" assertions="1" time="0.054070"/>
      <testcase name="test_filters" class="Tests_XMLRPC_wp_getPosts" file="/Users/nacin/Sites/develop.svn.wordpress.org/tests/tests/xmlrpc/wp/getPosts.php" line="45" assertions="41" time="0.887860"/>
      <testcase name="test_fields" class="Tests_XMLRPC_wp_getPosts" file="/Users/nacin/Sites/develop.svn.wordpress.org/tests/tests/xmlrpc/wp/getPosts.php" line="108" assertions="11" time="0.114912"/>
      <testcase name="test_search" class="Tests_XMLRPC_wp_getPosts" file="/Users/nacin/Sites/develop.svn.wordpress.org/tests/tests/xmlrpc/wp/getPosts.php" line="134" assertions="4" time="0.120634"/>
    </testsuite>
    <testsuite name="Tests_XMLRPC_wp_getProfile" file="/Users/nacin/Sites/develop.svn.wordpress.org/tests/tests/xmlrpc/wp/getProfile.php" fullPackage="Tests.XMLRPC.wp" tests="4" assertions="11" failures="0" errors="0" time="0.189933">
      <testcase name="test_invalid_username_password" class="Tests_XMLRPC_wp_getProfile" file="/Users/nacin/Sites/develop.svn.wordpress.org/tests/tests/xmlrpc/wp/getProfile.php" line="9" assertions="2" time="0.005794"/>
      <testcase name="test_subscriber" class="Tests_XMLRPC_wp_getProfile" file="/Users/nacin/Sites/develop.svn.wordpress.org/tests/tests/xmlrpc/wp/getProfile.php" line="15" assertions="3" time="0.065644"/>
      <testcase name="test_administrator" class="Tests_XMLRPC_wp_getProfile" file="/Users/nacin/Sites/develop.svn.wordpress.org/tests/tests/xmlrpc/wp/getProfile.php" line="24" assertions="3" time="0.060709"/>
      <testcase name="test_arbitrary_fields" class="Tests_XMLRPC_wp_getProfile" file="/Users/nacin/Sites/develop.svn.wordpress.org/tests/tests/xmlrpc/wp/getProfile.php" line="33" assertions="3" time="0.057786"/>
    </testsuite>
    <testsuite name="Tests_XMLRPC_wp_getRevisions" file="/Users/nacin/Sites/develop.svn.wordpress.org/tests/tests/xmlrpc/wp/getRevisions.php" fullPackage="Tests.XMLRPC.wp" tests="5" assertions="10" failures="0" errors="0" time="0.410821">
      <testcase name="test_invalid_username_password" class="Tests_XMLRPC_wp_getRevisions" file="/Users/nacin/Sites/develop.svn.wordpress.org/tests/tests/xmlrpc/wp/getRevisions.php" line="8" assertions="2" time="0.005985"/>
      <testcase name="test_incapable_user" class="Tests_XMLRPC_wp_getRevisions" file="/Users/nacin/Sites/develop.svn.wordpress.org/tests/tests/xmlrpc/wp/getRevisions.php" line="14" assertions="2" time="0.073992"/>
      <testcase name="test_capable_user" class="Tests_XMLRPC_wp_getRevisions" file="/Users/nacin/Sites/develop.svn.wordpress.org/tests/tests/xmlrpc/wp/getRevisions.php" line="24" assertions="1" time="0.076470"/>
      <testcase name="test_revision_count" class="Tests_XMLRPC_wp_getRevisions" file="/Users/nacin/Sites/develop.svn.wordpress.org/tests/tests/xmlrpc/wp/getRevisions.php" line="32" assertions="4" time="0.137956"/>
      <testcase name="test_revision_count_for_auto_draft_post_creation" class="Tests_XMLRPC_wp_getRevisions" file="/Users/nacin/Sites/develop.svn.wordpress.org/tests/tests/xmlrpc/wp/getRevisions.php" line="52" assertions="1" time="0.116418"/>
    </testsuite>
    <testsuite name="Tests_XMLRPC_wp_getTaxonomies" file="/Users/nacin/Sites/develop.svn.wordpress.org/tests/tests/xmlrpc/wp/getTaxonomies.php" fullPackage="Tests.XMLRPC.wp" tests="2" assertions="3" failures="0" errors="0" time="0.075695">
      <testcase name="test_invalid_username_password" class="Tests_XMLRPC_wp_getTaxonomies" file="/Users/nacin/Sites/develop.svn.wordpress.org/tests/tests/xmlrpc/wp/getTaxonomies.php" line="8" assertions="2" time="0.006161"/>
      <testcase name="test_taxonomy_validated" class="Tests_XMLRPC_wp_getTaxonomies" file="/Users/nacin/Sites/develop.svn.wordpress.org/tests/tests/xmlrpc/wp/getTaxonomies.php" line="14" assertions="1" time="0.069534"/>
    </testsuite>
    <testsuite name="Tests_XMLRPC_wp_getTaxonomy" file="/Users/nacin/Sites/develop.svn.wordpress.org/tests/tests/xmlrpc/wp/getTaxonomy.php" fullPackage="Tests.XMLRPC.wp" tests="6" assertions="21" failures="0" errors="0" time="0.302213">
      <testcase name="test_invalid_username_password" class="Tests_XMLRPC_wp_getTaxonomy" file="/Users/nacin/Sites/develop.svn.wordpress.org/tests/tests/xmlrpc/wp/getTaxonomy.php" line="8" assertions="2" time="0.005854"/>
      <testcase name="test_empty_taxonomy" class="Tests_XMLRPC_wp_getTaxonomy" file="/Users/nacin/Sites/develop.svn.wordpress.org/tests/tests/xmlrpc/wp/getTaxonomy.php" line="14" assertions="3" time="0.058818"/>
      <testcase name="test_invalid_taxonomy" class="Tests_XMLRPC_wp_getTaxonomy" file="/Users/nacin/Sites/develop.svn.wordpress.org/tests/tests/xmlrpc/wp/getTaxonomy.php" line="23" assertions="3" time="0.056668"/>
      <testcase name="test_incapable_user" class="Tests_XMLRPC_wp_getTaxonomy" file="/Users/nacin/Sites/develop.svn.wordpress.org/tests/tests/xmlrpc/wp/getTaxonomy.php" line="32" assertions="3" time="0.060526"/>
      <testcase name="test_taxonomy_validated" class="Tests_XMLRPC_wp_getTaxonomy" file="/Users/nacin/Sites/develop.svn.wordpress.org/tests/tests/xmlrpc/wp/getTaxonomy.php" line="41" assertions="1" time="0.058244"/>
      <testcase name="test_prepare_taxonomy" class="Tests_XMLRPC_wp_getTaxonomy" file="/Users/nacin/Sites/develop.svn.wordpress.org/tests/tests/xmlrpc/wp/getTaxonomy.php" line="48" assertions="9" time="0.062103"/>
    </testsuite>
    <testsuite name="Tests_XMLRPC_wp_getTerm" file="/Users/nacin/Sites/develop.svn.wordpress.org/tests/tests/xmlrpc/wp/getTerm.php" fullPackage="Tests.XMLRPC.wp" tests="7" assertions="40" failures="0" errors="0" time="0.382879">
      <testcase name="test_invalid_username_password" class="Tests_XMLRPC_wp_getTerm" file="/Users/nacin/Sites/develop.svn.wordpress.org/tests/tests/xmlrpc/wp/getTerm.php" line="16" assertions="3" time="0.009651"/>
      <testcase name="test_empty_taxonomy" class="Tests_XMLRPC_wp_getTerm" file="/Users/nacin/Sites/develop.svn.wordpress.org/tests/tests/xmlrpc/wp/getTerm.php" line="22" assertions="4" time="0.062378"/>
      <testcase name="test_invalid_taxonomy" class="Tests_XMLRPC_wp_getTerm" file="/Users/nacin/Sites/develop.svn.wordpress.org/tests/tests/xmlrpc/wp/getTerm.php" line="31" assertions="4" time="0.061220"/>
      <testcase name="test_incapable_user" class="Tests_XMLRPC_wp_getTerm" file="/Users/nacin/Sites/develop.svn.wordpress.org/tests/tests/xmlrpc/wp/getTerm.php" line="40" assertions="4" time="0.062541"/>
      <testcase name="test_empty_term" class="Tests_XMLRPC_wp_getTerm" file="/Users/nacin/Sites/develop.svn.wordpress.org/tests/tests/xmlrpc/wp/getTerm.php" line="50" assertions="4" time="0.062075"/>
      <testcase name="test_invalid_term" class="Tests_XMLRPC_wp_getTerm" file="/Users/nacin/Sites/develop.svn.wordpress.org/tests/tests/xmlrpc/wp/getTerm.php" line="59" assertions="4" time="0.061947"/>
      <testcase name="test_valid_term" class="Tests_XMLRPC_wp_getTerm" file="/Users/nacin/Sites/develop.svn.wordpress.org/tests/tests/xmlrpc/wp/getTerm.php" line="68" assertions="17" time="0.063067"/>
    </testsuite>
    <testsuite name="Tests_XMLRPC_wp_getTerms" file="/Users/nacin/Sites/develop.svn.wordpress.org/tests/tests/xmlrpc/wp/getTerms.php" fullPackage="Tests.XMLRPC.wp" tests="8" assertions="54" failures="0" errors="0" time="0.678570">
      <testcase name="test_invalid_username_password" class="Tests_XMLRPC_wp_getTerms" file="/Users/nacin/Sites/develop.svn.wordpress.org/tests/tests/xmlrpc/wp/getTerms.php" line="8" assertions="2" time="0.006104"/>
      <testcase name="test_empty_taxonomy" class="Tests_XMLRPC_wp_getTerms" file="/Users/nacin/Sites/develop.svn.wordpress.org/tests/tests/xmlrpc/wp/getTerms.php" line="14" assertions="3" time="0.063844"/>
      <testcase name="test_invalid_taxonomy" class="Tests_XMLRPC_wp_getTerms" file="/Users/nacin/Sites/develop.svn.wordpress.org/tests/tests/xmlrpc/wp/getTerms.php" line="23" assertions="3" time="0.060425"/>
      <testcase name="test_incapable_user" class="Tests_XMLRPC_wp_getTerms" file="/Users/nacin/Sites/develop.svn.wordpress.org/tests/tests/xmlrpc/wp/getTerms.php" line="32" assertions="3" time="0.058463"/>
      <testcase name="test_valid_terms" class="Tests_XMLRPC_wp_getTerms" file="/Users/nacin/Sites/develop.svn.wordpress.org/tests/tests/xmlrpc/wp/getTerms.php" line="41" assertions="11" time="0.062942"/>
      <testcase name="test_custom_taxonomy" class="Tests_XMLRPC_wp_getTerms" file="/Users/nacin/Sites/develop.svn.wordpress.org/tests/tests/xmlrpc/wp/getTerms.php" line="61" assertions="22" time="0.160376"/>
      <testcase name="test_term_ordering" class="Tests_XMLRPC_wp_getTerms" file="/Users/nacin/Sites/develop.svn.wordpress.org/tests/tests/xmlrpc/wp/getTerms.php" line="103" assertions="2" time="0.182356"/>
      <testcase name="test_terms_search" class="Tests_XMLRPC_wp_getTerms" file="/Users/nacin/Sites/develop.svn.wordpress.org/tests/tests/xmlrpc/wp/getTerms.php" line="127" assertions="8" time="0.084060"/>
    </testsuite>
    <testsuite name="Tests_XMLRPC_wp_getUser" file="/Users/nacin/Sites/develop.svn.wordpress.org/tests/tests/xmlrpc/wp/getUser.php" fullPackage="Tests.XMLRPC.wp" tests="8" assertions="44" failures="0" errors="0" time="0.754721">
      <testcase name="test_invalid_username_password" class="Tests_XMLRPC_wp_getUser" file="/Users/nacin/Sites/develop.svn.wordpress.org/tests/tests/xmlrpc/wp/getUser.php" line="26" assertions="2" time="0.044631"/>
      <testcase name="test_invalid_user" class="Tests_XMLRPC_wp_getUser" file="/Users/nacin/Sites/develop.svn.wordpress.org/tests/tests/xmlrpc/wp/getUser.php" line="32" assertions="2" time="0.061180"/>
      <testcase name="test_incapable_user" class="Tests_XMLRPC_wp_getUser" file="/Users/nacin/Sites/develop.svn.wordpress.org/tests/tests/xmlrpc/wp/getUser.php" line="38" assertions="2" time="0.133557"/>
      <testcase name="test_subscriber_self" class="Tests_XMLRPC_wp_getUser" file="/Users/nacin/Sites/develop.svn.wordpress.org/tests/tests/xmlrpc/wp/getUser.php" line="47" assertions="2" time="0.096281"/>
      <testcase name="test_valid_user" class="Tests_XMLRPC_wp_getUser" file="/Users/nacin/Sites/develop.svn.wordpress.org/tests/tests/xmlrpc/wp/getUser.php" line="55" assertions="27" time="0.117178"/>
      <testcase name="test_no_fields" class="Tests_XMLRPC_wp_getUser" file="/Users/nacin/Sites/develop.svn.wordpress.org/tests/tests/xmlrpc/wp/getUser.php" line="110" assertions="3" time="0.101875"/>
      <testcase name="test_basic_fields" class="Tests_XMLRPC_wp_getUser" file="/Users/nacin/Sites/develop.svn.wordpress.org/tests/tests/xmlrpc/wp/getUser.php" line="121" assertions="3" time="0.103977"/>
      <testcase name="test_arbitrary_fields" class="Tests_XMLRPC_wp_getUser" file="/Users/nacin/Sites/develop.svn.wordpress.org/tests/tests/xmlrpc/wp/getUser.php" line="132" assertions="3" time="0.096042"/>
    </testsuite>
    <testsuite name="Tests_XMLRPC_wp_getUsers" file="/Users/nacin/Sites/develop.svn.wordpress.org/tests/tests/xmlrpc/wp/getUsers.php" fullPackage="Tests.XMLRPC.wp" tests="7" assertions="31" failures="0" errors="0" time="1.036671">
      <testcase name="test_invalid_username_password" class="Tests_XMLRPC_wp_getUsers" file="/Users/nacin/Sites/develop.svn.wordpress.org/tests/tests/xmlrpc/wp/getUsers.php" line="9" assertions="2" time="0.006629"/>
      <testcase name="test_incapable_user" class="Tests_XMLRPC_wp_getUsers" file="/Users/nacin/Sites/develop.svn.wordpress.org/tests/tests/xmlrpc/wp/getUsers.php" line="15" assertions="2" time="0.056385"/>
      <testcase name="test_capable_user" class="Tests_XMLRPC_wp_getUsers" file="/Users/nacin/Sites/develop.svn.wordpress.org/tests/tests/xmlrpc/wp/getUsers.php" line="23" assertions="14" time="0.064008"/>
      <testcase name="test_invalid_role" class="Tests_XMLRPC_wp_getUsers" file="/Users/nacin/Sites/develop.svn.wordpress.org/tests/tests/xmlrpc/wp/getUsers.php" line="45" assertions="2" time="0.059998"/>
      <testcase name="test_role_filter" class="Tests_XMLRPC_wp_getUsers" file="/Users/nacin/Sites/develop.svn.wordpress.org/tests/tests/xmlrpc/wp/getUsers.php" line="56" assertions="5" time="0.167851"/>
      <testcase name="test_paging_filters" class="Tests_XMLRPC_wp_getUsers" file="/Users/nacin/Sites/develop.svn.wordpress.org/tests/tests/xmlrpc/wp/getUsers.php" line="77" assertions="1" time="0.619387"/>
      <testcase name="test_order_filters" class="Tests_XMLRPC_wp_getUsers" file="/Users/nacin/Sites/develop.svn.wordpress.org/tests/tests/xmlrpc/wp/getUsers.php" line="102" assertions="5" time="0.062413"/>
    </testsuite>
    <testsuite name="Tests_XMLRPC_wp_newPost" file="/Users/nacin/Sites/develop.svn.wordpress.org/tests/tests/xmlrpc/wp/newPost.php" fullPackage="Tests.XMLRPC.wp" tests="24" assertions="60" failures="0" errors="0" time="2.100758">
      <testcase name="test_invalid_username_password" class="Tests_XMLRPC_wp_newPost" file="/Users/nacin/Sites/develop.svn.wordpress.org/tests/tests/xmlrpc/wp/newPost.php" line="8" assertions="2" time="0.006022"/>
      <testcase name="test_incapable_user" class="Tests_XMLRPC_wp_newPost" file="/Users/nacin/Sites/develop.svn.wordpress.org/tests/tests/xmlrpc/wp/newPost.php" line="14" assertions="2" time="0.056576"/>
      <testcase name="test_no_content" class="Tests_XMLRPC_wp_newPost" file="/Users/nacin/Sites/develop.svn.wordpress.org/tests/tests/xmlrpc/wp/newPost.php" line="22" assertions="3" time="0.069201"/>
      <testcase name="test_basic_content" class="Tests_XMLRPC_wp_newPost" file="/Users/nacin/Sites/develop.svn.wordpress.org/tests/tests/xmlrpc/wp/newPost.php" line="31" assertions="2" time="0.088932"/>
      <testcase name="test_ignore_id" class="Tests_XMLRPC_wp_newPost" file="/Users/nacin/Sites/develop.svn.wordpress.org/tests/tests/xmlrpc/wp/newPost.php" line="40" assertions="2" time="0.096107"/>
      <testcase name="test_capable_publish" class="Tests_XMLRPC_wp_newPost" file="/Users/nacin/Sites/develop.svn.wordpress.org/tests/tests/xmlrpc/wp/newPost.php" line="49" assertions="1" time="0.094235"/>
      <testcase name="test_incapable_publish" class="Tests_XMLRPC_wp_newPost" file="/Users/nacin/Sites/develop.svn.wordpress.org/tests/tests/xmlrpc/wp/newPost.php" line="57" assertions="2" time="0.059698"/>
      <testcase name="test_capable_private" class="Tests_XMLRPC_wp_newPost" file="/Users/nacin/Sites/develop.svn.wordpress.org/tests/tests/xmlrpc/wp/newPost.php" line="66" assertions="1" time="0.087120"/>
      <testcase name="test_incapable_private" class="Tests_XMLRPC_wp_newPost" file="/Users/nacin/Sites/develop.svn.wordpress.org/tests/tests/xmlrpc/wp/newPost.php" line="74" assertions="2" time="0.062346"/>
      <testcase name="test_capable_other_author" class="Tests_XMLRPC_wp_newPost" file="/Users/nacin/Sites/develop.svn.wordpress.org/tests/tests/xmlrpc/wp/newPost.php" line="83" assertions="1" time="0.135867"/>
      <testcase name="test_incapable_other_author" class="Tests_XMLRPC_wp_newPost" file="/Users/nacin/Sites/develop.svn.wordpress.org/tests/tests/xmlrpc/wp/newPost.php" line="92" assertions="2" time="0.163820"/>
      <testcase name="test_invalid_author" class="Tests_XMLRPC_wp_newPost" file="/Users/nacin/Sites/develop.svn.wordpress.org/tests/tests/xmlrpc/wp/newPost.php" line="102" assertions="2" time="0.060824"/>
      <testcase name="test_empty_author" class="Tests_XMLRPC_wp_newPost" file="/Users/nacin/Sites/develop.svn.wordpress.org/tests/tests/xmlrpc/wp/newPost.php" line="111" assertions="4" time="0.088693"/>
      <testcase name="test_post_thumbnail" class="Tests_XMLRPC_wp_newPost" file="/Users/nacin/Sites/develop.svn.wordpress.org/tests/tests/xmlrpc/wp/newPost.php" line="124" assertions="3" time="0.103020"/>
      <testcase name="test_invalid_post_status" class="Tests_XMLRPC_wp_newPost" file="/Users/nacin/Sites/develop.svn.wordpress.org/tests/tests/xmlrpc/wp/newPost.php" line="151" assertions="2" time="0.084907"/>
      <testcase name="test_incapable_sticky" class="Tests_XMLRPC_wp_newPost" file="/Users/nacin/Sites/develop.svn.wordpress.org/tests/tests/xmlrpc/wp/newPost.php" line="160" assertions="2" time="0.065561"/>
      <testcase name="test_capable_sticky" class="Tests_XMLRPC_wp_newPost" file="/Users/nacin/Sites/develop.svn.wordpress.org/tests/tests/xmlrpc/wp/newPost.php" line="169" assertions="2" time="0.087312"/>
      <testcase name="test_private_sticky" class="Tests_XMLRPC_wp_newPost" file="/Users/nacin/Sites/develop.svn.wordpress.org/tests/tests/xmlrpc/wp/newPost.php" line="178" assertions="2" time="0.065045"/>
      <testcase name="test_post_format" class="Tests_XMLRPC_wp_newPost" file="/Users/nacin/Sites/develop.svn.wordpress.org/tests/tests/xmlrpc/wp/newPost.php" line="187" assertions="2" time="0.101755"/>
      <testcase name="test_invalid_post_format" class="Tests_XMLRPC_wp_newPost" file="/Users/nacin/Sites/develop.svn.wordpress.org/tests/tests/xmlrpc/wp/newPost.php" line="196" assertions="2" time="0.093671"/>
      <testcase name="test_invalid_taxonomy" class="Tests_XMLRPC_wp_newPost" file="/Users/nacin/Sites/develop.svn.wordpress.org/tests/tests/xmlrpc/wp/newPost.php" line="205" assertions="4" time="0.087803"/>
      <testcase name="test_invalid_term_id" class="Tests_XMLRPC_wp_newPost" file="/Users/nacin/Sites/develop.svn.wordpress.org/tests/tests/xmlrpc/wp/newPost.php" line="229" assertions="2" time="0.072829"/>
      <testcase name="test_terms" class="Tests_XMLRPC_wp_newPost" file="/Users/nacin/Sites/develop.svn.wordpress.org/tests/tests/xmlrpc/wp/newPost.php" line="243" assertions="7" time="0.112635"/>
      <testcase name="test_terms_names" class="Tests_XMLRPC_wp_newPost" file="/Users/nacin/Sites/develop.svn.wordpress.org/tests/tests/xmlrpc/wp/newPost.php" line="268" assertions="6" time="0.156779"/>
    </testsuite>
    <testsuite name="Tests_XMLRPC_wp_newTerm" file="/Users/nacin/Sites/develop.svn.wordpress.org/tests/tests/xmlrpc/wp/newTerm.php" fullPackage="Tests.XMLRPC.wp" tests="11" assertions="39" failures="0" errors="0" time="0.694329">
      <testcase name="test_invalid_username_password" class="Tests_XMLRPC_wp_newTerm" file="/Users/nacin/Sites/develop.svn.wordpress.org/tests/tests/xmlrpc/wp/newTerm.php" line="17" assertions="3" time="0.008627"/>
      <testcase name="test_empty_taxonomy" class="Tests_XMLRPC_wp_newTerm" file="/Users/nacin/Sites/develop.svn.wordpress.org/tests/tests/xmlrpc/wp/newTerm.php" line="23" assertions="4" time="0.067697"/>
      <testcase name="test_invalid_taxonomy" class="Tests_XMLRPC_wp_newTerm" file="/Users/nacin/Sites/develop.svn.wordpress.org/tests/tests/xmlrpc/wp/newTerm.php" line="32" assertions="4" time="0.066063"/>
      <testcase name="test_incapable_user" class="Tests_XMLRPC_wp_newTerm" file="/Users/nacin/Sites/develop.svn.wordpress.org/tests/tests/xmlrpc/wp/newTerm.php" line="41" assertions="4" time="0.061398"/>
      <testcase name="test_empty_term" class="Tests_XMLRPC_wp_newTerm" file="/Users/nacin/Sites/develop.svn.wordpress.org/tests/tests/xmlrpc/wp/newTerm.php" line="50" assertions="4" time="0.077704"/>
      <testcase name="test_parent_for_nonhierarchical" class="Tests_XMLRPC_wp_newTerm" file="/Users/nacin/Sites/develop.svn.wordpress.org/tests/tests/xmlrpc/wp/newTerm.php" line="59" assertions="4" time="0.062518"/>
      <testcase name="test_parent_invalid" class="Tests_XMLRPC_wp_newTerm" file="/Users/nacin/Sites/develop.svn.wordpress.org/tests/tests/xmlrpc/wp/newTerm.php" line="68" assertions="3" time="0.064258"/>
      <testcase name="test_parent_not_existing" class="Tests_XMLRPC_wp_newTerm" file="/Users/nacin/Sites/develop.svn.wordpress.org/tests/tests/xmlrpc/wp/newTerm.php" line="76" assertions="4" time="0.064635"/>
      <testcase name="test_add_term" class="Tests_XMLRPC_wp_newTerm" file="/Users/nacin/Sites/develop.svn.wordpress.org/tests/tests/xmlrpc/wp/newTerm.php" line="86" assertions="3" time="0.072415"/>
      <testcase name="test_add_term_with_parent" class="Tests_XMLRPC_wp_newTerm" file="/Users/nacin/Sites/develop.svn.wordpress.org/tests/tests/xmlrpc/wp/newTerm.php" line="94" assertions="3" time="0.072709"/>
      <testcase name="test_add_term_with_all" class="Tests_XMLRPC_wp_newTerm" file="/Users/nacin/Sites/develop.svn.wordpress.org/tests/tests/xmlrpc/wp/newTerm.php" line="102" assertions="3" time="0.076305"/>
    </testsuite>
    <testsuite name="Tests_XMLRPC_wp_restoreRevision" file="/Users/nacin/Sites/develop.svn.wordpress.org/tests/tests/xmlrpc/wp/restoreRevision.php" fullPackage="Tests.XMLRPC.wp" tests="4" assertions="7" failures="0" errors="0" time="0.364110">
      <testcase name="test_invalid_username_password" class="Tests_XMLRPC_wp_restoreRevision" file="/Users/nacin/Sites/develop.svn.wordpress.org/tests/tests/xmlrpc/wp/restoreRevision.php" line="24" assertions="2" time="0.039030"/>
      <testcase name="test_incapable_user" class="Tests_XMLRPC_wp_restoreRevision" file="/Users/nacin/Sites/develop.svn.wordpress.org/tests/tests/xmlrpc/wp/restoreRevision.php" line="30" assertions="2" time="0.091950"/>
      <testcase name="test_capable_user" class="Tests_XMLRPC_wp_restoreRevision" file="/Users/nacin/Sites/develop.svn.wordpress.org/tests/tests/xmlrpc/wp/restoreRevision.php" line="38" assertions="1" time="0.122607"/>
      <testcase name="test_revision_restored" class="Tests_XMLRPC_wp_restoreRevision" file="/Users/nacin/Sites/develop.svn.wordpress.org/tests/tests/xmlrpc/wp/restoreRevision.php" line="45" assertions="2" time="0.110523"/>
    </testsuite>
    <testsuite name="Tests_XMLRPC_wp_uploadFile" file="/Users/nacin/Sites/develop.svn.wordpress.org/tests/tests/xmlrpc/wp/uploadFile.php" fullPackage="Tests.XMLRPC.wp" tests="1" assertions="6" failures="0" errors="0" time="0.125643">
      <testcase name="test_valid_attachment" class="Tests_XMLRPC_wp_uploadFile" file="/Users/nacin/Sites/develop.svn.wordpress.org/tests/tests/xmlrpc/wp/uploadFile.php" line="8" assertions="6" time="0.125643"/>
    </testsuite>
    <testsuite name="Tests_Actions_Closures" file="/Users/nacin/Sites/develop.svn.wordpress.org/tests/tests/actions/closures.php" fullPackage="Tests.Actions" tests="1" assertions="4" failures="0" errors="0" time="0.003193">
      <testcase name="test_action_closure" class="Tests_Actions_Closures" file="/Users/nacin/Sites/develop.svn.wordpress.org/tests/tests/actions/closures.php" line="13" assertions="4" time="0.003193"/>
    </testsuite>
    <testsuite name="Tests_Image_Editor" file="/Users/nacin/Sites/develop.svn.wordpress.org/tests/tests/image/editor.php" fullPackage="Tests.Image" tests="6" assertions="15" failures="0" errors="0" time="0.007182">
      <testcase name="test_get_editor_load_returns_true" class="Tests_Image_Editor" file="/Users/nacin/Sites/develop.svn.wordpress.org/tests/tests/image/editor.php" line="26" assertions="1" time="0.001092"/>
      <testcase name="test_get_editor_load_returns_false" class="Tests_Image_Editor" file="/Users/nacin/Sites/develop.svn.wordpress.org/tests/tests/image/editor.php" line="36" assertions="1" time="0.001281"/>
      <testcase name="test_set_quality" class="Tests_Image_Editor" file="/Users/nacin/Sites/develop.svn.wordpress.org/tests/tests/image/editor.php" line="50" assertions="4" time="0.001249"/>
      <testcase name="test_generate_filename" class="Tests_Image_Editor" file="/Users/nacin/Sites/develop.svn.wordpress.org/tests/tests/image/editor.php" line="77" assertions="5" time="0.001407"/>
      <testcase name="test_get_size" class="Tests_Image_Editor" file="/Users/nacin/Sites/develop.svn.wordpress.org/tests/tests/image/editor.php" line="109" assertions="2" time="0.001112"/>
      <testcase name="test_get_suffix" class="Tests_Image_Editor" file="/Users/nacin/Sites/develop.svn.wordpress.org/tests/tests/image/editor.php" line="132" assertions="2" time="0.001041"/>
    </testsuite>
    <testsuite name="Tests_Image_Editor_GD" file="/Users/nacin/Sites/develop.svn.wordpress.org/tests/tests/image/editor_gd.php" fullPackage="Tests.Image.Editor" tests="8" assertions="10" failures="0" errors="0" time="0.011965">
      <testcase name="test_supports_mime_type" class="Tests_Image_Editor_GD" file="/Users/nacin/Sites/develop.svn.wordpress.org/tests/tests/image/editor_gd.php" line="23" assertions="3" time="0.000266"/>
      <testcase name="test_resize" class="Tests_Image_Editor_GD" file="/Users/nacin/Sites/develop.svn.wordpress.org/tests/tests/image/editor_gd.php" line="35" assertions="1" time="0.001443"/>
      <testcase name="test_resize_and_crop" class="Tests_Image_Editor_GD" file="/Users/nacin/Sites/develop.svn.wordpress.org/tests/tests/image/editor_gd.php" line="51" assertions="1" time="0.001320"/>
      <testcase name="test_crop" class="Tests_Image_Editor_GD" file="/Users/nacin/Sites/develop.svn.wordpress.org/tests/tests/image/editor_gd.php" line="66" assertions="1" time="0.001091"/>
      <testcase name="test_rotate" class="Tests_Image_Editor_GD" file="/Users/nacin/Sites/develop.svn.wordpress.org/tests/tests/image/editor_gd.php" line="82" assertions="1" time="0.001039"/>
      <testcase name="test_flip" class="Tests_Image_Editor_GD" file="/Users/nacin/Sites/develop.svn.wordpress.org/tests/tests/image/editor_gd.php" line="102" assertions="1" time="0.001586"/>
      <testcase name="test_image_preserves_alpha_on_resize" class="Tests_Image_Editor_GD" file="/Users/nacin/Sites/develop.svn.wordpress.org/tests/tests/image/editor_gd.php" line="124" assertions="1" time="0.002712"/>
      <testcase name="test_image_preserves_alpha" class="Tests_Image_Editor_GD" file="/Users/nacin/Sites/develop.svn.wordpress.org/tests/tests/image/editor_gd.php" line="144" assertions="1" time="0.002508"/>
    </testsuite>
    <testsuite name="Tests_Image_Editor_Imagick" file="/Users/nacin/Sites/develop.svn.wordpress.org/tests/tests/image/editor_imagick.php" fullPackage="Tests.Image.Editor" tests="0" assertions="0" failures="0" errors="0" time="0.000000"/>
  </testsuite>
</testsuites>
